{"/Users/chenchen/working/sourcecode/tools/dev-tools/eket/node/src/api/openclaw-gateway.ts": {"path":"/Users/chenchen/working/sourcecode/tools/dev-tools/eket/node/src/api/openclaw-gateway.ts","statementMap":{"0":{"start":{"line":9,"column":0},"end":{"line":9,"column":76}},"1":{"start":{"line":10,"column":0},"end":{"line":10,"column":54}},"2":{"start":{"line":11,"column":0},"end":{"line":11,"column":46}},"3":{"start":{"line":12,"column":0},"end":{"line":12,"column":48}},"4":{"start":{"line":13,"column":0},"end":{"line":13,"column":50}},"5":{"start":{"line":14,"column":0},"end":{"line":14,"column":54}},"6":{"start":{"line":28,"column":4},"end":{"line":28,"column":25}},"7":{"start":{"line":29,"column":4},"end":{"line":29,"column":25}},"8":{"start":{"line":30,"column":4},"end":{"line":30,"column":22}},"9":{"start":{"line":35,"column":4},"end":{"line":35,"column":33}},"10":{"start":{"line":36,"column":4},"end":{"line":36,"column":57}},"11":{"start":{"line":39,"column":4},"end":{"line":39,"column":65}},"12":{"start":{"line":42,"column":4},"end":{"line":42,"column":53}},"13":{"start":{"line":43,"column":4},"end":{"line":43,"column":45}},"14":{"start":{"line":44,"column":4},"end":{"line":44,"column":47}},"15":{"start":{"line":45,"column":4},"end":{"line":45,"column":49}},"16":{"start":{"line":48,"column":4},"end":{"line":54,"column":7}},"17":{"start":{"line":49,"column":6},"end":{"line":53,"column":9}},"18":{"start":{"line":57,"column":4},"end":{"line":63,"column":7}},"19":{"start":{"line":58,"column":6},"end":{"line":58,"column":54}},"20":{"start":{"line":59,"column":6},"end":{"line":62,"column":9}},"21":{"start":{"line":67,"column":4},"end":{"line":81,"column":7}},"22":{"start":{"line":68,"column":21},"end":{"line":76,"column":8}},"23":{"start":{"line":69,"column":8},"end":{"line":69,"column":107}},"24":{"start":{"line":70,"column":8},"end":{"line":70,"column":57}},"25":{"start":{"line":71,"column":8},"end":{"line":71,"column":65}},"26":{"start":{"line":72,"column":8},"end":{"line":72,"column":61}},"27":{"start":{"line":73,"column":8},"end":{"line":73,"column":62}},"28":{"start":{"line":74,"column":8},"end":{"line":74,"column":63}},"29":{"start":{"line":75,"column":8},"end":{"line":75,"column":18}},"30":{"start":{"line":78,"column":6},"end":{"line":80,"column":9}},"31":{"start":{"line":79,"column":8},"end":{"line":79,"column":20}},"32":{"start":{"line":23,"column":0},"end":{"line":23,"column":13}}},"fnMap":{"0":{"name":"(anonymous_1)","decl":{"start":{"line":27,"column":2},"end":{"line":27,"column":14}},"loc":{"start":{"line":27,"column":43},"end":{"line":31,"column":3}}},"1":{"name":"(anonymous_2)","decl":{"start":{"line":33,"column":10},"end":{"line":33,"column":20}},"loc":{"start":{"line":33,"column":20},"end":{"line":64,"column":3}}},"2":{"name":"(anonymous_3)","decl":{"start":{"line":48,"column":28},"end":{"line":48,"column":29}},"loc":{"start":{"line":48,"column":61},"end":{"line":54,"column":5}}},"3":{"name":"(anonymous_4)","decl":{"start":{"line":57,"column":17},"end":{"line":57,"column":18}},"loc":{"start":{"line":57,"column":83},"end":{"line":63,"column":5}}},"4":{"name":"(anonymous_5)","decl":{"start":{"line":66,"column":9},"end":{"line":66,"column":14}},"loc":{"start":{"line":66,"column":14},"end":{"line":82,"column":3}}},"5":{"name":"(anonymous_6)","decl":{"start":{"line":67,"column":23},"end":{"line":67,"column":24}},"loc":{"start":{"line":67,"column":43},"end":{"line":81,"column":5}}},"6":{"name":"(anonymous_7)","decl":{"start":{"line":68,"column":73},"end":{"line":68,"column":76}},"loc":{"start":{"line":68,"column":78},"end":{"line":76,"column":7}}},"7":{"name":"(anonymous_8)","decl":{"start":{"line":78,"column":25},"end":{"line":78,"column":26}},"loc":{"start":{"line":78,"column":40},"end":{"line":80,"column":7}}}},"branchMap":{},"s":{"0":1,"1":1,"2":1,"3":1,"4":1,"5":1,"6":21,"7":21,"8":21,"9":21,"10":21,"11":21,"12":21,"13":21,"14":21,"15":21,"16":21,"17":0,"18":21,"19":0,"20":0,"21":19,"22":19,"23":19,"24":19,"25":19,"26":19,"27":19,"28":19,"29":19,"30":19,"31":19,"32":1},"f":{"0":21,"1":21,"2":0,"3":0,"4":19,"5":19,"6":19,"7":19},"b":{}}
,"/Users/chenchen/working/sourcecode/tools/dev-tools/eket/node/src/api/middleware/api-key-manager.ts": {"path":"/Users/chenchen/working/sourcecode/tools/dev-tools/eket/node/src/api/middleware/api-key-manager.ts","statementMap":{"0":{"start":{"line":217,"column":0},"end":{"line":217,"column":16}},"1":{"start":{"line":9,"column":0},"end":{"line":9,"column":33}},"2":{"start":{"line":39,"column":42},"end":{"line":39,"column":51}},"3":{"start":{"line":40,"column":45},"end":{"line":40,"column":54}},"4":{"start":{"line":44,"column":4},"end":{"line":48,"column":6}},"5":{"start":{"line":58,"column":16},"end":{"line":58,"column":73}},"6":{"start":{"line":61,"column":18},"end":{"line":61,"column":64}},"7":{"start":{"line":64,"column":20},"end":{"line":64,"column":37}},"8":{"start":{"line":67,"column":16},"end":{"line":67,"column":26}},"9":{"start":{"line":68,"column":32},"end":{"line":75,"column":6}},"10":{"start":{"line":78,"column":4},"end":{"line":78,"column":34}},"11":{"start":{"line":79,"column":4},"end":{"line":79,"column":41}},"12":{"start":{"line":82,"column":4},"end":{"line":82,"column":26}},"13":{"start":{"line":89,"column":4},"end":{"line":91,"column":5}},"14":{"start":{"line":90,"column":6},"end":{"line":90,"column":55}},"15":{"start":{"line":93,"column":20},"end":{"line":93,"column":37}},"16":{"start":{"line":94,"column":18},"end":{"line":94,"column":47}},"17":{"start":{"line":96,"column":4},"end":{"line":98,"column":5}},"18":{"start":{"line":97,"column":6},"end":{"line":97,"column":50}},"19":{"start":{"line":100,"column":20},"end":{"line":100,"column":40}},"20":{"start":{"line":101,"column":4},"end":{"line":103,"column":5}},"21":{"start":{"line":102,"column":6},"end":{"line":102,"column":50}},"22":{"start":{"line":106,"column":4},"end":{"line":108,"column":5}},"23":{"start":{"line":107,"column":6},"end":{"line":107,"column":48}},"24":{"start":{"line":111,"column":4},"end":{"line":113,"column":5}},"25":{"start":{"line":112,"column":6},"end":{"line":112,"column":48}},"26":{"start":{"line":116,"column":4},"end":{"line":116,"column":36}},"27":{"start":{"line":118,"column":4},"end":{"line":118,"column":36}},"28":{"start":{"line":125,"column":20},"end":{"line":125,"column":40}},"29":{"start":{"line":126,"column":4},"end":{"line":128,"column":5}},"30":{"start":{"line":127,"column":6},"end":{"line":127,"column":19}},"31":{"start":{"line":130,"column":4},"end":{"line":130,"column":27}},"32":{"start":{"line":131,"column":4},"end":{"line":131,"column":35}},"33":{"start":{"line":132,"column":4},"end":{"line":132,"column":35}},"34":{"start":{"line":134,"column":4},"end":{"line":134,"column":16}},"35":{"start":{"line":141,"column":23},"end":{"line":141,"column":43}},"36":{"start":{"line":142,"column":4},"end":{"line":144,"column":5}},"37":{"start":{"line":143,"column":6},"end":{"line":143,"column":18}},"38":{"start":{"line":147,"column":4},"end":{"line":147,"column":37}},"39":{"start":{"line":150,"column":4},"end":{"line":150,"column":68}},"40":{"start":{"line":157,"column":20},"end":{"line":157,"column":40}},"41":{"start":{"line":158,"column":4},"end":{"line":160,"column":5}},"42":{"start":{"line":159,"column":6},"end":{"line":159,"column":18}},"43":{"start":{"line":163,"column":37},"end":{"line":163,"column":44}},"44":{"start":{"line":164,"column":4},"end":{"line":164,"column":20}},"45":{"start":{"line":171,"column":4},"end":{"line":171,"column":78}},"46":{"start":{"line":171,"column":72},"end":{"line":171,"column":76}},"47":{"start":{"line":178,"column":16},"end":{"line":178,"column":26}},"48":{"start":{"line":179,"column":18},"end":{"line":179,"column":19}},"49":{"start":{"line":181,"column":4},"end":{"line":187,"column":5}},"50":{"start":{"line":182,"column":6},"end":{"line":186,"column":7}},"51":{"start":{"line":183,"column":8},"end":{"line":183,"column":49}},"52":{"start":{"line":184,"column":8},"end":{"line":184,"column":32}},"53":{"start":{"line":185,"column":8},"end":{"line":185,"column":18}},"54":{"start":{"line":189,"column":4},"end":{"line":189,"column":19}},"55":{"start":{"line":196,"column":4},"end":{"line":199,"column":21}},"56":{"start":{"line":207,"column":4},"end":{"line":210,"column":8}},"57":{"start":{"line":207,"column":73},"end":{"line":210,"column":6}},"58":{"start":{"line":38,"column":0},"end":{"line":38,"column":13}},"59":{"start":{"line":218,"column":2},"end":{"line":218,"column":35}}},"fnMap":{"0":{"name":"(anonymous_9)","decl":{"start":{"line":43,"column":2},"end":{"line":43,"column":14}},"loc":{"start":{"line":43,"column":46},"end":{"line":49,"column":3}}},"1":{"name":"(anonymous_10)","decl":{"start":{"line":56,"column":2},"end":{"line":56,"column":13}},"loc":{"start":{"line":56,"column":49},"end":{"line":83,"column":3}}},"2":{"name":"(anonymous_11)","decl":{"start":{"line":88,"column":2},"end":{"line":88,"column":13}},"loc":{"start":{"line":88,"column":25},"end":{"line":119,"column":3}}},"3":{"name":"(anonymous_12)","decl":{"start":{"line":124,"column":2},"end":{"line":124,"column":11}},"loc":{"start":{"line":124,"column":42},"end":{"line":135,"column":3}}},"4":{"name":"(anonymous_13)","decl":{"start":{"line":140,"column":2},"end":{"line":140,"column":11}},"loc":{"start":{"line":140,"column":40},"end":{"line":151,"column":3}}},"5":{"name":"(anonymous_14)","decl":{"start":{"line":156,"column":2},"end":{"line":156,"column":12}},"loc":{"start":{"line":156,"column":26},"end":{"line":165,"column":3}}},"6":{"name":"(anonymous_15)","decl":{"start":{"line":170,"column":2},"end":{"line":170,"column":10}},"loc":{"start":{"line":170,"column":10},"end":{"line":172,"column":3}}},"7":{"name":"(anonymous_16)","decl":{"start":{"line":171,"column":46},"end":{"line":171,"column":47}},"loc":{"start":{"line":171,"column":72},"end":{"line":171,"column":76}}},"8":{"name":"(anonymous_17)","decl":{"start":{"line":177,"column":2},"end":{"line":177,"column":16}},"loc":{"start":{"line":177,"column":16},"end":{"line":190,"column":3}}},"9":{"name":"(anonymous_18)","decl":{"start":{"line":195,"column":10},"end":{"line":195,"column":17}},"loc":{"start":{"line":195,"column":29},"end":{"line":200,"column":3}}},"10":{"name":"(anonymous_19)","decl":{"start":{"line":206,"column":2},"end":{"line":206,"column":16}},"loc":{"start":{"line":206,"column":16},"end":{"line":211,"column":3}}},"11":{"name":"(anonymous_20)","decl":{"start":{"line":207,"column":46},"end":{"line":207,"column":47}},"loc":{"start":{"line":207,"column":73},"end":{"line":210,"column":6}}},"12":{"name":"createApiKeyManager","decl":{"start":{"line":217,"column":16},"end":{"line":217,"column":35}},"loc":{"start":{"line":217,"column":64},"end":{"line":219,"column":1}}}},"branchMap":{"0":{"loc":{"start":{"line":43,"column":14},"end":{"line":43,"column":46}},"type":"default-arg","locations":[{"start":{"line":43,"column":44},"end":{"line":43,"column":46}}]},"1":{"loc":{"start":{"line":45,"column":17},"end":{"line":45,"column":39}},"type":"binary-expr","locations":[{"start":{"line":45,"column":17},"end":{"line":45,"column":33}},{"start":{"line":45,"column":37},"end":{"line":45,"column":39}}]},"2":{"loc":{"start":{"line":46,"column":24},"end":{"line":46,"column":52}},"type":"binary-expr","locations":[{"start":{"line":46,"column":24},"end":{"line":46,"column":47}},{"start":{"line":46,"column":51},"end":{"line":46,"column":52}}]},"3":{"loc":{"start":{"line":47,"column":21},"end":{"line":47,"column":53}},"type":"binary-expr","locations":[{"start":{"line":47,"column":21},"end":{"line":47,"column":41}},{"start":{"line":47,"column":45},"end":{"line":47,"column":53}}]},"4":{"loc":{"start":{"line":56,"column":28},"end":{"line":56,"column":49}},"type":"default-arg","locations":[{"start":{"line":56,"column":48},"end":{"line":56,"column":49}}]},"5":{"loc":{"start":{"line":73,"column":17},"end":{"line":73,"column":60}},"type":"cond-expr","locations":[{"start":{"line":73,"column":33},"end":{"line":73,"column":48}},{"start":{"line":73,"column":51},"end":{"line":73,"column":60}}]},"6":{"loc":{"start":{"line":89,"column":4},"end":{"line":91,"column":5}},"type":"if","locations":[{"start":{"line":89,"column":4},"end":{"line":91,"column":5}}]},"7":{"loc":{"start":{"line":89,"column":8},"end":{"line":89,"column":58}},"type":"binary-expr","locations":[{"start":{"line":89,"column":8},"end":{"line":89,"column":12}},{"start":{"line":89,"column":16},"end":{"line":89,"column":39}},{"start":{"line":89,"column":43},"end":{"line":89,"column":58}}]},"8":{"loc":{"start":{"line":96,"column":4},"end":{"line":98,"column":5}},"type":"if","locations":[{"start":{"line":96,"column":4},"end":{"line":98,"column":5}}]},"9":{"loc":{"start":{"line":101,"column":4},"end":{"line":103,"column":5}},"type":"if","locations":[{"start":{"line":101,"column":4},"end":{"line":103,"column":5}}]},"10":{"loc":{"start":{"line":106,"column":4},"end":{"line":108,"column":5}},"type":"if","locations":[{"start":{"line":106,"column":4},"end":{"line":108,"column":5}}]},"11":{"loc":{"start":{"line":111,"column":4},"end":{"line":113,"column":5}},"type":"if","locations":[{"start":{"line":111,"column":4},"end":{"line":113,"column":5}}]},"12":{"loc":{"start":{"line":111,"column":8},"end":{"line":111,"column":59}},"type":"binary-expr","locations":[{"start":{"line":111,"column":8},"end":{"line":111,"column":25}},{"start":{"line":111,"column":29},"end":{"line":111,"column":59}}]},"13":{"loc":{"start":{"line":126,"column":4},"end":{"line":128,"column":5}},"type":"if","locations":[{"start":{"line":126,"column":4},"end":{"line":128,"column":5}}]},"14":{"loc":{"start":{"line":142,"column":4},"end":{"line":144,"column":5}},"type":"if","locations":[{"start":{"line":142,"column":4},"end":{"line":144,"column":5}}]},"15":{"loc":{"start":{"line":150,"column":28},"end":{"line":150,"column":66}},"type":"binary-expr","locations":[{"start":{"line":150,"column":28},"end":{"line":150,"column":32}},{"start":{"line":150,"column":36},"end":{"line":150,"column":66}}]},"16":{"loc":{"start":{"line":158,"column":4},"end":{"line":160,"column":5}},"type":"if","locations":[{"start":{"line":158,"column":4},"end":{"line":160,"column":5}}]},"17":{"loc":{"start":{"line":182,"column":6},"end":{"line":186,"column":7}},"type":"if","locations":[{"start":{"line":182,"column":6},"end":{"line":186,"column":7}}]},"18":{"loc":{"start":{"line":182,"column":10},"end":{"line":182,"column":54}},"type":"binary-expr","locations":[{"start":{"line":182,"column":10},"end":{"line":182,"column":27}},{"start":{"line":182,"column":31},"end":{"line":182,"column":54}}]}},"s":{"0":1,"1":1,"2":5,"3":5,"4":5,"5":8,"6":8,"7":8,"8":8,"9":8,"10":8,"11":8,"12":8,"13":5,"14":1,"15":4,"16":4,"17":4,"18":0,"19":4,"20":4,"21":0,"22":4,"23":1,"24":3,"25":1,"26":2,"27":2,"28":1,"29":1,"30":0,"31":1,"32":1,"33":1,"34":1,"35":0,"36":0,"37":0,"38":0,"39":0,"40":1,"41":1,"42":0,"43":1,"44":1,"45":0,"46":0,"47":0,"48":0,"49":0,"50":0,"51":0,"52":0,"53":0,"54":0,"55":12,"56":0,"57":0,"58":1,"59":5},"f":{"0":5,"1":8,"2":5,"3":1,"4":0,"5":1,"6":0,"7":0,"8":0,"9":12,"10":0,"11":0,"12":5},"b":{"0":[5],"1":[5,5],"2":[5,5],"3":[5,5],"4":[7],"5":[1,7],"6":[1],"7":[5,5,5],"8":[0],"9":[0],"10":[1],"11":[1],"12":[3,1],"13":[0],"14":[0],"15":[0,0],"16":[0],"17":[0],"18":[0,0]}}
,"/Users/chenchen/working/sourcecode/tools/dev-tools/eket/node/src/api/middleware/auth.ts": {"path":"/Users/chenchen/working/sourcecode/tools/dev-tools/eket/node/src/api/middleware/auth.ts","statementMap":{"0":{"start":{"line":35,"column":0},"end":{"line":35,"column":16}},"1":{"start":{"line":145,"column":0},"end":{"line":145,"column":16}},"2":{"start":{"line":36,"column":2},"end":{"line":139,"column":4}},"3":{"start":{"line":37,"column":23},"end":{"line":37,"column":48}},"4":{"start":{"line":40,"column":4},"end":{"line":46,"column":5}},"5":{"start":{"line":41,"column":6},"end":{"line":44,"column":9}},"6":{"start":{"line":45,"column":6},"end":{"line":45,"column":13}},"7":{"start":{"line":48,"column":26},"end":{"line":48,"column":47}},"8":{"start":{"line":50,"column":4},"end":{"line":56,"column":5}},"9":{"start":{"line":51,"column":6},"end":{"line":54,"column":9}},"10":{"start":{"line":55,"column":6},"end":{"line":55,"column":13}},"11":{"start":{"line":59,"column":4},"end":{"line":81,"column":5}},"12":{"start":{"line":60,"column":21},"end":{"line":60,"column":61}},"13":{"start":{"line":62,"column":6},"end":{"line":75,"column":7}},"14":{"start":{"line":63,"column":27},"end":{"line":63,"column":65}},"15":{"start":{"line":64,"column":8},"end":{"line":73,"column":11}},"16":{"start":{"line":74,"column":8},"end":{"line":74,"column":15}},"17":{"start":{"line":78,"column":7},"end":{"line":78,"column":47}},"18":{"start":{"line":79,"column":6},"end":{"line":79,"column":13}},"19":{"start":{"line":80,"column":6},"end":{"line":80,"column":13}},"20":{"start":{"line":84,"column":4},"end":{"line":103,"column":5}},"21":{"start":{"line":86,"column":28},"end":{"line":86,"column":79}},"22":{"start":{"line":87,"column":6},"end":{"line":91,"column":7}},"23":{"start":{"line":88,"column":8},"end":{"line":90,"column":10}},"24":{"start":{"line":93,"column":6},"end":{"line":99,"column":7}},"25":{"start":{"line":94,"column":8},"end":{"line":97,"column":11}},"26":{"start":{"line":98,"column":8},"end":{"line":98,"column":15}},"27":{"start":{"line":101,"column":6},"end":{"line":101,"column":13}},"28":{"start":{"line":102,"column":6},"end":{"line":102,"column":13}},"29":{"start":{"line":106,"column":4},"end":{"line":131,"column":5}},"30":{"start":{"line":107,"column":25},"end":{"line":107,"column":65}},"31":{"start":{"line":108,"column":24},"end":{"line":108,"column":47}},"32":{"start":{"line":110,"column":6},"end":{"line":119,"column":7}},"33":{"start":{"line":111,"column":8},"end":{"line":113,"column":10}},"34":{"start":{"line":114,"column":8},"end":{"line":117,"column":11}},"35":{"start":{"line":118,"column":8},"end":{"line":118,"column":15}},"36":{"start":{"line":121,"column":6},"end":{"line":127,"column":7}},"37":{"start":{"line":122,"column":8},"end":{"line":125,"column":11}},"38":{"start":{"line":126,"column":8},"end":{"line":126,"column":15}},"39":{"start":{"line":129,"column":6},"end":{"line":129,"column":13}},"40":{"start":{"line":130,"column":6},"end":{"line":130,"column":13}},"41":{"start":{"line":134,"column":4},"end":{"line":134,"column":68}},"42":{"start":{"line":135,"column":4},"end":{"line":138,"column":7}},"43":{"start":{"line":146,"column":2},"end":{"line":146,"column":36}}},"fnMap":{"0":{"name":"authMiddleware","decl":{"start":{"line":35,"column":16},"end":{"line":35,"column":30}},"loc":{"start":{"line":35,"column":66},"end":{"line":140,"column":1}}},"1":{"name":"(anonymous_1)","decl":{"start":{"line":36,"column":9},"end":{"line":36,"column":10}},"loc":{"start":{"line":36,"column":67},"end":{"line":139,"column":3}}},"2":{"name":"legacyAuthMiddleware","decl":{"start":{"line":145,"column":16},"end":{"line":145,"column":36}},"loc":{"start":{"line":145,"column":51},"end":{"line":147,"column":1}}}},"branchMap":{"0":{"loc":{"start":{"line":35,"column":31},"end":{"line":35,"column":66}},"type":"default-arg","locations":[{"start":{"line":35,"column":64},"end":{"line":35,"column":66}}]},"1":{"loc":{"start":{"line":40,"column":4},"end":{"line":46,"column":5}},"type":"if","locations":[{"start":{"line":40,"column":4},"end":{"line":46,"column":5}}]},"2":{"loc":{"start":{"line":50,"column":4},"end":{"line":56,"column":5}},"type":"if","locations":[{"start":{"line":50,"column":4},"end":{"line":56,"column":5}}]},"3":{"loc":{"start":{"line":59,"column":4},"end":{"line":81,"column":5}},"type":"if","locations":[{"start":{"line":59,"column":4},"end":{"line":81,"column":5}}]},"4":{"loc":{"start":{"line":62,"column":6},"end":{"line":75,"column":7}},"type":"if","locations":[{"start":{"line":62,"column":6},"end":{"line":75,"column":7}}]},"5":{"loc":{"start":{"line":63,"column":27},"end":{"line":63,"column":65}},"type":"cond-expr","locations":[{"start":{"line":63,"column":56},"end":{"line":63,"column":59}},{"start":{"line":63,"column":62},"end":{"line":63,"column":65}}]},"6":{"loc":{"start":{"line":65,"column":17},"end":{"line":65,"column":74}},"type":"cond-expr","locations":[{"start":{"line":65,"column":46},"end":{"line":65,"column":57}},{"start":{"line":65,"column":60},"end":{"line":65,"column":74}}]},"7":{"loc":{"start":{"line":67,"column":12},"end":{"line":71,"column":33}},"type":"cond-expr","locations":[{"start":{"line":68,"column":16},"end":{"line":68,"column":37}},{"start":{"line":69,"column":16},"end":{"line":71,"column":33}}]},"8":{"loc":{"start":{"line":69,"column":16},"end":{"line":71,"column":33}},"type":"cond-expr","locations":[{"start":{"line":70,"column":16},"end":{"line":70,"column":42}},{"start":{"line":71,"column":16},"end":{"line":71,"column":33}}]},"9":{"loc":{"start":{"line":84,"column":4},"end":{"line":103,"column":5}},"type":"if","locations":[{"start":{"line":84,"column":4},"end":{"line":103,"column":5}}]},"10":{"loc":{"start":{"line":87,"column":6},"end":{"line":91,"column":7}},"type":"if","locations":[{"start":{"line":87,"column":6},"end":{"line":91,"column":7}}]},"11":{"loc":{"start":{"line":93,"column":6},"end":{"line":99,"column":7}},"type":"if","locations":[{"start":{"line":93,"column":6},"end":{"line":99,"column":7}}]},"12":{"loc":{"start":{"line":106,"column":4},"end":{"line":131,"column":5}},"type":"if","locations":[{"start":{"line":106,"column":4},"end":{"line":131,"column":5}}]},"13":{"loc":{"start":{"line":107,"column":25},"end":{"line":107,"column":65}},"type":"binary-expr","locations":[{"start":{"line":107,"column":25},"end":{"line":107,"column":43}},{"start":{"line":107,"column":47},"end":{"line":107,"column":65}}]},"14":{"loc":{"start":{"line":110,"column":6},"end":{"line":119,"column":7}},"type":"if","locations":[{"start":{"line":110,"column":6},"end":{"line":119,"column":7}}]},"15":{"loc":{"start":{"line":121,"column":6},"end":{"line":127,"column":7}},"type":"if","locations":[{"start":{"line":121,"column":6},"end":{"line":127,"column":7}}]}},"s":{"0":6,"1":6,"2":146,"3":144,"4":144,"5":3,"6":3,"7":141,"8":141,"9":1,"10":1,"11":140,"12":5,"13":5,"14":3,"15":3,"16":3,"17":2,"18":2,"19":2,"20":135,"21":130,"22":130,"23":0,"24":130,"25":3,"26":3,"27":127,"28":127,"29":5,"30":5,"31":5,"32":5,"33":2,"34":2,"35":2,"36":3,"37":1,"38":1,"39":2,"40":2,"41":0,"42":0,"43":0},"f":{"0":146,"1":144,"2":0},"b":{"0":[0],"1":[3],"2":[1],"3":[5],"4":[3],"5":[1,2],"6":[1,2],"7":[1,2],"8":[1,1],"9":[130],"10":[0],"11":[3],"12":[5],"13":[5,4],"14":[2],"15":[1]}}
,"/Users/chenchen/working/sourcecode/tools/dev-tools/eket/node/src/api/middleware/rate-limiter.ts": {"path":"/Users/chenchen/working/sourcecode/tools/dev-tools/eket/node/src/api/middleware/rate-limiter.ts","statementMap":{"0":{"start":{"line":164,"column":0},"end":{"line":164,"column":16}},"1":{"start":{"line":28,"column":46},"end":{"line":28,"column":55}},"2":{"start":{"line":33,"column":4},"end":{"line":39,"column":6}},"3":{"start":{"line":42,"column":4},"end":{"line":42,"column":24}},"4":{"start":{"line":49,"column":4},"end":{"line":80,"column":6}},"5":{"start":{"line":50,"column":23},"end":{"line":50,"column":44}},"6":{"start":{"line":51,"column":19},"end":{"line":51,"column":49}},"7":{"start":{"line":52,"column":18},"end":{"line":52,"column":28}},"8":{"start":{"line":55,"column":6},"end":{"line":60,"column":7}},"9":{"start":{"line":56,"column":8},"end":{"line":56,"column":23}},"10":{"start":{"line":57,"column":8},"end":{"line":57,"column":50}},"11":{"start":{"line":59,"column":8},"end":{"line":59,"column":21}},"12":{"start":{"line":63,"column":6},"end":{"line":67,"column":7}},"13":{"start":{"line":64,"column":8},"end":{"line":64,"column":76}},"14":{"start":{"line":65,"column":8},"end":{"line":65,"column":106}},"15":{"start":{"line":66,"column":8},"end":{"line":66,"column":65}},"16":{"start":{"line":70,"column":6},"end":{"line":77,"column":7}},"17":{"start":{"line":71,"column":8},"end":{"line":75,"column":11}},"18":{"start":{"line":76,"column":8},"end":{"line":76,"column":15}},"19":{"start":{"line":79,"column":6},"end":{"line":79,"column":13}},"20":{"start":{"line":88,"column":4},"end":{"line":94,"column":5}},"21":{"start":{"line":89,"column":24},"end":{"line":89,"column":54}},"22":{"start":{"line":90,"column":6},"end":{"line":93,"column":7}},"23":{"start":{"line":91,"column":20},"end":{"line":91,"column":40}},"24":{"start":{"line":92,"column":8},"end":{"line":92,"column":29}},"25":{"start":{"line":97,"column":4},"end":{"line":97,"column":50}},"26":{"start":{"line":104,"column":15},"end":{"line":104,"column":39}},"27":{"start":{"line":106,"column":4},"end":{"line":112,"column":5}},"28":{"start":{"line":107,"column":6},"end":{"line":110,"column":8}},"29":{"start":{"line":111,"column":6},"end":{"line":111,"column":37}},"30":{"start":{"line":114,"column":4},"end":{"line":114,"column":16}},"31":{"start":{"line":121,"column":30},"end":{"line":121,"column":71}},"32":{"start":{"line":123,"column":4},"end":{"line":130,"column":26}},"33":{"start":{"line":124,"column":18},"end":{"line":124,"column":28}},"34":{"start":{"line":125,"column":6},"end":{"line":129,"column":7}},"35":{"start":{"line":126,"column":8},"end":{"line":128,"column":9}},"36":{"start":{"line":127,"column":10},"end":{"line":127,"column":38}},"37":{"start":{"line":133,"column":4},"end":{"line":133,"column":33}},"38":{"start":{"line":140,"column":4},"end":{"line":143,"column":5}},"39":{"start":{"line":141,"column":6},"end":{"line":141,"column":42}},"40":{"start":{"line":142,"column":6},"end":{"line":142,"column":39}},"41":{"start":{"line":150,"column":4},"end":{"line":150,"column":39}},"42":{"start":{"line":157,"column":4},"end":{"line":157,"column":36}},"43":{"start":{"line":27,"column":0},"end":{"line":27,"column":13}},"44":{"start":{"line":165,"column":2},"end":{"line":168,"column":5}},"45":{"start":{"line":174,"column":13},"end":{"line":190,"column":11}}},"fnMap":{"0":{"name":"(anonymous_0)","decl":{"start":{"line":32,"column":2},"end":{"line":32,"column":14}},"loc":{"start":{"line":32,"column":39},"end":{"line":43,"column":3}}},"1":{"name":"(anonymous_1)","decl":{"start":{"line":48,"column":2},"end":{"line":48,"column":12}},"loc":{"start":{"line":48,"column":12},"end":{"line":81,"column":3}}},"2":{"name":"(anonymous_2)","decl":{"start":{"line":49,"column":11},"end":{"line":49,"column":12}},"loc":{"start":{"line":49,"column":58},"end":{"line":80,"column":5}}},"3":{"name":"(anonymous_3)","decl":{"start":{"line":86,"column":10},"end":{"line":86,"column":21}},"loc":{"start":{"line":86,"column":30},"end":{"line":98,"column":3}}},"4":{"name":"(anonymous_4)","decl":{"start":{"line":103,"column":10},"end":{"line":103,"column":25}},"loc":{"start":{"line":103,"column":42},"end":{"line":115,"column":3}}},"5":{"name":"(anonymous_5)","decl":{"start":{"line":120,"column":10},"end":{"line":120,"column":22}},"loc":{"start":{"line":120,"column":22},"end":{"line":134,"column":3}}},"6":{"name":"(anonymous_6)","decl":{"start":{"line":123,"column":39},"end":{"line":123,"column":42}},"loc":{"start":{"line":123,"column":44},"end":{"line":130,"column":5}}},"7":{"name":"(anonymous_7)","decl":{"start":{"line":139,"column":2},"end":{"line":139,"column":13}},"loc":{"start":{"line":139,"column":13},"end":{"line":144,"column":3}}},"8":{"name":"(anonymous_8)","decl":{"start":{"line":149,"column":2},"end":{"line":149,"column":7}},"loc":{"start":{"line":149,"column":24},"end":{"line":151,"column":3}}},"9":{"name":"(anonymous_9)","decl":{"start":{"line":156,"column":2},"end":{"line":156,"column":11}},"loc":{"start":{"line":156,"column":28},"end":{"line":158,"column":3}}},"10":{"name":"createRateLimiter","decl":{"start":{"line":164,"column":16},"end":{"line":164,"column":33}},"loc":{"start":{"line":164,"column":60},"end":{"line":169,"column":1}}}},"branchMap":{"0":{"loc":{"start":{"line":34,"column":16},"end":{"line":34,"column":49}},"type":"binary-expr","locations":[{"start":{"line":34,"column":16},"end":{"line":34,"column":31}},{"start":{"line":34,"column":35},"end":{"line":34,"column":49}}]},"1":{"loc":{"start":{"line":35,"column":19},"end":{"line":35,"column":44}},"type":"binary-expr","locations":[{"start":{"line":35,"column":19},"end":{"line":35,"column":37}},{"start":{"line":35,"column":41},"end":{"line":35,"column":44}}]},"2":{"loc":{"start":{"line":36,"column":15},"end":{"line":36,"column":77}},"type":"binary-expr","locations":[{"start":{"line":36,"column":15},"end":{"line":36,"column":29}},{"start":{"line":36,"column":33},"end":{"line":36,"column":77}}]},"3":{"loc":{"start":{"line":37,"column":15},"end":{"line":37,"column":37}},"type":"binary-expr","locations":[{"start":{"line":37,"column":15},"end":{"line":37,"column":29}},{"start":{"line":37,"column":33},"end":{"line":37,"column":37}}]},"4":{"loc":{"start":{"line":38,"column":18},"end":{"line":38,"column":44}},"type":"binary-expr","locations":[{"start":{"line":38,"column":18},"end":{"line":38,"column":35}},{"start":{"line":38,"column":39},"end":{"line":38,"column":44}}]},"5":{"loc":{"start":{"line":55,"column":6},"end":{"line":60,"column":7}},"type":"if","locations":[{"start":{"line":55,"column":6},"end":{"line":60,"column":7}},{"start":{"line":58,"column":13},"end":{"line":60,"column":7}}]},"6":{"loc":{"start":{"line":63,"column":6},"end":{"line":67,"column":7}},"type":"if","locations":[{"start":{"line":63,"column":6},"end":{"line":67,"column":7}}]},"7":{"loc":{"start":{"line":70,"column":6},"end":{"line":77,"column":7}},"type":"if","locations":[{"start":{"line":70,"column":6},"end":{"line":77,"column":7}}]},"8":{"loc":{"start":{"line":88,"column":4},"end":{"line":94,"column":5}},"type":"if","locations":[{"start":{"line":88,"column":4},"end":{"line":94,"column":5}}]},"9":{"loc":{"start":{"line":90,"column":6},"end":{"line":93,"column":7}},"type":"if","locations":[{"start":{"line":90,"column":6},"end":{"line":93,"column":7}}]},"10":{"loc":{"start":{"line":97,"column":11},"end":{"line":97,"column":49}},"type":"binary-expr","locations":[{"start":{"line":97,"column":11},"end":{"line":97,"column":36}},{"start":{"line":97,"column":40},"end":{"line":97,"column":49}}]},"11":{"loc":{"start":{"line":106,"column":4},"end":{"line":112,"column":5}},"type":"if","locations":[{"start":{"line":106,"column":4},"end":{"line":112,"column":5}}]},"12":{"loc":{"start":{"line":126,"column":8},"end":{"line":128,"column":9}},"type":"if","locations":[{"start":{"line":126,"column":8},"end":{"line":128,"column":9}}]},"13":{"loc":{"start":{"line":140,"column":4},"end":{"line":143,"column":5}},"type":"if","locations":[{"start":{"line":140,"column":4},"end":{"line":143,"column":5}}]},"14":{"loc":{"start":{"line":165,"column":25},"end":{"line":168,"column":4}},"type":"binary-expr","locations":[{"start":{"line":165,"column":25},"end":{"line":165,"column":31}},{"start":{"line":165,"column":35},"end":{"line":168,"column":4}}]}},"s":{"0":1,"1":29,"2":29,"3":29,"4":19,"5":154,"6":154,"7":154,"8":154,"9":0,"10":0,"11":154,"12":154,"13":153,"14":153,"15":153,"16":154,"17":14,"18":14,"19":140,"20":154,"21":7,"22":7,"23":7,"24":7,"25":147,"26":154,"27":154,"28":21,"29":21,"30":154,"31":29,"32":29,"33":8,"34":8,"35":7,"36":2,"37":29,"38":32,"39":28,"40":28,"41":3,"42":3,"43":1,"44":29,"45":1},"f":{"0":29,"1":19,"2":154,"3":154,"4":154,"5":29,"6":8,"7":32,"8":3,"9":3,"10":29},"b":{"0":[29,0],"1":[29,0],"2":[29,28],"3":[29,21],"4":[29,27],"5":[0,154],"6":[153],"7":[14],"8":[7],"9":[7],"10":[147,1],"11":[21],"12":[2],"13":[28],"14":[29,1]}}
,"/Users/chenchen/working/sourcecode/tools/dev-tools/eket/node/src/api/routes/agent.ts": {"path":"/Users/chenchen/working/sourcecode/tools/dev-tools/eket/node/src/api/routes/agent.ts","statementMap":{"0":{"start":{"line":7,"column":0},"end":{"line":7,"column":52}},"1":{"start":{"line":8,"column":0},"end":{"line":8,"column":null}},"2":{"start":{"line":14,"column":13},"end":{"line":14,"column":36}},"3":{"start":{"line":17,"column":49},"end":{"line":17,"column":53}},"4":{"start":{"line":20,"column":2},"end":{"line":25,"column":3}},"5":{"start":{"line":21,"column":4},"end":{"line":24,"column":7}},"6":{"start":{"line":26,"column":2},"end":{"line":26,"column":17}},"7":{"start":{"line":46,"column":0},"end":{"line":93,"column":3}},"8":{"start":{"line":47,"column":2},"end":{"line":92,"column":3}},"9":{"start":{"line":48,"column":17},"end":{"line":48,"column":56}},"10":{"start":{"line":51,"column":4},"end":{"line":57,"column":5}},"11":{"start":{"line":52,"column":6},"end":{"line":55,"column":9}},"12":{"start":{"line":56,"column":6},"end":{"line":56,"column":13}},"13":{"start":{"line":60,"column":36},"end":{"line":66,"column":6}},"14":{"start":{"line":69,"column":19},"end":{"line":69,"column":54}},"15":{"start":{"line":71,"column":4},"end":{"line":77,"column":5}},"16":{"start":{"line":72,"column":6},"end":{"line":75,"column":9}},"17":{"start":{"line":76,"column":6},"end":{"line":76,"column":13}},"18":{"start":{"line":79,"column":4},"end":{"line":85,"column":7}},"19":{"start":{"line":87,"column":4},"end":{"line":87,"column":55}},"20":{"start":{"line":88,"column":4},"end":{"line":91,"column":7}},"21":{"start":{"line":99,"column":0},"end":{"line":122,"column":3}},"22":{"start":{"line":100,"column":2},"end":{"line":121,"column":3}},"23":{"start":{"line":101,"column":19},"end":{"line":101,"column":48}},"24":{"start":{"line":104,"column":19},"end":{"line":104,"column":56}},"25":{"start":{"line":106,"column":4},"end":{"line":112,"column":5}},"26":{"start":{"line":107,"column":6},"end":{"line":110,"column":9}},"27":{"start":{"line":111,"column":6},"end":{"line":111,"column":13}},"28":{"start":{"line":114,"column":4},"end":{"line":114,"column":26}},"29":{"start":{"line":116,"column":4},"end":{"line":116,"column":56}},"30":{"start":{"line":117,"column":4},"end":{"line":120,"column":7}}},"fnMap":{"0":{"name":"getAdapter","decl":{"start":{"line":19,"column":9},"end":{"line":19,"column":19}},"loc":{"start":{"line":19,"column":19},"end":{"line":27,"column":1}}},"1":{"name":"(anonymous_1)","decl":{"start":{"line":46,"column":22},"end":{"line":46,"column":27}},"loc":{"start":{"line":46,"column":76},"end":{"line":93,"column":1}}},"2":{"name":"(anonymous_2)","decl":{"start":{"line":99,"column":31},"end":{"line":99,"column":36}},"loc":{"start":{"line":99,"column":85},"end":{"line":122,"column":1}}}},"branchMap":{"0":{"loc":{"start":{"line":20,"column":2},"end":{"line":25,"column":3}},"type":"if","locations":[{"start":{"line":20,"column":2},"end":{"line":25,"column":3}}]},"1":{"loc":{"start":{"line":51,"column":4},"end":{"line":57,"column":5}},"type":"if","locations":[{"start":{"line":51,"column":4},"end":{"line":57,"column":5}}]},"2":{"loc":{"start":{"line":61,"column":10},"end":{"line":61,"column":55}},"type":"binary-expr","locations":[{"start":{"line":61,"column":10},"end":{"line":61,"column":17}},{"start":{"line":61,"column":21},"end":{"line":61,"column":55}}]},"3":{"loc":{"start":{"line":63,"column":14},"end":{"line":63,"column":31}},"type":"binary-expr","locations":[{"start":{"line":63,"column":14},"end":{"line":63,"column":25}},{"start":{"line":63,"column":29},"end":{"line":63,"column":31}}]},"4":{"loc":{"start":{"line":64,"column":22},"end":{"line":64,"column":51}},"type":"binary-expr","locations":[{"start":{"line":64,"column":22},"end":{"line":64,"column":41}},{"start":{"line":64,"column":45},"end":{"line":64,"column":51}}]},"5":{"loc":{"start":{"line":71,"column":4},"end":{"line":77,"column":5}},"type":"if","locations":[{"start":{"line":71,"column":4},"end":{"line":77,"column":5}}]},"6":{"loc":{"start":{"line":90,"column":15},"end":{"line":90,"column":71}},"type":"cond-expr","locations":[{"start":{"line":90,"column":40},"end":{"line":90,"column":53}},{"start":{"line":90,"column":56},"end":{"line":90,"column":71}}]},"7":{"loc":{"start":{"line":106,"column":4},"end":{"line":112,"column":5}},"type":"if","locations":[{"start":{"line":106,"column":4},"end":{"line":112,"column":5}}]},"8":{"loc":{"start":{"line":119,"column":15},"end":{"line":119,"column":71}},"type":"cond-expr","locations":[{"start":{"line":119,"column":40},"end":{"line":119,"column":53}},{"start":{"line":119,"column":56},"end":{"line":119,"column":71}}]}},"s":{"0":2,"1":2,"2":2,"3":2,"4":30,"5":1,"6":30,"7":2,"8":25,"9":25,"10":25,"11":2,"12":2,"13":23,"14":23,"15":23,"16":23,"17":23,"18":0,"19":0,"20":0,"21":2,"22":7,"23":7,"24":7,"25":7,"26":7,"27":7,"28":0,"29":0,"30":0},"f":{"0":30,"1":25,"2":7},"b":{"0":[1],"1":[2],"2":[23,22],"3":[23,8],"4":[23,20],"5":[23],"6":[0,0],"7":[7],"8":[0,0]}}
,"/Users/chenchen/working/sourcecode/tools/dev-tools/eket/node/src/api/routes/memory.ts": {"path":"/Users/chenchen/working/sourcecode/tools/dev-tools/eket/node/src/api/routes/memory.ts","statementMap":{"0":{"start":{"line":7,"column":0},"end":{"line":7,"column":52}},"1":{"start":{"line":8,"column":0},"end":{"line":8,"column":25}},"2":{"start":{"line":9,"column":0},"end":{"line":9,"column":29}},"3":{"start":{"line":11,"column":13},"end":{"line":11,"column":37}},"4":{"start":{"line":13,"column":19},"end":{"line":13,"column":62}},"5":{"start":{"line":24,"column":0},"end":{"line":100,"column":3}},"6":{"start":{"line":25,"column":2},"end":{"line":99,"column":3}},"7":{"start":{"line":26,"column":29},"end":{"line":26,"column":39}},"8":{"start":{"line":29,"column":4},"end":{"line":35,"column":5}},"9":{"start":{"line":30,"column":6},"end":{"line":33,"column":9}},"10":{"start":{"line":34,"column":6},"end":{"line":34,"column":13}},"11":{"start":{"line":38,"column":18},"end":{"line":38,"column":44}},"12":{"start":{"line":44,"column":9},"end":{"line":44,"column":11}},"13":{"start":{"line":46,"column":4},"end":{"line":79,"column":5}},"14":{"start":{"line":47,"column":6},"end":{"line":49,"column":7}},"15":{"start":{"line":48,"column":8},"end":{"line":48,"column":17}},"16":{"start":{"line":51,"column":23},"end":{"line":51,"column":50}},"17":{"start":{"line":52,"column":19},"end":{"line":52,"column":40}},"18":{"start":{"line":53,"column":22},"end":{"line":53,"column":56}},"19":{"start":{"line":56,"column":23},"end":{"line":56,"column":55}},"20":{"start":{"line":57,"column":6},"end":{"line":59,"column":7}},"21":{"start":{"line":58,"column":8},"end":{"line":58,"column":17}},"22":{"start":{"line":62,"column":22},"end":{"line":62,"column":60}},"23":{"start":{"line":63,"column":6},"end":{"line":65,"column":7}},"24":{"start":{"line":64,"column":8},"end":{"line":64,"column":17}},"25":{"start":{"line":68,"column":21},"end":{"line":68,"column":43}},"26":{"start":{"line":69,"column":6},"end":{"line":71,"column":7}},"27":{"start":{"line":70,"column":8},"end":{"line":70,"column":17}},"28":{"start":{"line":73,"column":6},"end":{"line":78,"column":9}},"29":{"start":{"line":82,"column":4},"end":{"line":82,"column":55}},"30":{"start":{"line":82,"column":28},"end":{"line":82,"column":53}},"31":{"start":{"line":84,"column":4},"end":{"line":92,"column":7}},"32":{"start":{"line":85,"column":37},"end":{"line":90,"column":8}},"33":{"start":{"line":94,"column":4},"end":{"line":94,"column":56}},"34":{"start":{"line":95,"column":4},"end":{"line":98,"column":7}},"35":{"start":{"line":106,"column":0},"end":{"line":136,"column":3}},"36":{"start":{"line":107,"column":2},"end":{"line":135,"column":3}},"37":{"start":{"line":108,"column":19},"end":{"line":108,"column":48}},"38":{"start":{"line":109,"column":21},"end":{"line":109,"column":54}},"39":{"start":{"line":111,"column":4},"end":{"line":117,"column":5}},"40":{"start":{"line":112,"column":6},"end":{"line":115,"column":9}},"41":{"start":{"line":116,"column":6},"end":{"line":116,"column":13}},"42":{"start":{"line":119,"column":20},"end":{"line":119,"column":54}},"43":{"start":{"line":120,"column":17},"end":{"line":120,"column":38}},"44":{"start":{"line":122,"column":4},"end":{"line":128,"column":7}},"45":{"start":{"line":130,"column":4},"end":{"line":130,"column":54}},"46":{"start":{"line":131,"column":4},"end":{"line":134,"column":7}}},"fnMap":{"0":{"name":"(anonymous_9)","decl":{"start":{"line":24,"column":22},"end":{"line":24,"column":27}},"loc":{"start":{"line":24,"column":76},"end":{"line":100,"column":1}}},"1":{"name":"(anonymous_10)","decl":{"start":{"line":82,"column":18},"end":{"line":82,"column":19}},"loc":{"start":{"line":82,"column":28},"end":{"line":82,"column":53}}},"2":{"name":"(anonymous_11)","decl":{"start":{"line":85,"column":29},"end":{"line":85,"column":30}},"loc":{"start":{"line":85,"column":37},"end":{"line":90,"column":8}}},"3":{"name":"(anonymous_12)","decl":{"start":{"line":106,"column":25},"end":{"line":106,"column":30}},"loc":{"start":{"line":106,"column":79},"end":{"line":136,"column":1}}}},"branchMap":{"0":{"loc":{"start":{"line":29,"column":4},"end":{"line":35,"column":5}},"type":"if","locations":[{"start":{"line":29,"column":4},"end":{"line":35,"column":5}}]},"1":{"loc":{"start":{"line":47,"column":6},"end":{"line":49,"column":7}},"type":"if","locations":[{"start":{"line":47,"column":6},"end":{"line":49,"column":7}}]},"2":{"loc":{"start":{"line":56,"column":23},"end":{"line":56,"column":55}},"type":"cond-expr","locations":[{"start":{"line":56,"column":27},"end":{"line":56,"column":50}},{"start":{"line":56,"column":53},"end":{"line":56,"column":55}}]},"3":{"loc":{"start":{"line":57,"column":6},"end":{"line":59,"column":7}},"type":"if","locations":[{"start":{"line":57,"column":6},"end":{"line":59,"column":7}}]},"4":{"loc":{"start":{"line":57,"column":10},"end":{"line":57,"column":63}},"type":"binary-expr","locations":[{"start":{"line":57,"column":10},"end":{"line":57,"column":18}},{"start":{"line":57,"column":22},"end":{"line":57,"column":63}}]},"5":{"loc":{"start":{"line":62,"column":22},"end":{"line":62,"column":60}},"type":"cond-expr","locations":[{"start":{"line":62,"column":29},"end":{"line":62,"column":55}},{"start":{"line":62,"column":58},"end":{"line":62,"column":60}}]},"6":{"loc":{"start":{"line":63,"column":6},"end":{"line":65,"column":7}},"type":"if","locations":[{"start":{"line":63,"column":6},"end":{"line":65,"column":7}}]},"7":{"loc":{"start":{"line":63,"column":10},"end":{"line":63,"column":72}},"type":"binary-expr","locations":[{"start":{"line":63,"column":10},"end":{"line":63,"column":17}},{"start":{"line":63,"column":21},"end":{"line":63,"column":72}}]},"8":{"loc":{"start":{"line":68,"column":21},"end":{"line":68,"column":43}},"type":"cond-expr","locations":[{"start":{"line":68,"column":27},"end":{"line":68,"column":38}},{"start":{"line":68,"column":41},"end":{"line":68,"column":43}}]},"9":{"loc":{"start":{"line":69,"column":6},"end":{"line":71,"column":7}},"type":"if","locations":[{"start":{"line":69,"column":6},"end":{"line":71,"column":7}}]},"10":{"loc":{"start":{"line":69,"column":10},"end":{"line":69,"column":45}},"type":"binary-expr","locations":[{"start":{"line":69,"column":10},"end":{"line":69,"column":16}},{"start":{"line":69,"column":20},"end":{"line":69,"column":45}}]},"11":{"loc":{"start":{"line":97,"column":15},"end":{"line":97,"column":71}},"type":"cond-expr","locations":[{"start":{"line":97,"column":40},"end":{"line":97,"column":53}},{"start":{"line":97,"column":56},"end":{"line":97,"column":71}}]},"12":{"loc":{"start":{"line":111,"column":4},"end":{"line":117,"column":5}},"type":"if","locations":[{"start":{"line":111,"column":4},"end":{"line":117,"column":5}}]},"13":{"loc":{"start":{"line":133,"column":15},"end":{"line":133,"column":71}},"type":"cond-expr","locations":[{"start":{"line":133,"column":40},"end":{"line":133,"column":53}},{"start":{"line":133,"column":56},"end":{"line":133,"column":71}}]}},"s":{"0":2,"1":2,"2":2,"3":2,"4":2,"5":2,"6":17,"7":17,"8":17,"9":1,"10":1,"11":16,"12":16,"13":16,"14":38,"15":16,"16":22,"17":22,"18":22,"19":22,"20":22,"21":2,"22":20,"23":20,"24":3,"25":17,"26":17,"27":1,"28":16,"29":16,"30":2,"31":16,"32":16,"33":0,"34":0,"35":2,"36":6,"37":6,"38":6,"39":6,"40":1,"41":1,"42":5,"43":5,"44":5,"45":0,"46":0},"f":{"0":17,"1":2,"2":16,"3":6},"b":{"0":[1],"1":[16],"2":[5,17],"3":[2],"4":[22,5],"5":[9,11],"6":[3],"7":[20,9],"8":[2,15],"9":[1],"10":[17,2],"11":[0,0],"12":[1],"13":[0,0]}}
,"/Users/chenchen/working/sourcecode/tools/dev-tools/eket/node/src/api/routes/task.ts": {"path":"/Users/chenchen/working/sourcecode/tools/dev-tools/eket/node/src/api/routes/task.ts","statementMap":{"0":{"start":{"line":7,"column":0},"end":{"line":7,"column":52}},"1":{"start":{"line":8,"column":0},"end":{"line":8,"column":null}},"2":{"start":{"line":14,"column":13},"end":{"line":14,"column":35}},"3":{"start":{"line":17,"column":49},"end":{"line":17,"column":53}},"4":{"start":{"line":20,"column":2},"end":{"line":25,"column":3}},"5":{"start":{"line":21,"column":4},"end":{"line":24,"column":7}},"6":{"start":{"line":26,"column":2},"end":{"line":26,"column":17}},"7":{"start":{"line":45,"column":0},"end":{"line":110,"column":3}},"8":{"start":{"line":46,"column":2},"end":{"line":109,"column":3}},"9":{"start":{"line":47,"column":17},"end":{"line":47,"column":51}},"10":{"start":{"line":50,"column":4},"end":{"line":56,"column":5}},"11":{"start":{"line":51,"column":6},"end":{"line":54,"column":9}},"12":{"start":{"line":55,"column":6},"end":{"line":55,"column":13}},"13":{"start":{"line":57,"column":4},"end":{"line":63,"column":5}},"14":{"start":{"line":58,"column":6},"end":{"line":61,"column":9}},"15":{"start":{"line":62,"column":6},"end":{"line":62,"column":13}},"16":{"start":{"line":64,"column":4},"end":{"line":70,"column":5}},"17":{"start":{"line":65,"column":6},"end":{"line":68,"column":9}},"18":{"start":{"line":69,"column":6},"end":{"line":69,"column":13}},"19":{"start":{"line":73,"column":31},"end":{"line":84,"column":6}},"20":{"start":{"line":87,"column":19},"end":{"line":87,"column":54}},"21":{"start":{"line":89,"column":4},"end":{"line":95,"column":5}},"22":{"start":{"line":90,"column":6},"end":{"line":93,"column":9}},"23":{"start":{"line":94,"column":6},"end":{"line":94,"column":13}},"24":{"start":{"line":97,"column":4},"end":{"line":102,"column":7}},"25":{"start":{"line":104,"column":4},"end":{"line":104,"column":55}},"26":{"start":{"line":105,"column":4},"end":{"line":108,"column":7}},"27":{"start":{"line":116,"column":0},"end":{"line":139,"column":3}},"28":{"start":{"line":117,"column":2},"end":{"line":138,"column":3}},"29":{"start":{"line":118,"column":19},"end":{"line":118,"column":48}},"30":{"start":{"line":121,"column":19},"end":{"line":121,"column":55}},"31":{"start":{"line":123,"column":4},"end":{"line":129,"column":5}},"32":{"start":{"line":124,"column":6},"end":{"line":127,"column":9}},"33":{"start":{"line":128,"column":6},"end":{"line":128,"column":13}},"34":{"start":{"line":131,"column":4},"end":{"line":131,"column":26}},"35":{"start":{"line":133,"column":4},"end":{"line":133,"column":52}},"36":{"start":{"line":134,"column":4},"end":{"line":137,"column":7}}},"fnMap":{"0":{"name":"getAdapter","decl":{"start":{"line":19,"column":9},"end":{"line":19,"column":19}},"loc":{"start":{"line":19,"column":19},"end":{"line":27,"column":1}}},"1":{"name":"(anonymous_1)","decl":{"start":{"line":45,"column":21},"end":{"line":45,"column":26}},"loc":{"start":{"line":45,"column":75},"end":{"line":110,"column":1}}},"2":{"name":"(anonymous_2)","decl":{"start":{"line":116,"column":23},"end":{"line":116,"column":28}},"loc":{"start":{"line":116,"column":77},"end":{"line":139,"column":1}}}},"branchMap":{"0":{"loc":{"start":{"line":20,"column":2},"end":{"line":25,"column":3}},"type":"if","locations":[{"start":{"line":20,"column":2},"end":{"line":25,"column":3}}]},"1":{"loc":{"start":{"line":50,"column":4},"end":{"line":56,"column":5}},"type":"if","locations":[{"start":{"line":50,"column":4},"end":{"line":56,"column":5}}]},"2":{"loc":{"start":{"line":57,"column":4},"end":{"line":63,"column":5}},"type":"if","locations":[{"start":{"line":57,"column":4},"end":{"line":63,"column":5}}]},"3":{"loc":{"start":{"line":64,"column":4},"end":{"line":70,"column":5}},"type":"if","locations":[{"start":{"line":64,"column":4},"end":{"line":70,"column":5}}]},"4":{"loc":{"start":{"line":74,"column":10},"end":{"line":74,"column":41}},"type":"binary-expr","locations":[{"start":{"line":74,"column":10},"end":{"line":74,"column":17}},{"start":{"line":74,"column":21},"end":{"line":74,"column":41}}]},"5":{"loc":{"start":{"line":78,"column":19},"end":{"line":78,"column":41}},"type":"binary-expr","locations":[{"start":{"line":78,"column":19},"end":{"line":78,"column":35}},{"start":{"line":78,"column":39},"end":{"line":78,"column":41}}]},"6":{"loc":{"start":{"line":79,"column":16},"end":{"line":79,"column":41}},"type":"binary-expr","locations":[{"start":{"line":79,"column":16},"end":{"line":79,"column":29}},{"start":{"line":79,"column":33},"end":{"line":79,"column":41}}]},"7":{"loc":{"start":{"line":89,"column":4},"end":{"line":95,"column":5}},"type":"if","locations":[{"start":{"line":89,"column":4},"end":{"line":95,"column":5}}]},"8":{"loc":{"start":{"line":101,"column":19},"end":{"line":101,"column":47}},"type":"binary-expr","locations":[{"start":{"line":101,"column":19},"end":{"line":101,"column":39}},{"start":{"line":101,"column":43},"end":{"line":101,"column":47}}]},"9":{"loc":{"start":{"line":107,"column":15},"end":{"line":107,"column":71}},"type":"cond-expr","locations":[{"start":{"line":107,"column":40},"end":{"line":107,"column":53}},{"start":{"line":107,"column":56},"end":{"line":107,"column":71}}]},"10":{"loc":{"start":{"line":123,"column":4},"end":{"line":129,"column":5}},"type":"if","locations":[{"start":{"line":123,"column":4},"end":{"line":129,"column":5}}]},"11":{"loc":{"start":{"line":136,"column":15},"end":{"line":136,"column":71}},"type":"cond-expr","locations":[{"start":{"line":136,"column":40},"end":{"line":136,"column":53}},{"start":{"line":136,"column":56},"end":{"line":136,"column":71}}]}},"s":{"0":2,"1":2,"2":2,"3":2,"4":32,"5":1,"6":32,"7":2,"8":31,"9":31,"10":31,"11":2,"12":2,"13":29,"14":1,"15":1,"16":28,"17":1,"18":1,"19":27,"20":27,"21":27,"22":0,"23":0,"24":27,"25":0,"26":0,"27":2,"28":5,"29":5,"30":5,"31":5,"32":0,"33":0,"34":5,"35":0,"36":0},"f":{"0":32,"1":31,"2":5},"b":{"0":[1],"1":[2],"2":[1],"3":[1],"4":[27,26],"5":[27,25],"6":[27,20],"7":[0],"8":[27,27],"9":[0,0],"10":[0],"11":[0,0]}}
,"/Users/chenchen/working/sourcecode/tools/dev-tools/eket/node/src/api/routes/workflow.ts": {"path":"/Users/chenchen/working/sourcecode/tools/dev-tools/eket/node/src/api/routes/workflow.ts","statementMap":{"0":{"start":{"line":7,"column":0},"end":{"line":7,"column":52}},"1":{"start":{"line":8,"column":0},"end":{"line":8,"column":null}},"2":{"start":{"line":14,"column":13},"end":{"line":14,"column":39}},"3":{"start":{"line":17,"column":49},"end":{"line":17,"column":53}},"4":{"start":{"line":20,"column":2},"end":{"line":25,"column":3}},"5":{"start":{"line":21,"column":4},"end":{"line":24,"column":7}},"6":{"start":{"line":26,"column":2},"end":{"line":26,"column":17}},"7":{"start":{"line":42,"column":0},"end":{"line":89,"column":3}},"8":{"start":{"line":43,"column":2},"end":{"line":88,"column":3}},"9":{"start":{"line":44,"column":17},"end":{"line":44,"column":55}},"10":{"start":{"line":47,"column":4},"end":{"line":53,"column":5}},"11":{"start":{"line":48,"column":6},"end":{"line":51,"column":9}},"12":{"start":{"line":52,"column":6},"end":{"line":52,"column":13}},"13":{"start":{"line":56,"column":39},"end":{"line":64,"column":6}},"14":{"start":{"line":67,"column":19},"end":{"line":67,"column":62}},"15":{"start":{"line":69,"column":4},"end":{"line":75,"column":5}},"16":{"start":{"line":70,"column":6},"end":{"line":73,"column":9}},"17":{"start":{"line":74,"column":6},"end":{"line":74,"column":13}},"18":{"start":{"line":77,"column":4},"end":{"line":81,"column":7}},"19":{"start":{"line":83,"column":4},"end":{"line":83,"column":59}},"20":{"start":{"line":84,"column":4},"end":{"line":87,"column":7}},"21":{"start":{"line":95,"column":0},"end":{"line":118,"column":3}},"22":{"start":{"line":96,"column":2},"end":{"line":117,"column":3}},"23":{"start":{"line":97,"column":19},"end":{"line":97,"column":48}},"24":{"start":{"line":100,"column":19},"end":{"line":100,"column":59}},"25":{"start":{"line":102,"column":4},"end":{"line":108,"column":5}},"26":{"start":{"line":103,"column":6},"end":{"line":106,"column":9}},"27":{"start":{"line":107,"column":6},"end":{"line":107,"column":13}},"28":{"start":{"line":110,"column":4},"end":{"line":110,"column":26}},"29":{"start":{"line":112,"column":4},"end":{"line":112,"column":56}},"30":{"start":{"line":113,"column":4},"end":{"line":116,"column":7}}},"fnMap":{"0":{"name":"getAdapter","decl":{"start":{"line":19,"column":9},"end":{"line":19,"column":19}},"loc":{"start":{"line":19,"column":19},"end":{"line":27,"column":1}}},"1":{"name":"(anonymous_1)","decl":{"start":{"line":42,"column":25},"end":{"line":42,"column":30}},"loc":{"start":{"line":42,"column":79},"end":{"line":89,"column":1}}},"2":{"name":"(anonymous_2)","decl":{"start":{"line":95,"column":27},"end":{"line":95,"column":32}},"loc":{"start":{"line":95,"column":81},"end":{"line":118,"column":1}}}},"branchMap":{"0":{"loc":{"start":{"line":20,"column":2},"end":{"line":25,"column":3}},"type":"if","locations":[{"start":{"line":20,"column":2},"end":{"line":25,"column":3}}]},"1":{"loc":{"start":{"line":47,"column":4},"end":{"line":53,"column":5}},"type":"if","locations":[{"start":{"line":47,"column":4},"end":{"line":53,"column":5}}]},"2":{"loc":{"start":{"line":57,"column":10},"end":{"line":57,"column":45}},"type":"binary-expr","locations":[{"start":{"line":57,"column":10},"end":{"line":57,"column":17}},{"start":{"line":57,"column":21},"end":{"line":57,"column":45}}]},"3":{"loc":{"start":{"line":59,"column":19},"end":{"line":59,"column":41}},"type":"binary-expr","locations":[{"start":{"line":59,"column":19},"end":{"line":59,"column":35}},{"start":{"line":59,"column":39},"end":{"line":59,"column":41}}]},"4":{"loc":{"start":{"line":60,"column":16},"end":{"line":60,"column":41}},"type":"binary-expr","locations":[{"start":{"line":60,"column":16},"end":{"line":60,"column":29}},{"start":{"line":60,"column":33},"end":{"line":60,"column":41}}]},"5":{"loc":{"start":{"line":69,"column":4},"end":{"line":75,"column":5}},"type":"if","locations":[{"start":{"line":69,"column":4},"end":{"line":75,"column":5}}]},"6":{"loc":{"start":{"line":86,"column":15},"end":{"line":86,"column":71}},"type":"cond-expr","locations":[{"start":{"line":86,"column":40},"end":{"line":86,"column":53}},{"start":{"line":86,"column":56},"end":{"line":86,"column":71}}]},"7":{"loc":{"start":{"line":102,"column":4},"end":{"line":108,"column":5}},"type":"if","locations":[{"start":{"line":102,"column":4},"end":{"line":108,"column":5}}]},"8":{"loc":{"start":{"line":115,"column":15},"end":{"line":115,"column":71}},"type":"cond-expr","locations":[{"start":{"line":115,"column":40},"end":{"line":115,"column":53}},{"start":{"line":115,"column":56},"end":{"line":115,"column":71}}]}},"s":{"0":2,"1":2,"2":2,"3":2,"4":20,"5":1,"6":20,"7":2,"8":19,"9":19,"10":19,"11":2,"12":2,"13":16,"14":16,"15":16,"16":0,"17":0,"18":16,"19":1,"20":1,"21":2,"22":4,"23":4,"24":4,"25":4,"26":0,"27":0,"28":4,"29":0,"30":0},"f":{"0":20,"1":19,"2":4},"b":{"0":[1],"1":[2],"2":[16,14],"3":[16,13],"4":[16,2],"5":[0],"6":[1,0],"7":[0],"8":[0,0]}}
,"/Users/chenchen/working/sourcecode/tools/dev-tools/eket/node/src/core/circuit-breaker.ts": {"path":"/Users/chenchen/working/sourcecode/tools/dev-tools/eket/node/src/core/circuit-breaker.ts","statementMap":{"0":{"start":{"line":393,"column":0},"end":{"line":393,"column":16}},"1":{"start":{"line":403,"column":0},"end":{"line":403,"column":16}},"2":{"start":{"line":17,"column":0},"end":{"line":17,"column":59}},"3":{"start":{"line":74,"column":32},"end":{"line":74,"column":40}},"4":{"start":{"line":75,"column":21},"end":{"line":75,"column":22}},"5":{"start":{"line":76,"column":22},"end":{"line":76,"column":23}},"6":{"start":{"line":80,"column":36},"end":{"line":80,"column":46}},"7":{"start":{"line":83,"column":4},"end":{"line":88,"column":6}},"8":{"start":{"line":96,"column":4},"end":{"line":104,"column":5}},"9":{"start":{"line":97,"column":6},"end":{"line":103,"column":8}},"10":{"start":{"line":106,"column":4},"end":{"line":122,"column":5}},"11":{"start":{"line":107,"column":21},"end":{"line":107,"column":38}},"12":{"start":{"line":109,"column":6},"end":{"line":113,"column":7}},"13":{"start":{"line":110,"column":8},"end":{"line":110,"column":25}},"14":{"start":{"line":112,"column":8},"end":{"line":112,"column":25}},"15":{"start":{"line":115,"column":6},"end":{"line":115,"column":20}},"16":{"start":{"line":117,"column":6},"end":{"line":117,"column":23}},"17":{"start":{"line":118,"column":6},"end":{"line":121,"column":8}},"18":{"start":{"line":129,"column":4},"end":{"line":131,"column":5}},"19":{"start":{"line":130,"column":6},"end":{"line":130,"column":18}},"20":{"start":{"line":133,"column":4},"end":{"line":141,"column":5}},"21":{"start":{"line":135,"column":6},"end":{"line":139,"column":7}},"22":{"start":{"line":136,"column":8},"end":{"line":136,"column":33}},"23":{"start":{"line":137,"column":8},"end":{"line":137,"column":66}},"24":{"start":{"line":138,"column":8},"end":{"line":138,"column":20}},"25":{"start":{"line":140,"column":6},"end":{"line":140,"column":19}},"26":{"start":{"line":144,"column":4},"end":{"line":144,"column":16}},"27":{"start":{"line":151,"column":4},"end":{"line":151,"column":21}},"28":{"start":{"line":152,"column":4},"end":{"line":152,"column":38}},"29":{"start":{"line":154,"column":4},"end":{"line":161,"column":5}},"30":{"start":{"line":155,"column":6},"end":{"line":157,"column":7}},"31":{"start":{"line":156,"column":8},"end":{"line":156,"column":23}},"32":{"start":{"line":158,"column":11},"end":{"line":161,"column":5}},"33":{"start":{"line":160,"column":6},"end":{"line":160,"column":24}},"34":{"start":{"line":169,"column":4},"end":{"line":175,"column":5}},"35":{"start":{"line":170,"column":35},"end":{"line":170,"column":68}},"36":{"start":{"line":171,"column":6},"end":{"line":174,"column":7}},"37":{"start":{"line":173,"column":8},"end":{"line":173,"column":26}},"38":{"start":{"line":177,"column":4},"end":{"line":177,"column":20}},"39":{"start":{"line":178,"column":4},"end":{"line":178,"column":38}},"40":{"start":{"line":180,"column":4},"end":{"line":186,"column":5}},"41":{"start":{"line":182,"column":6},"end":{"line":182,"column":18}},"42":{"start":{"line":183,"column":11},"end":{"line":186,"column":5}},"43":{"start":{"line":185,"column":6},"end":{"line":185,"column":18}},"44":{"start":{"line":193,"column":4},"end":{"line":193,"column":24}},"45":{"start":{"line":194,"column":4},"end":{"line":194,"column":31}},"46":{"start":{"line":195,"column":4},"end":{"line":195,"column":38}},"47":{"start":{"line":196,"column":4},"end":{"line":196,"column":23}},"48":{"start":{"line":197,"column":4},"end":{"line":197,"column":84}},"49":{"start":{"line":204,"column":4},"end":{"line":204,"column":26}},"50":{"start":{"line":205,"column":4},"end":{"line":205,"column":22}},"51":{"start":{"line":206,"column":4},"end":{"line":206,"column":23}},"52":{"start":{"line":207,"column":4},"end":{"line":207,"column":30}},"53":{"start":{"line":208,"column":4},"end":{"line":208,"column":38}},"54":{"start":{"line":209,"column":4},"end":{"line":209,"column":50}},"55":{"start":{"line":216,"column":4},"end":{"line":223,"column":6}},"56":{"start":{"line":230,"column":4},"end":{"line":230,"column":29}},"57":{"start":{"line":237,"column":4},"end":{"line":237,"column":21}},"58":{"start":{"line":244,"column":4},"end":{"line":244,"column":21}},"59":{"start":{"line":251,"column":4},"end":{"line":251,"column":19}},"60":{"start":{"line":258,"column":4},"end":{"line":265,"column":6}},"61":{"start":{"line":272,"column":4},"end":{"line":272,"column":19}},"62":{"start":{"line":72,"column":0},"end":{"line":72,"column":13}},"63":{"start":{"line":287,"column":4},"end":{"line":299,"column":6}},"64":{"start":{"line":300,"column":4},"end":{"line":300,"column":60}},"65":{"start":{"line":310,"column":34},"end":{"line":310,"column":38}},"66":{"start":{"line":311,"column":16},"end":{"line":311,"column":40}},"67":{"start":{"line":313,"column":4},"end":{"line":346,"column":5}},"68":{"start":{"line":313,"column":23},"end":{"line":313,"column":24}},"69":{"start":{"line":315,"column":28},"end":{"line":315,"column":72}},"70":{"start":{"line":317,"column":6},"end":{"line":319,"column":7}},"71":{"start":{"line":318,"column":8},"end":{"line":318,"column":29}},"72":{"start":{"line":322,"column":24},"end":{"line":322,"column":68}},"73":{"start":{"line":323,"column":6},"end":{"line":326,"column":7}},"74":{"start":{"line":325,"column":8},"end":{"line":325,"column":29}},"75":{"start":{"line":329,"column":6},"end":{"line":331,"column":39}},"76":{"start":{"line":333,"column":6},"end":{"line":345,"column":7}},"77":{"start":{"line":335,"column":23},"end":{"line":335,"column":50}},"78":{"start":{"line":336,"column":25},"end":{"line":336,"column":71}},"79":{"start":{"line":338,"column":8},"end":{"line":341,"column":10}},"80":{"start":{"line":343,"column":8},"end":{"line":343,"column":35}},"81":{"start":{"line":344,"column":8},"end":{"line":344,"column":40}},"82":{"start":{"line":349,"column":4},"end":{"line":355,"column":6}},"83":{"start":{"line":362,"column":4},"end":{"line":364,"column":5}},"84":{"start":{"line":363,"column":6},"end":{"line":363,"column":18}},"85":{"start":{"line":365,"column":4},"end":{"line":365,"column":59}},"86":{"start":{"line":372,"column":4},"end":{"line":372,"column":61}},"87":{"start":{"line":372,"column":36},"end":{"line":372,"column":59}},"88":{"start":{"line":379,"column":4},"end":{"line":379,"column":42}},"89":{"start":{"line":386,"column":4},"end":{"line":386,"column":37}},"90":{"start":{"line":279,"column":0},"end":{"line":279,"column":13}},"91":{"start":{"line":397,"column":2},"end":{"line":397,"column":55}},"92":{"start":{"line":404,"column":2},"end":{"line":404,"column":36}}},"fnMap":{"0":{"name":"(anonymous_0)","decl":{"start":{"line":82,"column":2},"end":{"line":82,"column":14}},"loc":{"start":{"line":82,"column":56},"end":{"line":89,"column":3}}},"1":{"name":"(anonymous_1)","decl":{"start":{"line":94,"column":2},"end":{"line":94,"column":7}},"loc":{"start":{"line":94,"column":54},"end":{"line":123,"column":3}}},"2":{"name":"(anonymous_2)","decl":{"start":{"line":128,"column":10},"end":{"line":128,"column":20}},"loc":{"start":{"line":128,"column":20},"end":{"line":145,"column":3}}},"3":{"name":"(anonymous_3)","decl":{"start":{"line":150,"column":10},"end":{"line":150,"column":19}},"loc":{"start":{"line":150,"column":19},"end":{"line":162,"column":3}}},"4":{"name":"(anonymous_4)","decl":{"start":{"line":167,"column":10},"end":{"line":167,"column":19}},"loc":{"start":{"line":167,"column":19},"end":{"line":187,"column":3}}},"5":{"name":"(anonymous_5)","decl":{"start":{"line":192,"column":10},"end":{"line":192,"column":14}},"loc":{"start":{"line":192,"column":14},"end":{"line":198,"column":3}}},"6":{"name":"(anonymous_6)","decl":{"start":{"line":203,"column":10},"end":{"line":203,"column":17}},"loc":{"start":{"line":203,"column":17},"end":{"line":210,"column":3}}},"7":{"name":"(anonymous_7)","decl":{"start":{"line":215,"column":2},"end":{"line":215,"column":10}},"loc":{"start":{"line":215,"column":10},"end":{"line":224,"column":3}}},"8":{"name":"(anonymous_8)","decl":{"start":{"line":229,"column":2},"end":{"line":229,"column":14}},"loc":{"start":{"line":229,"column":14},"end":{"line":231,"column":3}}},"9":{"name":"(anonymous_9)","decl":{"start":{"line":236,"column":2},"end":{"line":236,"column":15}},"loc":{"start":{"line":236,"column":15},"end":{"line":238,"column":3}}},"10":{"name":"(anonymous_10)","decl":{"start":{"line":243,"column":2},"end":{"line":243,"column":15}},"loc":{"start":{"line":243,"column":15},"end":{"line":245,"column":3}}},"11":{"name":"(anonymous_11)","decl":{"start":{"line":250,"column":2},"end":{"line":250,"column":7}},"loc":{"start":{"line":250,"column":7},"end":{"line":252,"column":3}}},"12":{"name":"(anonymous_12)","decl":{"start":{"line":257,"column":2},"end":{"line":257,"column":10}},"loc":{"start":{"line":257,"column":10},"end":{"line":266,"column":3}}},"13":{"name":"(anonymous_13)","decl":{"start":{"line":271,"column":2},"end":{"line":271,"column":12}},"loc":{"start":{"line":271,"column":12},"end":{"line":273,"column":3}}},"14":{"name":"(anonymous_14)","decl":{"start":{"line":283,"column":2},"end":{"line":283,"column":null}},"loc":{"start":{"line":285,"column":53},"end":{"line":301,"column":3}}},"15":{"name":"(anonymous_15)","decl":{"start":{"line":306,"column":2},"end":{"line":306,"column":7}},"loc":{"start":{"line":308,"column":20},"end":{"line":356,"column":3}}},"16":{"name":"(anonymous_16)","decl":{"start":{"line":361,"column":10},"end":{"line":361,"column":26}},"loc":{"start":{"line":361,"column":44},"end":{"line":366,"column":3}}},"17":{"name":"(anonymous_17)","decl":{"start":{"line":371,"column":10},"end":{"line":371,"column":15}},"loc":{"start":{"line":371,"column":26},"end":{"line":373,"column":3}}},"18":{"name":"(anonymous_18)","decl":{"start":{"line":372,"column":23},"end":{"line":372,"column":24}},"loc":{"start":{"line":372,"column":36},"end":{"line":372,"column":59}}},"19":{"name":"(anonymous_19)","decl":{"start":{"line":378,"column":2},"end":{"line":378,"column":17}},"loc":{"start":{"line":378,"column":17},"end":{"line":380,"column":3}}},"20":{"name":"(anonymous_20)","decl":{"start":{"line":385,"column":2},"end":{"line":385,"column":14}},"loc":{"start":{"line":385,"column":14},"end":{"line":387,"column":3}}},"21":{"name":"createRetryExecutor","decl":{"start":{"line":393,"column":16},"end":{"line":393,"column":35}},"loc":{"start":{"line":395,"column":47},"end":{"line":398,"column":1}}},"22":{"name":"createCircuitBreaker","decl":{"start":{"line":403,"column":16},"end":{"line":403,"column":36}},"loc":{"start":{"line":403,"column":75},"end":{"line":405,"column":1}}}},"branchMap":{"0":{"loc":{"start":{"line":82,"column":14},"end":{"line":82,"column":56}},"type":"default-arg","locations":[{"start":{"line":82,"column":54},"end":{"line":82,"column":56}}]},"1":{"loc":{"start":{"line":84,"column":24},"end":{"line":84,"column":52}},"type":"binary-expr","locations":[{"start":{"line":84,"column":24},"end":{"line":84,"column":47}},{"start":{"line":84,"column":51},"end":{"line":84,"column":52}}]},"2":{"loc":{"start":{"line":85,"column":24},"end":{"line":85,"column":52}},"type":"binary-expr","locations":[{"start":{"line":85,"column":24},"end":{"line":85,"column":47}},{"start":{"line":85,"column":51},"end":{"line":85,"column":52}}]},"3":{"loc":{"start":{"line":86,"column":15},"end":{"line":86,"column":38}},"type":"binary-expr","locations":[{"start":{"line":86,"column":15},"end":{"line":86,"column":29}},{"start":{"line":86,"column":33},"end":{"line":86,"column":38}}]},"4":{"loc":{"start":{"line":87,"column":22},"end":{"line":87,"column":52}},"type":"binary-expr","locations":[{"start":{"line":87,"column":22},"end":{"line":87,"column":43}},{"start":{"line":87,"column":47},"end":{"line":87,"column":52}}]},"5":{"loc":{"start":{"line":96,"column":4},"end":{"line":104,"column":5}},"type":"if","locations":[{"start":{"line":96,"column":4},"end":{"line":104,"column":5}}]},"6":{"loc":{"start":{"line":109,"column":6},"end":{"line":113,"column":7}},"type":"if","locations":[{"start":{"line":109,"column":6},"end":{"line":113,"column":7}},{"start":{"line":111,"column":13},"end":{"line":113,"column":7}}]},"7":{"loc":{"start":{"line":120,"column":15},"end":{"line":120,"column":133}},"type":"cond-expr","locations":[{"start":{"line":120,"column":38},"end":{"line":120,"column":83}},{"start":{"line":120,"column":86},"end":{"line":120,"column":133}}]},"8":{"loc":{"start":{"line":129,"column":4},"end":{"line":131,"column":5}},"type":"if","locations":[{"start":{"line":129,"column":4},"end":{"line":131,"column":5}}]},"9":{"loc":{"start":{"line":133,"column":4},"end":{"line":141,"column":5}},"type":"if","locations":[{"start":{"line":133,"column":4},"end":{"line":141,"column":5}}]},"10":{"loc":{"start":{"line":135,"column":6},"end":{"line":139,"column":7}},"type":"if","locations":[{"start":{"line":135,"column":6},"end":{"line":139,"column":7}}]},"11":{"loc":{"start":{"line":135,"column":10},"end":{"line":135,"column":76}},"type":"binary-expr","locations":[{"start":{"line":135,"column":10},"end":{"line":135,"column":23}},{"start":{"line":135,"column":27},"end":{"line":135,"column":76}}]},"12":{"loc":{"start":{"line":154,"column":4},"end":{"line":161,"column":5}},"type":"if","locations":[{"start":{"line":154,"column":4},"end":{"line":161,"column":5}},{"start":{"line":158,"column":11},"end":{"line":161,"column":5}}]},"13":{"loc":{"start":{"line":155,"column":6},"end":{"line":157,"column":7}},"type":"if","locations":[{"start":{"line":155,"column":6},"end":{"line":157,"column":7}}]},"14":{"loc":{"start":{"line":158,"column":11},"end":{"line":161,"column":5}},"type":"if","locations":[{"start":{"line":158,"column":11},"end":{"line":161,"column":5}}]},"15":{"loc":{"start":{"line":169,"column":4},"end":{"line":175,"column":5}},"type":"if","locations":[{"start":{"line":169,"column":4},"end":{"line":175,"column":5}}]},"16":{"loc":{"start":{"line":169,"column":8},"end":{"line":169,"column":58}},"type":"binary-expr","locations":[{"start":{"line":169,"column":8},"end":{"line":169,"column":28}},{"start":{"line":169,"column":32},"end":{"line":169,"column":58}}]},"17":{"loc":{"start":{"line":171,"column":6},"end":{"line":174,"column":7}},"type":"if","locations":[{"start":{"line":171,"column":6},"end":{"line":174,"column":7}}]},"18":{"loc":{"start":{"line":180,"column":4},"end":{"line":186,"column":5}},"type":"if","locations":[{"start":{"line":180,"column":4},"end":{"line":186,"column":5}},{"start":{"line":183,"column":11},"end":{"line":186,"column":5}}]},"19":{"loc":{"start":{"line":183,"column":11},"end":{"line":186,"column":5}},"type":"if","locations":[{"start":{"line":183,"column":11},"end":{"line":186,"column":5}}]},"20":{"loc":{"start":{"line":284,"column":4},"end":{"line":284,"column":42}},"type":"default-arg","locations":[{"start":{"line":284,"column":40},"end":{"line":284,"column":42}}]},"21":{"loc":{"start":{"line":285,"column":4},"end":{"line":285,"column":53}},"type":"default-arg","locations":[{"start":{"line":285,"column":51},"end":{"line":285,"column":53}}]},"22":{"loc":{"start":{"line":288,"column":18},"end":{"line":288,"column":45}},"type":"binary-expr","locations":[{"start":{"line":288,"column":18},"end":{"line":288,"column":40}},{"start":{"line":288,"column":44},"end":{"line":288,"column":45}}]},"23":{"loc":{"start":{"line":289,"column":20},"end":{"line":289,"column":52}},"type":"binary-expr","locations":[{"start":{"line":289,"column":20},"end":{"line":289,"column":44}},{"start":{"line":289,"column":48},"end":{"line":289,"column":52}}]},"24":{"loc":{"start":{"line":290,"column":16},"end":{"line":290,"column":45}},"type":"binary-expr","locations":[{"start":{"line":290,"column":16},"end":{"line":290,"column":36}},{"start":{"line":290,"column":40},"end":{"line":290,"column":45}}]},"25":{"loc":{"start":{"line":291,"column":18},"end":{"line":291,"column":45}},"type":"binary-expr","locations":[{"start":{"line":291,"column":18},"end":{"line":291,"column":40}},{"start":{"line":291,"column":44},"end":{"line":291,"column":45}}]},"26":{"loc":{"start":{"line":292,"column":23},"end":{"line":298,"column":null}},"type":"binary-expr","locations":[{"start":{"line":292,"column":23},"end":{"line":292,"column":50}},{"start":{"line":292,"column":54},"end":{"line":298,"column":null}}]},"27":{"loc":{"start":{"line":317,"column":6},"end":{"line":319,"column":7}},"type":"if","locations":[{"start":{"line":317,"column":6},"end":{"line":319,"column":7}}]},"28":{"loc":{"start":{"line":322,"column":24},"end":{"line":322,"column":68}},"type":"binary-expr","locations":[{"start":{"line":322,"column":24},"end":{"line":322,"column":49}},{"start":{"line":322,"column":53},"end":{"line":322,"column":68}}]},"29":{"loc":{"start":{"line":323,"column":6},"end":{"line":326,"column":7}},"type":"if","locations":[{"start":{"line":323,"column":6},"end":{"line":326,"column":7}}]},"30":{"loc":{"start":{"line":329,"column":18},"end":{"line":331,"column":38}},"type":"cond-expr","locations":[{"start":{"line":330,"column":10},"end":{"line":330,"column":82}},{"start":{"line":331,"column":10},"end":{"line":331,"column":38}}]},"31":{"loc":{"start":{"line":333,"column":6},"end":{"line":345,"column":7}},"type":"if","locations":[{"start":{"line":333,"column":6},"end":{"line":345,"column":7}}]},"32":{"loc":{"start":{"line":340,"column":50},"end":{"line":340,"column":79}},"type":"cond-expr","locations":[{"start":{"line":340,"column":60},"end":{"line":340,"column":74}},{"start":{"line":340,"column":77},"end":{"line":340,"column":79}}]},"33":{"loc":{"start":{"line":362,"column":4},"end":{"line":364,"column":5}},"type":"if","locations":[{"start":{"line":362,"column":4},"end":{"line":364,"column":5}}]}},"s":{"0":4,"1":4,"2":4,"3":0,"4":0,"5":0,"6":0,"7":0,"8":0,"9":0,"10":0,"11":0,"12":0,"13":0,"14":0,"15":0,"16":0,"17":0,"18":0,"19":0,"20":0,"21":0,"22":0,"23":0,"24":0,"25":0,"26":0,"27":0,"28":0,"29":0,"30":0,"31":0,"32":0,"33":0,"34":0,"35":0,"36":0,"37":0,"38":0,"39":0,"40":0,"41":0,"42":0,"43":0,"44":0,"45":0,"46":0,"47":0,"48":0,"49":0,"50":0,"51":0,"52":0,"53":0,"54":0,"55":0,"56":0,"57":0,"58":0,"59":0,"60":0,"61":0,"62":4,"63":0,"64":0,"65":0,"66":0,"67":0,"68":0,"69":0,"70":0,"71":0,"72":0,"73":0,"74":0,"75":0,"76":0,"77":0,"78":0,"79":0,"80":0,"81":0,"82":0,"83":0,"84":0,"85":0,"86":0,"87":0,"88":0,"89":0,"90":4,"91":0,"92":0},"f":{"0":0,"1":0,"2":0,"3":0,"4":0,"5":0,"6":0,"7":0,"8":0,"9":0,"10":0,"11":0,"12":0,"13":0,"14":0,"15":0,"16":0,"17":0,"18":0,"19":0,"20":0,"21":0,"22":0},"b":{"0":[0],"1":[0,0],"2":[0,0],"3":[0,0],"4":[0,0],"5":[0],"6":[0,0],"7":[0,0],"8":[0],"9":[0],"10":[0],"11":[0,0],"12":[0,0],"13":[0],"14":[0],"15":[0],"16":[0,0],"17":[0],"18":[0,0],"19":[0],"20":[0],"21":[0],"22":[0,0],"23":[0,0],"24":[0,0],"25":[0,0],"26":[0,0],"27":[0],"28":[0,0],"29":[0],"30":[0,0],"31":[0],"32":[0,0],"33":[0]}}
,"/Users/chenchen/working/sourcecode/tools/dev-tools/eket/node/src/core/instance-registry.ts": {"path":"/Users/chenchen/working/sourcecode/tools/dev-tools/eket/node/src/core/instance-registry.ts","statementMap":{"0":{"start":{"line":476,"column":0},"end":{"line":476,"column":16}},"1":{"start":{"line":9,"column":0},"end":{"line":9,"column":46}},"2":{"start":{"line":10,"column":0},"end":{"line":10,"column":67}},"3":{"start":{"line":23,"column":4},"end":{"line":26,"column":6}},"4":{"start":{"line":27,"column":4},"end":{"line":27,"column":37}},"5":{"start":{"line":34,"column":4},"end":{"line":34,"column":38}},"6":{"start":{"line":41,"column":4},"end":{"line":44,"column":5}},"7":{"start":{"line":42,"column":6},"end":{"line":42,"column":44}},"8":{"start":{"line":43,"column":6},"end":{"line":43,"column":41}},"9":{"start":{"line":45,"column":4},"end":{"line":45,"column":34}},"10":{"start":{"line":52,"column":4},"end":{"line":57,"column":5}},"11":{"start":{"line":53,"column":6},"end":{"line":56,"column":8}},"12":{"start":{"line":59,"column":4},"end":{"line":92,"column":5}},"13":{"start":{"line":60,"column":21},"end":{"line":60,"column":43}},"14":{"start":{"line":61,"column":6},"end":{"line":66,"column":7}},"15":{"start":{"line":62,"column":8},"end":{"line":65,"column":10}},"16":{"start":{"line":68,"column":18},"end":{"line":68,"column":60}},"17":{"start":{"line":69,"column":27},"end":{"line":72,"column":8}},"18":{"start":{"line":75,"column":6},"end":{"line":75,"column":58}},"19":{"start":{"line":78,"column":22},"end":{"line":78,"column":80}},"20":{"start":{"line":79,"column":6},"end":{"line":79,"column":46}},"21":{"start":{"line":82,"column":24},"end":{"line":82,"column":80}},"22":{"start":{"line":83,"column":6},"end":{"line":83,"column":48}},"23":{"start":{"line":85,"column":6},"end":{"line":85,"column":48}},"24":{"start":{"line":87,"column":27},"end":{"line":87,"column":79}},"25":{"start":{"line":88,"column":6},"end":{"line":91,"column":8}},"26":{"start":{"line":103,"column":19},"end":{"line":103,"column":41}},"27":{"start":{"line":104,"column":4},"end":{"line":109,"column":5}},"28":{"start":{"line":105,"column":6},"end":{"line":108,"column":8}},"29":{"start":{"line":111,"column":4},"end":{"line":154,"column":5}},"30":{"start":{"line":112,"column":18},"end":{"line":112,"column":59}},"31":{"start":{"line":113,"column":27},"end":{"line":113,"column":48}},"32":{"start":{"line":115,"column":6},"end":{"line":120,"column":7}},"33":{"start":{"line":116,"column":8},"end":{"line":119,"column":10}},"34":{"start":{"line":122,"column":23},"end":{"line":122,"column":59}},"35":{"start":{"line":123,"column":24},"end":{"line":123,"column":39}},"36":{"start":{"line":126,"column":6},"end":{"line":126,"column":31}},"37":{"start":{"line":127,"column":6},"end":{"line":127,"column":45}},"38":{"start":{"line":128,"column":6},"end":{"line":128,"column":38}},"39":{"start":{"line":130,"column":6},"end":{"line":134,"column":7}},"40":{"start":{"line":131,"column":8},"end":{"line":131,"column":63}},"41":{"start":{"line":132,"column":13},"end":{"line":134,"column":7}},"42":{"start":{"line":133,"column":8},"end":{"line":133,"column":76}},"43":{"start":{"line":137,"column":6},"end":{"line":137,"column":54}},"44":{"start":{"line":140,"column":6},"end":{"line":145,"column":7}},"45":{"start":{"line":141,"column":29},"end":{"line":141,"column":79}},"46":{"start":{"line":142,"column":29},"end":{"line":142,"column":76}},"47":{"start":{"line":143,"column":8},"end":{"line":143,"column":52}},"48":{"start":{"line":144,"column":8},"end":{"line":144,"column":52}},"49":{"start":{"line":147,"column":6},"end":{"line":147,"column":48}},"50":{"start":{"line":149,"column":27},"end":{"line":149,"column":79}},"51":{"start":{"line":150,"column":6},"end":{"line":153,"column":8}},"52":{"start":{"line":161,"column":19},"end":{"line":161,"column":41}},"53":{"start":{"line":162,"column":4},"end":{"line":167,"column":5}},"54":{"start":{"line":163,"column":6},"end":{"line":166,"column":8}},"55":{"start":{"line":169,"column":4},"end":{"line":185,"column":5}},"56":{"start":{"line":170,"column":18},"end":{"line":170,"column":59}},"57":{"start":{"line":171,"column":19},"end":{"line":171,"column":40}},"58":{"start":{"line":173,"column":6},"end":{"line":175,"column":7}},"59":{"start":{"line":174,"column":8},"end":{"line":174,"column":45}},"60":{"start":{"line":177,"column":23},"end":{"line":177,"column":51}},"61":{"start":{"line":178,"column":6},"end":{"line":178,"column":47}},"62":{"start":{"line":180,"column":27},"end":{"line":180,"column":79}},"63":{"start":{"line":181,"column":6},"end":{"line":184,"column":8}},"64":{"start":{"line":192,"column":19},"end":{"line":192,"column":41}},"65":{"start":{"line":193,"column":4},"end":{"line":198,"column":5}},"66":{"start":{"line":194,"column":6},"end":{"line":197,"column":8}},"67":{"start":{"line":200,"column":4},"end":{"line":219,"column":5}},"68":{"start":{"line":201,"column":22},"end":{"line":201,"column":65}},"69":{"start":{"line":202,"column":26},"end":{"line":202,"column":56}},"70":{"start":{"line":204,"column":36},"end":{"line":204,"column":38}},"71":{"start":{"line":205,"column":6},"end":{"line":210,"column":7}},"72":{"start":{"line":206,"column":23},"end":{"line":206,"column":49}},"73":{"start":{"line":207,"column":8},"end":{"line":209,"column":9}},"74":{"start":{"line":208,"column":10},"end":{"line":208,"column":38}},"75":{"start":{"line":212,"column":6},"end":{"line":212,"column":48}},"76":{"start":{"line":214,"column":27},"end":{"line":214,"column":79}},"77":{"start":{"line":215,"column":6},"end":{"line":218,"column":8}},"78":{"start":{"line":226,"column":19},"end":{"line":226,"column":41}},"79":{"start":{"line":227,"column":4},"end":{"line":232,"column":5}},"80":{"start":{"line":228,"column":6},"end":{"line":231,"column":8}},"81":{"start":{"line":234,"column":4},"end":{"line":26
[...]
e":144,"column":20},"end":{"line":144,"column":47}},"43":{"start":{"line":145,"column":6},"end":{"line":145,"column":28}},"44":{"start":{"line":146,"column":6},"end":{"line":146,"column":62}},"45":{"start":{"line":146,"column":38},"end":{"line":146,"column":60}},"46":{"start":{"line":149,"column":4},"end":{"line":155,"column":7}},"47":{"start":{"line":150,"column":6},"end":{"line":154,"column":9}},"48":{"start":{"line":157,"column":4},"end":{"line":163,"column":7}},"49":{"start":{"line":158,"column":6},"end":{"line":162,"column":9}},"50":{"start":{"line":166,"column":4},"end":{"line":168,"column":7}},"51":{"start":{"line":167,"column":6},"end":{"line":167,"column":33}}},"fnMap":{"0":{"name":"execFileNoThrow","decl":{"start":{"line":29,"column":22},"end":{"line":29,"column":37}},"loc":{"start":{"line":32,"column":27},"end":{"line":73,"column":1}}},"1":{"name":"(anonymous_1)","decl":{"start":{"line":41,"column":31},"end":{"line":41,"column":34}},"loc":{"start":{"line":41,"column":37},"end":{"line":41,"column":55}}},"2":{"name":"isAbortError","decl":{"start":{"line":78,"column":9},"end":{"line":78,"column":21}},"loc":{"start":{"line":78,"column":34},"end":{"line":83,"column":1}}},"3":{"name":"getStdout","decl":{"start":{"line":88,"column":9},"end":{"line":88,"column":18}},"loc":{"start":{"line":88,"column":31},"end":{"line":94,"column":1}}},"4":{"name":"getStderr","decl":{"start":{"line":99,"column":9},"end":{"line":99,"column":18}},"loc":{"start":{"line":99,"column":31},"end":{"line":108,"column":1}}},"5":{"name":"getStatus","decl":{"start":{"line":113,"column":9},"end":{"line":113,"column":18}},"loc":{"start":{"line":113,"column":31},"end":{"line":119,"column":1}}},"6":{"name":"execFileWithOutput","decl":{"start":{"line":127,"column":22},"end":{"line":127,"column":40}},"loc":{"start":{"line":130,"column":54},"end":{"line":170,"column":1}}},"7":{"name":"(anonymous_7)","decl":{"start":{"line":132,"column":21},"end":{"line":132,"column":22}},"loc":{"start":{"line":132,"column":33},"end":{"line":169,"column":3}}},"8":{"name":"(anonymous_8)","decl":{"start":{"line":137,"column":29},"end":{"line":137,"column":30}},"loc":{"start":{"line":137,"column":38},"end":{"line":141,"column":5}}},"9":{"name":"(anonymous_9)","decl":{"start":{"line":140,"column":20},"end":{"line":140,"column":21}},"loc":{"start":{"line":140,"column":38},"end":{"line":140,"column":61}}},"10":{"name":"(anonymous_10)","decl":{"start":{"line":143,"column":29},"end":{"line":143,"column":30}},"loc":{"start":{"line":143,"column":38},"end":{"line":147,"column":5}}},"11":{"name":"(anonymous_11)","decl":{"start":{"line":146,"column":20},"end":{"line":146,"column":21}},"loc":{"start":{"line":146,"column":38},"end":{"line":146,"column":60}}},"12":{"name":"(anonymous_12)","decl":{"start":{"line":149,"column":22},"end":{"line":149,"column":23}},"loc":{"start":{"line":149,"column":30},"end":{"line":155,"column":5}}},"13":{"name":"(anonymous_13)","decl":{"start":{"line":157,"column":22},"end":{"line":157,"column":23}},"loc":{"start":{"line":157,"column":31},"end":{"line":163,"column":5}}},"14":{"name":"(anonymous_14)","decl":{"start":{"line":166,"column":21},"end":{"line":166,"column":24}},"loc":{"start":{"line":166,"column":26},"end":{"line":168,"column":5}}}},"branchMap":{"0":{"loc":{"start":{"line":31,"column":2},"end":{"line":31,"column":21}},"type":"default-arg","locations":[{"start":{"line":31,"column":19},"end":{"line":31,"column":21}}]},"1":{"loc":{"start":{"line":32,"column":2},"end":{"line":32,"column":27}},"type":"default-arg","locations":[{"start":{"line":32,"column":25},"end":{"line":32,"column":27}}]},"2":{"loc":{"start":{"line":35,"column":4},"end":{"line":35,"column":19}},"type":"default-arg","locations":[{"start":{"line":35,"column":14},"end":{"line":35,"column":19}}]},"3":{"loc":{"start":{"line":36,"column":4},"end":{"line":36,"column":32}},"type":"default-arg","locations":[{"start":{"line":36,"column":16},"end":{"line":36,"column":32}}]},"4":{"loc":{"start":{"line":59,"column":4},"end":{"line":65,"column":5}},"type":"if","locations":[{"start":{"line":59,"column":4},"end":{"line":65,"column":5}}]},"5":{"loc":{"start":{"line":79,"column":9},"end":{"line":82,"column":51}},"type":"binary-expr","locations":[{"start":{"line":79,"column":9},"end":{"line":79,"column":21}},{"start":{"line":80,"column":4},"end":{"line":80,"column":27}},{"start":{"line":81,"column":4},"end":{"line":81,"column":17}},{"start":{"line":82,"column":5},"end":{"line":82,"column":51}}]},"6":{"loc":{"start":{"line":89,"column":2},"end":{"line":92,"column":3}},"type":"if","locations":[{"start":{"line":89,"column":2},"end":{"line":92,"column":3}}]},"7":{"loc":{"start":{"line":89,"column":6},"end":{"line":89,"column":64}},"type":"binary-expr","locations":[{"start":{"line":89,"column":6},"end":{"line":89,"column":18}},{"start":{"line":89,"column":22},"end":{"line":89,"column":45}},{"start":{"line":89,"column":49},"end":{"line":89,"column":64}}]},"8":{"loc":{"start":{"line":91,"column":11},"end":{"line":91,"column":61}},"type":"cond-expr","locations":[{"start":{"line":91,"column":45},"end":{"line":91,"column":56}},{"start":{"line":91,"column":59},"end":{"line":91,"column":61}}]},"9":{"loc":{"start":{"line":100,"column":2},"end":{"line":103,"column":3}},"type":"if","locations":[{"start":{"line":100,"column":2},"end":{"line":103,"column":3}}]},"10":{"loc":{"start":{"line":100,"column":6},"end":{"line":100,"column":64}},"type":"binary-expr","locations":[{"start":{"line":100,"column":6},"end":{"line":100,"column":18}},{"start":{"line":100,"column":22},"end":{"line":100,"column":45}},{"start":{"line":100,"column":49},"end":{"line":100,"column":64}}]},"11":{"loc":{"start":{"line":102,"column":11},"end":{"line":102,"column":61}},"type":"cond-expr","locations":[{"start":{"line":102,"column":45},"end":{"line":102,"column":56}},{"start":{"line":102,"column":59},"end":{"line":102,"column":61}}]},"12":{"loc":{"start":{"line":104,"column":2},"end":{"line":106,"column":3}},"type":"if","locations":[{"start":{"line":104,"column":2},"end":{"line":106,"column":3}}]},"13":{"loc":{"start":{"line":114,"column":2},"end":{"line":117,"column":3}},"type":"if","locations":[{"start":{"line":114,"column":2},"end":{"line":117,"column":3}}]},"14":{"loc":{"start":{"line":114,"column":6},"end":{"line":114,"column":64}},"type":"binary-expr","locations":[{"start":{"line":114,"column":6},"end":{"line":114,"column":18}},{"start":{"line":114,"column":22},"end":{"line":114,"column":45}},{"start":{"line":114,"column":49},"end":{"line":114,"column":64}}]},"15":{"loc":{"start":{"line":116,"column":11},"end":{"line":116,"column":60}},"type":"cond-expr","locations":[{"start":{"line":116,"column":45},"end":{"line":116,"column":56}},{"start":{"line":116,"column":59},"end":{"line":116,"column":60}}]},"16":{"loc":{"start":{"line":161,"column":16},"end":{"line":161,"column":25}},"type":"binary-expr","locations":[{"start":{"line":161,"column":16},"end":{"line":161,"column":20}},{"start":{"line":161,"column":24},"end":{"line":161,"column":25}}]}},"s":{"0":4,"1":4,"2":4,"3":4,"4":4,"5":0,"6":0,"7":0,"8":0,"9":0,"10":0,"11":0,"12":0,"13":0,"14":0,"15":0,"16":0,"17":0,"18":0,"19":0,"20":0,"21":0,"22":0,"23":0,"24":0,"25":0,"26":0,"27":0,"28":0,"29":0,"30":0,"31":0,"32":0,"33":0,"34":0,"35":0,"36":0,"37":0,"38":0,"39":0,"40":0,"41":0,"42":0,"43":0,"44":0,"45":0,"46":0,"47":0,"48":0,"49":0,"50":0,"51":0},"f":{"0":0,"1":0,"2":0,"3":0,"4":0,"5":0,"6":0,"7":0,"8":0,"9":0,"10":0,"11":0,"12":0,"13":0,"14":0},"b":{"0":[0],"1":[0],"2":[0],"3":[0],"4":[0],"5":[0,0,0,0],"6":[0],"7":[0,0,0],"8":[0,0],"9":[0],"10":[0,0,0],"11":[0,0],"12":[0],"13":[0],"14":[0,0,0],"15":[0,0],"16":[0,0]}}
,"/Users/chenchen/working/sourcecode/tools/dev-tools/eket/node/src/utils/yaml-parser.ts": {"path":"/Users/chenchen/working/sourcecode/tools/dev-tools/eket/node/src/utils/yaml-parser.ts","statementMap":{"0":{"start":{"line":11,"column":0},"end":{"line":11,"column":16}},"1":{"start":{"line":55,"column":0},"end":{"line":55,"column":16}},"2":{"start":{"line":102,"column":0},"end":{"line":102,"column":16}},"3":{"start":{"line":12,"column":18},"end":{"line":12,"column":30}},"4":{"start":{"line":15,"column":2},"end":{"line":15,"column":38}},"5":{"start":{"line":15,"column":26},"end":{"line":15,"column":38}},"6":{"start":{"line":16,"column":2},"end":{"line":16,"column":40}},"7":{"start":{"line":16,"column":27},"end":{"line":16,"column":40}},"8":{"start":{"line":19,"column":2},"end":{"line":22,"column":3}},"9":{"start":{"line":21,"column":4},"end":{"line":21,"column":32}},"10":{"start":{"line":25,"column":2},"end":{"line":27,"column":3}},"11":{"start":{"line":26,"column":4},"end":{"line":26,"column":33}},"12":{"start":{"line":28,"column":2},"end":{"line":30,"column":3}},"13":{"start":{"line":29,"column":4},"end":{"line":29,"column":31}},"14":{"start":{"line":33,"column":2},"end":{"line":37,"column":3}},"15":{"start":{"line":34,"column":18},"end":{"line":34,"column":45}},"16":{"start":{"line":35,"column":4},"end":{"line":35,"column":32}},"17":{"start":{"line":35,"column":22},"end":{"line":35,"column":32}},"18":{"start":{"line":36,"column":4},"end":{"line":36,"column":71}},"19":{"start":{"line":36,"column":42},"end":{"line":36,"column":69}},"20":{"start":{"line":40,"column":2},"end":{"line":40,"column":17}},"21":{"start":{"line":56,"column":42},"end":{"line":56,"column":44}},"22":{"start":{"line":57,"column":16},"end":{"line":57,"column":35}},"23":{"start":{"line":62,"column":7},"end":{"line":62,"column":39}},"24":{"start":{"line":64,"column":2},"end":{"line":94,"column":3}},"25":{"start":{"line":66,"column":4},"end":{"line":68,"column":5}},"26":{"start":{"line":67,"column":6},"end":{"line":67,"column":15}},"27":{"start":{"line":70,"column":18},"end":{"line":70,"column":55}},"28":{"start":{"line":71,"column":4},"end":{"line":73,"column":5}},"29":{"start":{"line":72,"column":6},"end":{"line":72,"column":15}},"30":{"start":{"line":75,"column":41},"end":{"line":75,"column":46}},"31":{"start":{"line":76,"column":19},"end":{"line":76,"column":35}},"32":{"start":{"line":77,"column":25},"end":{"line":77,"column":40}},"33":{"start":{"line":80,"column":4},"end":{"line":82,"column":5}},"34":{"start":{"line":81,"column":6},"end":{"line":81,"column":18}},"35":{"start":{"line":84,"column":19},"end":{"line":84,"column":49}},"36":{"start":{"line":86,"column":4},"end":{"line":93,"column":5}},"37":{"start":{"line":88,"column":6},"end":{"line":88,"column":49}},"38":{"start":{"line":91,"column":6},"end":{"line":91,"column":50}},"39":{"start":{"line":92,"column":6},"end":{"line":92,"column":77}},"40":{"start":{"line":96,"column":2},"end":{"line":96,"column":16}},"41":{"start":{"line":103,"column":26},"end":{"line":103,"column":28}},"42":{"start":{"line":104,"column":17},"end":{"line":104,"column":36}},"43":{"start":{"line":106,"column":2},"end":{"line":123,"column":3}},"44":{"start":{"line":107,"column":4},"end":{"line":122,"column":5}},"45":{"start":{"line":108,"column":6},"end":{"line":108,"column":37}},"46":{"start":{"line":109,"column":6},"end":{"line":109,"column":77}},"47":{"start":{"line":110,"column":11},"end":{"line":122,"column":5}},"48":{"start":{"line":111,"column":6},"end":{"line":111,"column":37}},"49":{"start":{"line":112,"column":6},"end":{"line":119,"column":7}},"50":{"start":{"line":113,"column":8},"end":{"line":118,"column":9}},"51":{"start":{"line":114,"column":10},"end":{"line":114,"column":37}},"52":{"start":{"line":115,"column":10},"end":{"line":115,"column":80}},"53":{"start":{"line":117,"column":10},"end":{"line":117,"column":62}},"54":{"start":{"line":121,"column":6},"end":{"line":121,"column":63}},"55":{"start":{"line":125,"column":2},"end":{"line":125,"column":26}},"56":{"start":{"line":132,"column":2},"end":{"line":134,"column":3}},"57":{"start":{"line":133,"column":4},"end":{"line":133,"column":18}},"58":{"start":{"line":135,"column":2},"end":{"line":137,"column":3}},"59":{"start":{"line":136,"column":4},"end":{"line":136,"column":36}},"60":{"start":{"line":138,"column":2},"end":{"line":140,"column":3}},"61":{"start":{"line":139,"column":4},"end":{"line":139,"column":25}},"62":{"start":{"line":141,"column":2},"end":{"line":147,"column":3}},"63":{"start":{"line":143,"column":4},"end":{"line":145,"column":5}},"64":{"start":{"line":144,"column":6},"end":{"line":144,"column":47}},"65":{"start":{"line":146,"column":4},"end":{"line":146,"column":17}},"66":{"start":{"line":148,"column":2},"end":{"line":148,"column":23}}},"fnMap":{"0":{"name":"parseYAMLValue","decl":{"start":{"line":11,"column":16},"end":{"line":11,"column":30}},"loc":{"start":{"line":11,"column":44},"end":{"line":41,"column":1}}},"1":{"name":"(anonymous_1)","decl":{"start":{"line":36,"column":32},"end":{"line":36,"column":33}},"loc":{"start":{"line":36,"column":42},"end":{"line":36,"column":69}}},"2":{"name":"parseSimpleYAML","decl":{"start":{"line":55,"column":16},"end":{"line":55,"column":31}},"loc":{"start":{"line":55,"column":47},"end":{"line":97,"column":1}}},"3":{"name":"toSimpleYAML","decl":{"start":{"line":102,"column":16},"end":{"line":102,"column":28}},"loc":{"start":{"line":102,"column":77},"end":{"line":126,"column":1}}},"4":{"name":"formatYAMLValue","decl":{"start":{"line":131,"column":9},"end":{"line":131,"column":24}},"loc":{"start":{"line":131,"column":39},"end":{"line":149,"column":1}}}},"branchMap":{"0":{"loc":{"start":{"line":15,"column":2},"end":{"line":15,"column":38}},"type":"if","locations":[{"start":{"line":15,"column":2},"end":{"line":15,"column":38}}]},"1":{"loc":{"start":{"line":16,"column":2},"end":{"line":16,"column":40}},"type":"if","locations":[{"start":{"line":16,"column":2},"end":{"line":16,"column":40}}]},"2":{"loc":{"start":{"line":19,"column":2},"end":{"line":22,"column":3}},"type":"if","locations":[{"start":{"line":19,"column":2},"end":{"line":22,"column":3}}]},"3":{"loc":{"start":{"line":19,"column":6},"end":{"line":20,"column":56}},"type":"binary-expr","locations":[{"start":{"line":19,"column":7},"end":{"line":19,"column":30}},{"start":{"line":19,"column":34},"end":{"line":19,"column":55}},{"start":{"line":20,"column":7},"end":{"line":20,"column":30}},{"start":{"line":20,"column":34},"end":{"line":20,"column":55}}]},"4":{"loc":{"start":{"line":25,"column":2},"end":{"line":27,"column":3}},"type":"if","locations":[{"start":{"line":25,"column":2},"end":{"line":27,"column":3}}]},"5":{"loc":{"start":{"line":28,"column":2},"end":{"line":30,"column":3}},"type":"if","locations":[{"start":{"line":28,"column":2},"end":{"line":30,"column":3}}]},"6":{"loc":{"start":{"line":33,"column":2},"end":{"line":37,"column":3}},"type":"if","locations":[{"start":{"line":33,"column":2},"end":{"line":37,"column":3}}]},"7":{"loc":{"start":{"line":33,"column":6},"end":{"line":33,"column":54}},"type":"binary-expr","locations":[{"start":{"line":33,"column":6},"end":{"line":33,"column":29}},{"start":{"line":33,"column":33},"end":{"line":33,"column":54}}]},"8":{"loc":{"start":{"line":35,"column":4},"end":{"line":35,"column":32}},"type":"if","locations":[{"start":{"line":35,"column":4},"end":{"line":35,"column":32}}]},"9":{"loc":{"start":{"line":66,"column":4},"end":{"line":68,"column":5}},"type":"if","locations":[{"start":{"line":66,"column":4},"end":{"line":68,"column":5}}]},"10":{"loc":{"start":{"line":66,"column":8},"end":{"line":66,"column":57}},"type":"binary-expr","locations":[{"start":{"line":66,"column":8},"end":{"line":66,"column":35}},{"start":{"line":66,"column":39},"end":{"line":66,"column":57}}]},"11":{"loc":{"start":{"line":71,"column":4},"end":{"line":73,"column":5}},"type":"if","locations":[{"start":{"line":71,"column":4},"end":{"line":73,"column":5}}]},"12":{"loc":{"start":{"line":80,"column":11},"end":{"line":80,"column":71}},"type":"binary-expr","locations":[{"start":{"line":80,"column":11},"end":{"line":80,"column":27}},{"start":{"line":80,"column":31},"end":{"line":80,"column":71}}]},"13":{"loc":{"start":{"line":86,"column":4},"end":{"line":93,"column":5}},"type":"if","locations":[{"start":{"line":86,"column":4},"end":{"line":93,"column":5}},{"start":{"line":89,"column":11},"end":{"line":93,"column":5}}]},"14":{"loc":{"start":{"line":102,"column":59},"end":{"line":102,"column":77}},"type":"default-arg","locations":[{"start":{"line":102,"column":76},"end":{"line":102,"column":77}}]},"15":{"loc":{"start":{"line":107,"column":4},"end":{"line":122,"column":5}},"type":"if","locations":[{"start":{"line":107,"column":4},"end":{"line":122,"column":5}},{"start":{"line":110,"column":11},"end":{"line":122,"column":5}}]},"16":{"loc":{"start":{"line":107,"column":8},"end":{"line":107,"column":76}},"type":"binary-expr","locations":[{"start":{"line":107,"column":8},"end":{"line":107,"column":33}},{"start":{"line":107,"column":37},"end":{"line":107,"column":51}},{"start":{"line":107,"column":55},"end":{"line":107,"column":76}}]},"17":{"loc":{"start":{"line":110,"column":11},"end":{"line":122,"column":5}},"type":"if","locations":[{"start":{"line":110,"column":11},"end":{"line":122,"column":5}},{"start":{"line":120,"column":11},"end":{"line":122,"column":5}}]},"18":{"loc":{"start":{"line":113,"column":8},"end":{"line":118,"column":9}},"type":"if","locations":[{"start":{"line":113,"column":8},"end":{"line":118,"column":9}},{"start":{"line":116,"column":15},"end":{"line":118,"column":9}}]},"19":{"loc":{"start":{"line":113,"column":12},"end":{"line":113,"column":53}},"type":"binary-expr","locations":[{"start":{"line":113,"column":12},"end":{"line":113,"column":36}},{"start":{"line":113,"column":40},"end":{"line":113,"column":53}}]},"20":{"loc":{"start":{"line":132,"column":2},"end":{"line":134,"column":3}},"type":"if","locations":[{"start":{"line":132,"column":2},"end":{"line":134,"column":3}}]},"21":{"loc":{"start":{"line":132,"column":6},"end":{"line":132,"column":43}},"type":"binary-expr","locations":[{"start":{"line":132,"column":6},"end":{"line":132,"column":20}},{"start":{"line":132,"column":24},"end":{"line":132,"column":43}}]},"22":{"loc":{"start":{"line":135,"column":2},"end":{"line":137,"column":3}},"type":"if","locations":[{"start":{"line":135,"column":2},"end":{"line":137,"column":3}}]},"23":{"loc":{"start":{"line":136,"column":11},"end":{"line":136,"column":35}},"type":"cond-expr","locations":[{"start":{"line":136,"column":19},"end":{"line":136,"column":25}},{"start":{"line":136,"column":28},"end":{"line":136,"column":35}}]},"24":{"loc":{"start":{"line":138,"column":2},"end":{"line":140,"column":3}},"type":"if","locations":[{"start":{"line":138,"column":2},"end":{"line":140,"column":3}}]},"25":{"loc":{"start":{"line":141,"column":2},"end":{"line":147,"column":3}},"type":"if","locations":[{"start":{"line":141,"column":2},"end":{"line":147,"column":3}}]},"26":{"loc":{"start":{"line":143,"column":4},"end":{"line":145,"column":5}},"type":"if","locations":[{"start":{"line":143,"column":4},"end":{"line":145,"column":5}}]},"27":{"loc":{"start":{"line":143,"column":8},"end":{"line":143,"column":74}},"type":"binary-expr","locations":[{"start":{"line":143,"column":8},"end":{"line":143,"column":27}},{"start":{"line":143,"column":31},"end":{"line":143,"column":50}},{"start":{"line":143,"column":54},"end":{"line":143,"column":74}}]}},"s":{"0":4,"1":4,"2":4,"3":0,"4":0,"5":0,"6":0,"7":0,"8":0,"9":0,"10":0,"11":0,"12":0,"13":0,"14":0,"15":0,"16":0,"17":0,"18":0,"19":0,"20":0,"21":0,"22":0,"23":0,"24":0,"25":0,"26":0,"27":0,"28":0,"29":0,"30":0,"31":0,"32":0,"33":0,"34":0,"35":0,"36":0,"37":0,"38":0,"39":0,"40":0,"41":0,"42":0,"43":0,"44":0,"45":0,"46":0,"47":0,"48":0,"49":0,"50":0,"51":0,"52":0,"53":0,"54":0,"55":0,"56":0,"57":0,"58":0,"59":0,"60":0,"61":0,"62":0,"63":0,"64":0,"65":0,"66":0},"f":{"0":0,"1":0,"2":0,"3":0,"4":0},"b":{"0":[0],"1":[0],"2":[0],"3":[0,0,0,0],"4":[0],"5":[0],"6":[0],"7":[0,0],"8":[0],"9":[0],"10":[0,0],"11":[0],"12":[0,0],"13":[0,0],"14":[0],"15":[0,0],"16":[0,0,0],"17":[0,0],"18":[0,0],"19":[0,0],"20":[0],"21":[0,0],"22":[0],"23":[0,0],"24":[0],"25":[0],"26":[0],"27":[0,0,0]}}
}
