TN:
SF:src/api/openclaw-gateway.ts
FN:27,(anonymous_1)
FN:33,(anonymous_2)
FN:48,(anonymous_3)
FN:57,(anonymous_4)
FN:66,(anonymous_5)
FN:67,(anonymous_6)
FN:68,(anonymous_7)
FN:78,(anonymous_8)
FNF:8
FNH:6
FNDA:21,(anonymous_1)
FNDA:21,(anonymous_2)
FNDA:0,(anonymous_3)
FNDA:0,(anonymous_4)
FNDA:19,(anonymous_5)
FNDA:19,(anonymous_6)
FNDA:19,(anonymous_7)
FNDA:19,(anonymous_8)
DA:9,1
DA:10,1
DA:11,1
DA:12,1
DA:13,1
DA:14,1
DA:23,1
DA:28,21
DA:29,21
DA:30,21
DA:35,21
DA:36,21
DA:39,21
DA:42,21
DA:43,21
DA:44,21
DA:45,21
DA:48,21
DA:49,0
DA:57,21
DA:58,0
DA:59,0
DA:67,19
DA:68,19
DA:69,19
DA:70,19
DA:71,19
DA:72,19
DA:73,19
DA:74,19
DA:75,19
DA:78,19
DA:79,19
LF:33
LH:30
BRF:0
BRH:0
end_of_record
TN:
SF:src/api/middleware/api-key-manager.ts
FN:43,(anonymous_9)
FN:56,(anonymous_10)
FN:88,(anonymous_11)
FN:124,(anonymous_12)
FN:140,(anonymous_13)
FN:156,(anonymous_14)
FN:170,(anonymous_15)
FN:171,(anonymous_16)
FN:177,(anonymous_17)
FN:195,(anonymous_18)
FN:206,(anonymous_19)
FN:207,(anonymous_20)
FN:217,createApiKeyManager
FNF:13
FNH:7
FNDA:5,(anonymous_9)
FNDA:8,(anonymous_10)
FNDA:5,(anonymous_11)
FNDA:1,(anonymous_12)
FNDA:0,(anonymous_13)
FNDA:1,(anonymous_14)
FNDA:0,(anonymous_15)
FNDA:0,(anonymous_16)
FNDA:0,(anonymous_17)
FNDA:12,(anonymous_18)
FNDA:0,(anonymous_19)
FNDA:0,(anonymous_20)
FNDA:5,createApiKeyManager
DA:9,1
DA:38,1
DA:39,5
DA:40,5
DA:44,5
DA:58,8
DA:61,8
DA:64,8
DA:67,8
DA:68,8
DA:78,8
DA:79,8
DA:82,8
DA:89,5
DA:90,1
DA:93,4
DA:94,4
DA:96,4
DA:97,0
DA:100,4
DA:101,4
DA:102,0
DA:106,4
DA:107,1
DA:111,3
DA:112,1
DA:116,2
DA:118,2
DA:125,1
DA:126,1
DA:127,0
DA:130,1
DA:131,1
DA:132,1
DA:134,1
DA:141,0
DA:142,0
DA:143,0
DA:147,0
DA:150,0
DA:157,1
DA:158,1
DA:159,0
DA:163,1
DA:164,1
DA:171,0
DA:178,0
DA:179,0
DA:181,0
DA:182,0
DA:183,0
DA:184,0
DA:185,0
DA:189,0
DA:196,12
DA:207,0
DA:217,1
DA:218,5
LF:58
LH:39
BRDA:43,0,0,5
BRDA:45,1,0,5
BRDA:45,1,1,5
BRDA:46,2,0,5
BRDA:46,2,1,5
BRDA:47,3,0,5
BRDA:47,3,1,5
BRDA:56,4,0,7
BRDA:73,5,0,1
BRDA:73,5,1,7
BRDA:89,6,0,1
BRDA:89,7,0,5
BRDA:89,7,1,5
BRDA:89,7,2,5
BRDA:96,8,0,0
BRDA:101,9,0,0
BRDA:106,10,0,1
BRDA:111,11,0,1
BRDA:111,12,0,3
BRDA:111,12,1,1
BRDA:126,13,0,0
BRDA:142,14,0,0
BRDA:150,15,0,0
BRDA:150,15,1,0
BRDA:158,16,0,0
BRDA:182,17,0,0
BRDA:182,18,0,0
BRDA:182,18,1,0
BRF:28
BRH:18
end_of_record
TN:
SF:src/api/middleware/auth.ts
FN:35,authMiddleware
FN:36,(anonymous_1)
FN:145,legacyAuthMiddleware
FNF:3
FNH:2
FNDA:146,authMiddleware
FNDA:144,(anonymous_1)
FNDA:0,legacyAuthMiddleware
DA:35,6
DA:36,146
DA:37,144
DA:40,144
DA:41,3
DA:45,3
DA:48,141
DA:50,141
DA:51,1
DA:55,1
DA:59,140
DA:60,5
DA:62,5
DA:63,3
DA:64,3
DA:74,3
DA:78,2
DA:79,2
DA:80,2
DA:84,135
DA:86,130
DA:87,130
DA:88,0
DA:93,130
DA:94,3
DA:98,3
DA:101,127
DA:102,127
DA:106,5
DA:107,5
DA:108,5
DA:110,5
DA:111,2
DA:114,2
DA:118,2
DA:121,3
DA:122,1
DA:126,1
DA:129,2
DA:130,2
DA:134,0
DA:135,0
DA:145,6
DA:146,0
LF:44
LH:40
BRDA:35,0,0,0
BRDA:40,1,0,3
BRDA:50,2,0,1
BRDA:59,3,0,5
BRDA:62,4,0,3
BRDA:63,5,0,1
BRDA:63,5,1,2
BRDA:65,6,0,1
BRDA:65,6,1,2
BRDA:67,7,0,1
BRDA:67,7,1,2
BRDA:69,8,0,1
BRDA:69,8,1,1
BRDA:84,9,0,130
BRDA:87,10,0,0
BRDA:93,11,0,3
BRDA:106,12,0,5
BRDA:107,13,0,5
BRDA:107,13,1,4
BRDA:110,14,0,2
BRDA:121,15,0,1
BRF:21
BRH:19
end_of_record
TN:
SF:src/api/middleware/rate-limiter.ts
FN:32,(anonymous_0)
FN:48,(anonymous_1)
FN:49,(anonymous_2)
FN:86,(anonymous_3)
FN:103,(anonymous_4)
FN:120,(anonymous_5)
FN:123,(anonymous_6)
FN:139,(anonymous_7)
FN:149,(anonymous_8)
FN:156,(anonymous_9)
FN:164,createRateLimiter
FNF:11
FNH:11
FNDA:29,(anonymous_0)
FNDA:19,(anonymous_1)
FNDA:154,(anonymous_2)
FNDA:154,(anonymous_3)
FNDA:154,(anonymous_4)
FNDA:29,(anonymous_5)
FNDA:8,(anonymous_6)
FNDA:32,(anonymous_7)
FNDA:3,(anonymous_8)
FNDA:3,(anonymous_9)
FNDA:29,createRateLimiter
DA:27,1
DA:28,29
DA:33,29
DA:42,29
DA:49,19
DA:50,154
DA:51,154
DA:52,154
DA:55,154
DA:56,0
DA:57,0
DA:59,154
DA:63,154
DA:64,153
DA:65,153
DA:66,153
DA:70,154
DA:71,14
DA:76,14
DA:79,140
DA:88,154
DA:89,7
DA:90,7
DA:91,7
DA:92,7
DA:97,147
DA:104,154
DA:106,154
DA:107,21
DA:111,21
DA:114,154
DA:121,29
DA:123,29
DA:124,8
DA:125,8
DA:126,7
DA:127,2
DA:133,29
DA:140,32
DA:141,28
DA:142,28
DA:150,3
DA:157,3
DA:164,1
DA:165,29
DA:174,1
LF:46
LH:44
BRDA:34,0,0,29
BRDA:34,0,1,0
BRDA:35,1,0,29
BRDA:35,1,1,0
BRDA:36,2,0,29
BRDA:36,2,1,28
BRDA:37,3,0,29
BRDA:37,3,1,21
BRDA:38,4,0,29
BRDA:38,4,1,27
BRDA:55,5,0,0
BRDA:55,5,1,154
BRDA:63,6,0,153
BRDA:70,7,0,14
BRDA:88,8,0,7
BRDA:90,9,0,7
BRDA:97,10,0,147
BRDA:97,10,1,1
BRDA:106,11,0,21
BRDA:126,12,0,2
BRDA:140,13,0,28
BRDA:165,14,0,29
BRDA:165,14,1,1
BRF:23
BRH:20
end_of_record
TN:
SF:src/api/routes/agent.ts
FN:19,getAdapter
FN:46,(anonymous_1)
FN:99,(anonymous_2)
FNF:3
FNH:3
FNDA:30,getAdapter
FNDA:25,(anonymous_1)
FNDA:7,(anonymous_2)
DA:7,2
DA:8,2
DA:14,2
DA:17,2
DA:20,30
DA:21,1
DA:26,30
DA:46,2
DA:47,25
DA:48,25
DA:51,25
DA:52,2
DA:56,2
DA:60,23
DA:69,23
DA:71,23
DA:72,23
DA:76,23
DA:79,0
DA:87,0
DA:88,0
DA:99,2
DA:100,7
DA:101,7
DA:104,7
DA:106,7
DA:107,7
DA:111,7
DA:114,0
DA:116,0
DA:117,0
LF:31
LH:25
BRDA:20,0,0,1
BRDA:51,1,0,2
BRDA:61,2,0,23
BRDA:61,2,1,22
BRDA:63,3,0,23
BRDA:63,3,1,8
BRDA:64,4,0,23
BRDA:64,4,1,20
BRDA:71,5,0,23
BRDA:90,6,0,0
BRDA:90,6,1,0
BRDA:106,7,0,7
BRDA:119,8,0,0
BRDA:119,8,1,0
BRF:14
BRH:10
end_of_record
TN:
SF:src/api/routes/memory.ts
FN:24,(anonymous_9)
FN:82,(anonymous_10)
FN:85,(anonymous_11)
FN:106,(anonymous_12)
FNF:4
FNH:4
FNDA:17,(anonymous_9)
FNDA:2,(anonymous_10)
FNDA:16,(anonymous_11)
FNDA:6,(anonymous_12)
DA:7,2
DA:8,2
DA:9,2
DA:11,2
DA:13,2
DA:24,2
DA:25,17
DA:26,17
DA:29,17
DA:30,1
DA:34,1
DA:38,16
DA:44,16
DA:46,16
DA:47,38
DA:48,16
DA:51,22
DA:52,22
DA:53,22
DA:56,22
DA:57,22
DA:58,2
DA:62,20
DA:63,20
DA:64,3
DA:68,17
DA:69,17
DA:70,1
DA:73,16
DA:82,16
DA:84,16
DA:85,16
DA:94,0
DA:95,0
DA:106,2
DA:107,6
DA:108,6
DA:109,6
DA:111,6
DA:112,1
DA:116,1
DA:119,5
DA:120,5
DA:122,5
DA:130,0
DA:131,0
LF:46
LH:42
BRDA:29,0,0,1
BRDA:47,1,0,16
BRDA:56,2,0,5
BRDA:56,2,1,17
BRDA:57,3,0,2
BRDA:57,4,0,22
BRDA:57,4,1,5
BRDA:62,5,0,9
BRDA:62,5,1,11
BRDA:63,6,0,3
BRDA:63,7,0,20
BRDA:63,7,1,9
BRDA:68,8,0,2
BRDA:68,8,1,15
BRDA:69,9,0,1
BRDA:69,10,0,17
BRDA:69,10,1,2
BRDA:97,11,0,0
BRDA:97,11,1,0
BRDA:111,12,0,1
BRDA:133,13,0,0
BRDA:133,13,1,0
BRF:22
BRH:18
end_of_record
TN:
SF:src/api/routes/task.ts
FN:19,getAdapter
FN:45,(anonymous_1)
FN:116,(anonymous_2)
FNF:3
FNH:3
FNDA:32,getAdapter
FNDA:31,(anonymous_1)
FNDA:5,(anonymous_2)
DA:7,2
DA:8,2
DA:14,2
DA:17,2
DA:20,32
DA:21,1
DA:26,32
DA:45,2
DA:46,31
DA:47,31
DA:50,31
DA:51,2
DA:55,2
DA:57,29
DA:58,1
DA:62,1
DA:64,28
DA:65,1
DA:69,1
DA:73,27
DA:87,27
DA:89,27
DA:90,0
DA:94,0
DA:97,27
DA:104,0
DA:105,0
DA:116,2
DA:117,5
DA:118,5
DA:121,5
DA:123,5
DA:124,0
DA:128,0
DA:131,5
DA:133,0
DA:134,0
LF:37
LH:29
BRDA:20,0,0,1
BRDA:50,1,0,2
BRDA:57,2,0,1
BRDA:64,3,0,1
BRDA:74,4,0,27
BRDA:74,4,1,26
BRDA:78,5,0,27
BRDA:78,5,1,25
BRDA:79,6,0,27
BRDA:79,6,1,20
BRDA:89,7,0,0
BRDA:101,8,0,27
BRDA:101,8,1,27
BRDA:107,9,0,0
BRDA:107,9,1,0
BRDA:123,10,0,0
BRDA:136,11,0,0
BRDA:136,11,1,0
BRF:18
BRH:12
end_of_record
TN:
SF:src/api/routes/workflow.ts
FN:19,getAdapter
FN:42,(anonymous_1)
FN:95,(anonymous_2)
FNF:3
FNH:3
FNDA:20,getAdapter
FNDA:19,(anonymous_1)
FNDA:4,(anonymous_2)
DA:7,2
DA:8,2
DA:14,2
DA:17,2
DA:20,20
DA:21,1
DA:26,20
DA:42,2
DA:43,19
DA:44,19
DA:47,19
DA:48,2
DA:52,2
DA:56,16
DA:67,16
DA:69,16
DA:70,0
DA:74,0
DA:77,16
DA:83,1
DA:84,1
DA:95,2
DA:96,4
DA:97,4
DA:100,4
DA:102,4
DA:103,0
DA:107,0
DA:110,4
DA:112,0
DA:113,0
LF:31
LH:25
BRDA:20,0,0,1
BRDA:47,1,0,2
BRDA:57,2,0,16
BRDA:57,2,1,14
BRDA:59,3,0,16
BRDA:59,3,1,13
BRDA:60,4,0,16
BRDA:60,4,1,2
BRDA:69,5,0,0
BRDA:86,6,0,1
BRDA:86,6,1,0
BRDA:102,7,0,0
BRDA:115,8,0,0
BRDA:115,8,1,0
BRF:14
BRH:9
end_of_record
TN:
SF:src/core/circuit-breaker.ts
FN:82,(anonymous_0)
FN:94,(anonymous_1)
FN:128,(anonymous_2)
FN:150,(anonymous_3)
FN:167,(anonymous_4)
FN:192,(anonymous_5)
FN:203,(anonymous_6)
FN:215,(anonymous_7)
FN:229,(anonymous_8)
FN:236,(anonymous_9)
FN:243,(anonymous_10)
FN:250,(anonymous_11)
FN:257,(anonymous_12)
FN:271,(anonymous_13)
FN:283,(anonymous_14)
FN:306,(anonymous_15)
FN:361,(anonymous_16)
FN:371,(anonymous_17)
FN:372,(anonymous_18)
FN:378,(anonymous_19)
FN:385,(anonymous_20)
FN:393,createRetryExecutor
FN:403,createCircuitBreaker
FNF:23
FNH:0
FNDA:0,(anonymous_0)
FNDA:0,(anonymous_1)
FNDA:0,(anonymous_2)
FNDA:0,(anonymous_3)
FNDA:0,(anonymous_4)
FNDA:0,(anonymous_5)
FNDA:0,(anonymous_6)
FNDA:0,(anonymous_7)
FNDA:0,(anonymous_8)
FNDA:0,(anonymous_9)
FNDA:0,(anonymous_10)
FNDA:0,(anonymous_11)
FNDA:0,(anonymous_12)
FNDA:0,(anonymous_13)
FNDA:0,(anonymous_14)
FNDA:0,(anonymous_15)
FNDA:0,(anonymous_16)
FNDA:0,(anonymous_17)
FNDA:0,(anonymous_18)
FNDA:0,(anonymous_19)
FNDA:0,(anonymous_20)
FNDA:0,createRetryExecutor
FNDA:0,createCircuitBreaker
DA:17,4
DA:72,4
DA:74,0
DA:75,0
DA:76,0
DA:80,0
DA:83,0
DA:96,0
DA:97,0
DA:106,0
DA:107,0
DA:109,0
DA:110,0
DA:112,0
DA:115,0
DA:117,0
DA:118,0
DA:129,0
DA:130,0
DA:133,0
DA:135,0
DA:136,0
DA:137,0
DA:138,0
DA:140,0
DA:144,0
DA:151,0
DA:152,0
DA:154,0
DA:155,0
DA:156,0
DA:158,0
DA:160,0
DA:169,0
DA:170,0
DA:171,0
DA:173,0
DA:177,0
DA:178,0
DA:180,0
DA:182,0
DA:183,0
DA:185,0
DA:193,0
DA:194,0
DA:195,0
DA:196,0
DA:197,0
DA:204,0
DA:205,0
DA:206,0
DA:207,0
DA:208,0
DA:209,0
DA:216,0
DA:230,0
DA:237,0
DA:244,0
DA:251,0
DA:258,0
DA:272,0
DA:279,4
DA:287,0
DA:300,0
DA:310,0
DA:311,0
DA:313,0
DA:315,0
DA:317,0
DA:318,0
DA:322,0
DA:323,0
DA:325,0
DA:329,0
DA:333,0
DA:335,0
DA:336,0
DA:338,0
DA:343,0
DA:344,0
DA:349,0
DA:362,0
DA:363,0
DA:365,0
DA:372,0
DA:379,0
DA:386,0
DA:393,4
DA:397,0
DA:403,4
DA:404,0
LF:91
LH:5
BRDA:82,0,0,0
BRDA:84,1,0,0
BRDA:84,1,1,0
BRDA:85,2,0,0
BRDA:85,2,1,0
BRDA:86,3,0,0
BRDA:86,3,1,0
BRDA:87,4,0,0
BRDA:87,4,1,0
BRDA:96,5,0,0
BRDA:109,6,0,0
BRDA:109,6,1,0
BRDA:120,7,0,0
BRDA:120,7,1,0
BRDA:129,8,0,0
BRDA:133,9,0,0
BRDA:135,10,0,0
BRDA:135,11,0,0
BRDA:135,11,1,0
BRDA:154,12,0,0
BRDA:154,12,1,0
BRDA:155,13,0,0
BRDA:158,14,0,0
BRDA:169,15,0,0
BRDA:169,16,0,0
BRDA:169,16,1,0
BRDA:171,17,0,0
BRDA:180,18,0,0
BRDA:180,18,1,0
BRDA:183,19,0,0
BRDA:284,20,0,0
BRDA:285,21,0,0
BRDA:288,22,0,0
BRDA:288,22,1,0
BRDA:289,23,0,0
BRDA:289,23,1,0
BRDA:290,24,0,0
BRDA:290,24,1,0
BRDA:291,25,0,0
BRDA:291,25,1,0
BRDA:292,26,0,0
BRDA:292,26,1,0
BRDA:317,27,0,0
BRDA:322,28,0,0
BRDA:322,28,1,0
BRDA:323,29,0,0
BRDA:329,30,0,0
BRDA:329,30,1,0
BRDA:333,31,0,0
BRDA:340,32,0,0
BRDA:340,32,1,0
BRDA:362,33,0,0
BRF:52
BRH:0
end_of_record
TN:
SF:src/core/instance-registry.ts
FN:21,(anonymous_0)
FN:33,(anonymous_1)
FN:40,(anonymous_2)
FN:51,(anonymous_3)
FN:98,(anonymous_4)
FN:160,(anonymous_5)
FN:191,(anonymous_6)
FN:225,(anonymous_7)
FN:266,(anonymous_8)
FN:308,(anonymous_9)
FN:351,(anonymous_10)
FN:391,(anonymous_11)
FN:396,(anonymous_12)
FN:407,(anonymous_13)
FN:417,(anonymous_14)
FN:454,(anonymous_15)
FN:476,createInstanceRegistry
FNF:17
FNH:4
FNDA:3,(anonymous_0)
FNDA:23,(anonymous_1)
FNDA:0,(anonymous_2)
FNDA:0,(anonymous_3)
FNDA:0,(anonymous_4)
FNDA:7,(anonymous_5)
FNDA:0,(anonymous_6)
FNDA:0,(anonymous_7)
FNDA:0,(anonymous_8)
FNDA:0,(anonymous_9)
FNDA:0,(anonymous_10)
FNDA:0,(anonymous_11)
FNDA:0,(anonymous_12)
FNDA:0,(anonymous_13)
FNDA:0,(anonymous_14)
FNDA:0,(anonymous_15)
FNDA:3,createInstanceRegistry
DA:9,4
DA:10,4
DA:16,4
DA:23,3
DA:27,3
DA:34,23
DA:41,0
DA:42,0
DA:43,0
DA:45,0
DA:52,0
DA:53,0
DA:59,0
DA:60,0
DA:61,0
DA:62,0
DA:68,0
DA:69,0
DA:75,0
DA:78,0
DA:79,0
DA:82,0
DA:83,0
DA:85,0
DA:87,0
DA:88,0
DA:103,0
DA:104,0
DA:105,0
DA:111,0
DA:112,0
DA:113,0
DA:115,0
DA:116,0
DA:122,0
DA:123,0
DA:126,0
DA:127,0
DA:128,0
DA:130,0
DA:131,0
DA:132,0
DA:133,0
DA:137,0
DA:140,0
DA:141,0
DA:142,0
DA:143,0
DA:144,0
DA:147,0
DA:149,0
DA:150,0
DA:161,7
DA:162,7
DA:163,0
DA:169,7
DA:170,7
DA:171,7
DA:173,0
DA:174,0
DA:177,0
DA:178,0
DA:180,7
DA:181,7
DA:192,0
DA:193,0
DA:194,0
DA:200,0
DA:201,0
DA:202,0
DA:204,0
DA:205,0
DA:206,0
DA:207,0
DA:208,0
DA:212,0
DA:214,0
DA:215,0
DA:226,0
DA:227,0
DA:228,0
DA:234,0
DA:235,0
DA:236,0
DA:238,0
DA:243,0
DA:244,0
DA:246,0
DA:247,0
DA:248,0
DA:249,0
DA:253,0
DA:255,0
DA:256,0
DA:267,0
DA:268,0
DA:269,0
DA:275,0
DA:276,0
DA:277,0
DA:279,0
DA:280,0
DA:281,0
DA:282,0
DA:284,0
DA:285,0
DA:286,0
DA:287,0
DA:290,0
DA:295,0
DA:297,0
DA:298,0
DA:309,0
DA:310,0
DA:311,0
DA:317,0
DA:318,0
DA:319,0
DA:321,0
DA:322,0
DA:325,0
DA:328,0
DA:331,0
DA:332,0
DA:335,0
DA:336,0
DA:338,0
DA:340,0
DA:341,0
DA:352,0
DA:353,0
DA:354,0
DA:357,0
DA:358,0
DA:364,0
DA:365,0
DA:367,0
DA:368,0
DA:369,0
DA:370,0
DA:376,0
DA:377,0
DA:378,0
DA:380,0
DA:381,0
DA:392,0
DA:393,0
DA:396,0
DA:397,0
DA:398,0
DA:399,0
DA:408,0
DA:409,0
DA:410,0
DA:418,0
DA:419,0
DA:420,0
DA:426,0
DA:428,0
DA:429,0
DA:431,0
DA:432,0
DA:433,0
DA:434,0
DA:435,0
DA:436,0
DA:441,0
DA:443,0
DA:444,0
DA:455,0
DA:456,0
DA:457,0
DA:460,0
DA:461,0
DA:463,0
DA:464,0
DA:465,0
DA:466,0
DA:469,0
DA:476,4
DA:477,3
LF:181
LH:15
BRDA:21,0,0,3
BRDA:24,1,0,3
BRDA:24,1,1,3
BRDA:25,2,0,3
BRDA:25,2,1,3
BRDA:41,3,0,0
BRDA:52,4,0,0
BRDA:61,5,0,0
BRDA:87,6,0,0
BRDA:87,6,1,0
BRDA:104,7,0,0
BRDA:115,8,0,0
BRDA:130,9,0,0
BRDA:130,9,1,0
BRDA:131,10,0,0
BRDA:131,10,1,0
BRDA:132,11,0,0
BRDA:132,12,0,0
BRDA:132,12,1,0
BRDA:133,13,0,0
BRDA:133,13,1,0
BRDA:140,14,0,0
BRDA:149,15,0,0
BRDA:149,15,1,0
BRDA:162,16,0,0
BRDA:173,17,0,0
BRDA:180,18,0,7
BRDA:180,18,1,0
BRDA:193,19,0,0
BRDA:207,20,0,0
BRDA:207,21,0,0
BRDA:207,21,1,0
BRDA:214,22,0,0
BRDA:214,22,1,0
BRDA:227,23,0,0
BRDA:248,24,0,0
BRDA:248,25,0,0
BRDA:248,25,1,0
BRDA:255,26,0,0
BRDA:255,26,1,0
BRDA:268,27,0,0
BRDA:282,28,0,0
BRDA:282,29,0,0
BRDA:282,29,1,0
BRDA:285,30,0,0
BRDA:285,30,1,0
BRDA:285,30,2,0
BRDA:286,31,0,0
BRDA:286,31,1,0
BRDA:286,32,0,0
BRDA:286,32,1,0
BRDA:297,33,0,0
BRDA:297,33,1,0
BRDA:310,34,0,0
BRDA:321,35,0,0
BRDA:340,36,0,0
BRDA:340,36,1,0
BRDA:353,37,0,0
BRDA:357,38,0,0
BRDA:369,39,0,0
BRDA:380,40,0,0
BRDA:380,40,1,0
BRDA:391,41,0,0
BRDA:392,42,0,0
BRDA:398,43,0,0
BRDA:408,44,0,0
BRDA:419,45,0,0
BRDA:433,46,0,0
BRDA:435,47,0,0
BRDA:443,48,0,0
BRDA:443,48,1,0
BRDA:454,49,0,0
BRDA:456,50,0,0
BRF:73
BRH:6
end_of_record
TN:
SF:src/core/message-queue.ts
FN:42,(anonymous_9)
FN:50,(anonymous_10)
FN:54,(anonymous_11)
FN:59,(anonymous_12)
FN:63,(anonymous_13)
FN:73,(anonymous_14)
FN:83,(anonymous_15)
FN:88,(anonymous_16)
FN:102,(anonymous_17)
FN:107,(anonymous_18)
FN:112,(anonymous_19)
FN:120,(anonymous_20)
FN:140,(anonymous_21)
FN:151,(anonymous_22)
FN:155,(anonymous_23)
FN:159,(anonymous_24)
FN:160,(anonymous_25)
FN:165,(anonymous_26)
FN:168,(anonymous_27)
FN:203,(anonymous_28)
FN:217,(anonymous_29)
FN:244,(anonymous_30)
FN:253,(anonymous_31)
FN:258,(anonymous_32)
FN:276,(anonymous_33)
FN:289,(anonymous_34)
FN:297,(anonymous_35)
FN:305,createMessageQueue
FN:318,generateMessageId
FN:325,createMessage
FNF:30
FNH:0
FNDA:0,(anonymous_9)
FNDA:0,(anonymous_10)
FNDA:0,(anonymous_11)
FNDA:0,(anonymous_12)
FNDA:0,(anonymous_13)
FNDA:0,(anonymous_14)
FNDA:0,(anonymous_15)
FNDA:0,(anonymous_16)
FNDA:0,(anonymous_17)
FNDA:0,(anonymous_18)
FNDA:0,(anonymous_19)
FNDA:0,(anonymous_20)
FNDA:0,(anonymous_21)
FNDA:0,(anonymous_22)
FNDA:0,(anonymous_23)
FNDA:0,(anonymous_24)
FNDA:0,(anonymous_25)
FNDA:0,(anonymous_26)
FNDA:0,(anonymous_27)
FNDA:0,(anonymous_28)
FNDA:0,(anonymous_29)
FNDA:0,(anonymous_30)
FNDA:0,(anonymous_31)
FNDA:0,(anonymous_32)
FNDA:0,(anonymous_33)
FNDA:0,(anonymous_34)
FNDA:0,(anonymous_35)
FNDA:0,createMessageQueue
FNDA:0,generateMessageId
FNDA:0,createMessage
DA:6,4
DA:7,4
DA:8,4
DA:10,4
DA:11,4
DA:38,4
DA:40,0
DA:43,0
DA:51,0
DA:55,0
DA:56,0
DA:60,0
DA:64,0
DA:65,0
DA:71,0
DA:73,0
DA:74,0
DA:75,0
DA:76,0
DA:78,0
DA:84,0
DA:89,0
DA:96,4
DA:98,0
DA:99,0
DA:100,0
DA:103,0
DA:104,0
DA:108,0
DA:109,0
DA:113,0
DA:114,0
DA:115,0
DA:117,0
DA:121,0
DA:122,0
DA:123,0
DA:125,0
DA:130,0
DA:131,0
DA:133,0
DA:141,0
DA:144,0
DA:145,0
DA:148,0
DA:152,0
DA:156,0
DA:160,0
DA:161,0
DA:166,0
DA:167,0
DA:168,0
DA:170,0
DA:171,0
DA:173,0
DA:174,0
DA:175,0
DA:177,0
DA:178,0
DA:179,0
DA:182,0
DA:185,0
DA:189,0
DA:197,4
DA:198,0
DA:199,0
DA:200,0
DA:204,0
DA:205,0
DA:207,0
DA:208,0
DA:210,0
DA:219,0
DA:220,0
DA:221,0
DA:222,0
DA:223,0
DA:224,0
DA:226,0
DA:230,0
DA:231,0
DA:232,0
DA:233,0
DA:234,0
DA:238,0
DA:245,0
DA:246,0
DA:248,0
DA:249,0
DA:254,0
DA:256,0
DA:257,0
DA:258,0
DA:262,0
DA:263,0
DA:265,0
DA:267,0
DA:268,0
DA:270,0
DA:277,0
DA:278,0
DA:280,0
DA:281,0
DA:283,0
DA:290,0
DA:291,0
DA:292,0
DA:293,0
DA:298,0
DA:305,4
DA:306,0
DA:318,4
DA:319,0
DA:325,4
DA:332,0
LF:115
LH:11
BRDA:44,0,0,0
BRDA:44,0,1,0
BRDA:45,1,0,0
BRDA:45,1,1,0
BRDA:64,2,0,0
BRDA:103,3,0,0
BRDA:103,3,1,0
BRDA:113,4,0,0
BRDA:144,5,0,0
BRDA:177,6,0,0
BRDA:177,7,0,0
BRDA:177,7,1,0
BRDA:204,8,0,0
BRDA:204,9,0,0
BRDA:204,9,1,0
BRDA:207,10,0,0
BRDA:207,11,0,0
BRDA:207,11,1,0
BRDA:219,12,0,0
BRDA:221,13,0,0
BRDA:230,14,0,0
BRDA:232,15,0,0
BRDA:245,16,0,0
BRDA:248,17,0,0
BRDA:254,18,0,0
BRDA:254,19,0,0
BRDA:254,19,1,0
BRDA:262,20,0,0
BRDA:267,21,0,0
BRDA:277,22,0,0
BRDA:277,23,0,0
BRDA:277,23,1,0
BRDA:280,24,0,0
BRDA:290,25,0,0
BRDA:290,25,1,0
BRDA:290,26,0,0
BRDA:290,26,1,0
BRDA:292,27,0,0
BRDA:307,28,0,0
BRDA:307,28,1,0
BRDA:308,29,0,0
BRDA:308,29,1,0
BRDA:308,29,2,0
BRDA:309,30,0,0
BRDA:309,30,1,0
BRDA:309,31,0,0
BRDA:309,31,1,0
BRDA:310,32,0,0
BRDA:310,32,1,0
BRDA:330,33,0,0
BRF:50
BRH:0
end_of_record
TN:
SF:src/core/redis-client.ts
FN:18,(anonymous_9)
FN:26,(anonymous_10)
FN:33,(anonymous_11)
FN:37,(anonymous_12)
FN:47,(anonymous_13)
FN:55,(anonymous_14)
FN:60,(anonymous_15)
FN:65,(anonymous_16)
FN:71,(anonymous_17)
FN:73,(anonymous_18)
FN:75,(anonymous_19)
FN:91,(anonymous_20)
FN:102,(anonymous_21)
FN:109,(anonymous_22)
FN:119,(anonymous_23)
FN:155,(anonymous_24)
FN:199,(anonymous_25)
FN:221,(anonymous_26)
FN:235,(anonymous_27)
FN:249,(anonymous_28)
FN:268,createRedisClient
FNF:21
FNH:9
FNDA:3,(anonymous_9)
FNDA:7,(anonymous_10)
FNDA:23,(anonymous_11)
FNDA:1,(anonymous_12)
FNDA:47,(anonymous_13)
FNDA:0,(anonymous_14)
FNDA:47,(anonymous_15)
FNDA:47,(anonymous_16)
FNDA:23,(anonymous_17)
FNDA:0,(anonymous_18)
FNDA:0,(anonymous_19)
FNDA:0,(anonymous_20)
FNDA:0,(anonymous_21)
FNDA:0,(anonymous_22)
FNDA:0,(anonymous_23)
FNDA:0,(anonymous_24)
FNDA:0,(anonymous_25)
FNDA:0,(anonymous_26)
FNDA:0,(anonymous_27)
FNDA:0,(anonymous_28)
FNDA:3,createRedisClient
DA:7,4
DA:11,4
DA:13,4
DA:14,3
DA:16,3
DA:20,3
DA:27,7
DA:34,23
DA:36,23
DA:37,2
DA:38,1
DA:41,23
DA:48,47
DA:49,8
DA:51,39
DA:55,23
DA:56,0
DA:57,0
DA:60,23
DA:61,47
DA:62,47
DA:65,23
DA:66,47
DA:67,47
DA:71,23
DA:72,23
DA:73,23
DA:74,23
DA:75,23
DA:79,0
DA:81,23
DA:92,0
DA:93,0
DA:94,0
DA:95,0
DA:103,0
DA:110,0
DA:111,0
DA:113,0
DA:120,0
DA:121,0
DA:127,0
DA:128,0
DA:129,0
DA:131,0
DA:141,0
DA:143,0
DA:145,0
DA:156,0
DA:157,0
DA:163,0
DA:164,0
DA:165,0
DA:167,0
DA:168,0
DA:169,0
DA:171,0
DA:172,0
DA:174,0
DA:175,0
DA:176,0
DA:179,0
DA:183,0
DA:187,0
DA:189,0
DA:200,0
DA:201,0
DA:207,0
DA:208,0
DA:209,0
DA:211,0
DA:225,0
DA:226,0
DA:232,0
DA:234,0
DA:235,0
DA:236,0
DA:239,0
DA:247,0
DA:249,0
DA:250,0
DA:251,0
DA:255,0
DA:257,0
DA:268,4
DA:269,3
DA:270,3
DA:271,3
DA:273,3
LF:89
LH:33
BRDA:36,0,0,1
BRDA:46,1,0,23
BRDA:46,1,1,23
BRDA:48,2,0,8
BRDA:72,3,0,23
BRDA:92,4,0,0
BRDA:103,5,0,0
BRDA:103,5,1,0
BRDA:110,6,0,0
BRDA:120,7,0,0
BRDA:156,8,0,0
BRDA:171,9,0,0
BRDA:171,9,1,0
BRDA:175,10,0,0
BRDA:175,10,1,0
BRDA:200,11,0,0
BRDA:225,12,0,0
BRDA:234,13,0,0
BRDA:250,14,0,0
BRDA:269,15,0,3
BRDA:269,15,1,3
BRDA:270,16,0,3
BRDA:270,16,1,3
BRF:23
BRH:9
end_of_record
TN:
SF:src/core/skill-executor.ts
FN:33,(anonymous_9)
FN:41,(anonymous_10)
FN:89,(anonymous_11)
FN:167,(anonymous_12)
FN:192,(anonymous_13)
FN:193,(anonymous_14)
FN:205,(anonymous_15)
FN:242,(anonymous_16)
FN:281,(anonymous_17)
FN:315,(anonymous_18)
FN:322,(anonymous_19)
FN:333,createSkillExecutor
FN:340,executeSkill
FN:353,listSkills
FNF:14
FNH:2
FNDA:3,(anonymous_9)
FNDA:0,(anonymous_10)
FNDA:0,(anonymous_11)
FNDA:0,(anonymous_12)
FNDA:0,(anonymous_13)
FNDA:0,(anonymous_14)
FNDA:0,(anonymous_15)
FNDA:0,(anonymous_16)
FNDA:0,(anonymous_17)
FNDA:0,(anonymous_18)
FNDA:0,(anonymous_19)
FNDA:3,createSkillExecutor
FNDA:0,executeSkill
FNDA:0,listSkills
DA:8,4
DA:9,4
DA:11,4
DA:12,4
DA:13,4
DA:29,4
DA:34,3
DA:35,3
DA:43,0
DA:44,0
DA:45,0
DA:48,0
DA:50,0
DA:52,0
DA:53,0
DA:60,0
DA:61,0
DA:64,0
DA:66,0
DA:67,0
DA:74,0
DA:76,0
DA:78,0
DA:79,0
DA:94,0
DA:97,0
DA:98,0
DA:99,0
DA:102,0
DA:104,0
DA:106,0
DA:112,0
DA:113,0
DA:115,0
DA:116,0
DA:117,0
DA:118,0
DA:121,0
DA:122,0
DA:123,0
DA:135,0
DA:138,0
DA:151,0
DA:152,0
DA:153,0
DA:172,0
DA:175,0
DA:178,0
DA:181,0
DA:186,0
DA:193,0
DA:194,0
DA:195,0
DA:196,0
DA:198,0
DA:207,0
DA:217,0
DA:218,0
DA:219,0
DA:220,0
DA:224,0
DA:225,0
DA:226,0
DA:231,0
DA:232,0
DA:233,0
DA:236,0
DA:246,0
DA:249,0
DA:250,0
DA:251,0
DA:252,0
DA:253,0
DA:254,0
DA:264,0
DA:265,0
DA:268,0
DA:282,0
DA:284,0
DA:285,0
DA:288,0
DA:297,0
DA:298,0
DA:299,0
DA:300,0
DA:301,0
DA:302,0
DA:303,0
DA:309,0
DA:316,0
DA:324,0
DA:326,0
DA:333,4
DA:334,3
DA:340,4
DA:346,0
DA:347,0
DA:353,4
DA:354,0
DA:355,0
LF:100
LH:12
BRDA:43,0,0,0
BRDA:52,1,0,0
BRDA:66,2,0,0
BRDA:78,3,0,0
BRDA:78,3,1,0
BRDA:98,4,0,0
BRDA:121,5,0,0
BRDA:151,6,0,0
BRDA:151,6,1,0
BRDA:182,7,0,0
BRDA:182,7,1,0
BRDA:195,8,0,0
BRDA:219,9,0,0
BRDA:225,10,0,0
BRDA:232,11,0,0
BRDA:249,12,0,0
BRDA:251,13,0,0
BRDA:251,14,0,0
BRDA:251,14,1,0
BRDA:253,15,0,0
BRDA:253,16,0,0
BRDA:253,16,1,0
BRDA:264,17,0,0
BRDA:269,18,0,0
BRDA:269,18,1,0
BRDA:270,19,0,0
BRDA:270,19,1,0
BRDA:271,20,0,0
BRDA:271,20,1,0
BRDA:284,21,0,0
BRDA:299,22,0,0
BRDA:302,23,0,0
BRF:32
BRH:0
end_of_record
TN:
SF:src/core/task-assigner.ts
FN:30,(anonymous_0)
FN:32,(anonymous_1)
FN:43,(anonymous_2)
FN:55,(anonymous_3)
FN:68,(anonymous_4)
FN:76,(anonymous_5)
FN:93,(anonymous_6)
FN:100,(anonymous_7)
FN:125,(anonymous_8)
FN:137,(anonymous_9)
FN:147,(anonymous_10)
FN:149,(anonymous_11)
FN:156,(anonymous_12)
FN:165,createTaskAssigner
FN:172,assignTicket
FN:180,sortTicketsByPriority
FNF:16
FNH:1
FNDA:0,(anonymous_0)
FNDA:0,(anonymous_1)
FNDA:0,(anonymous_2)
FNDA:0,(anonymous_3)
FNDA:0,(anonymous_4)
FNDA:0,(anonymous_5)
FNDA:0,(anonymous_6)
FNDA:0,(anonymous_7)
FNDA:0,(anonymous_8)
FNDA:0,(anonymous_9)
FNDA:0,(anonymous_10)
FNDA:0,(anonymous_11)
FNDA:0,(anonymous_12)
FNDA:3,createTaskAssigner
FNDA:0,assignTicket
FNDA:0,sortTicketsByPriority
DA:23,4
DA:32,0
DA:34,0
DA:35,0
DA:42,0
DA:43,0
DA:46,0
DA:47,0
DA:54,0
DA:55,0
DA:59,0
DA:70,0
DA:71,0
DA:75,0
DA:76,0
DA:77,0
DA:78,0
DA:79,0
DA:84,0
DA:94,0
DA:95,0
DA:97,0
DA:99,0
DA:100,0
DA:103,0
DA:105,0
DA:106,0
DA:112,0
DA:113,0
DA:117,0
DA:126,0
DA:133,0
DA:136,0
DA:137,0
DA:138,0
DA:141,0
DA:148,0
DA:149,0
DA:158,0
DA:165,4
DA:166,3
DA:172,4
DA:173,0
DA:174,0
DA:180,4
DA:181,0
DA:182,0
LF:47
LH:5
BRDA:34,0,0,0
BRDA:46,1,0,0
BRDA:70,2,0,0
BRDA:70,3,0,0
BRDA:70,3,1,0
BRDA:75,4,0,0
BRDA:75,5,0,0
BRDA:75,5,1,0
BRDA:78,6,0,0
BRDA:105,7,0,0
BRDA:105,8,0,0
BRDA:105,8,1,0
BRDA:133,9,0,0
BRDA:133,9,1,0
BRDA:137,10,0,0
BRDA:137,11,0,0
BRDA:137,11,1,0
BRF:17
BRH:0
end_of_record
TN:
SF:src/integration/openclaw-adapter.ts
FN:235,openCLAWToEKET
FN:255,eketToOpenCLAW
FN:269,workflowToEpic
FN:306,(anonymous_3)
FN:326,(anonymous_4)
FN:352,(anonymous_5)
FN:394,(anonymous_6)
FN:420,(anonymous_7)
FN:456,(anonymous_8)
FN:506,(anonymous_9)
FN:559,(anonymous_10)
FN:628,(anonymous_11)
FN:664,(anonymous_12)
FN:704,(anonymous_13)
FN:744,(anonymous_14)
FN:786,(anonymous_15)
FN:818,(anonymous_16)
FN:833,createOpenCLAWAdapter
FNF:18
FNH:10
FNDA:27,openCLAWToEKET
FNDA:0,eketToOpenCLAW
FNDA:16,workflowToEpic
FNDA:3,(anonymous_3)
FNDA:16,(anonymous_4)
FNDA:4,(anonymous_5)
FNDA:27,(anonymous_6)
FNDA:5,(anonymous_7)
FNDA:23,(anonymous_8)
FNDA:7,(anonymous_9)
FNDA:0,(anonymous_10)
FNDA:0,(anonymous_11)
FNDA:0,(anonymous_12)
FNDA:0,(anonymous_13)
FNDA:0,(anonymous_14)
FNDA:0,(anonymous_15)
FNDA:0,(anonymous_16)
FNDA:3,createOpenCLAWAdapter
DA:19,4
DA:21,4
DA:23,4
DA:25,4
DA:27,4
DA:184,4
DA:194,4
DA:204,4
DA:214,4
DA:235,4
DA:236,27
DA:237,27
DA:239,27
DA:255,4
DA:256,0
DA:269,4
DA:270,16
DA:299,4
DA:308,3
DA:311,3
DA:312,3
DA:313,3
DA:314,3
DA:327,16
DA:328,16
DA:333,16
DA:338,0
DA:339,0
DA:353,4
DA:357,4
DA:371,4
DA:376,0
DA:377,0
DA:395,27
DA:396,27
DA:401,27
DA:406,0
DA:407,0
DA:421,5
DA:425,5
DA:433,5
DA:438,0
DA:439,0
DA:457,23
DA:459,23
DA:460,23
DA:461,23
DA:465,0
DA:477,0
DA:478,0
DA:479,0
DA:483,0
DA:484,0
DA:487,0
DA:492,0
DA:493,0
DA:507,7
DA:509,7
DA:511,7
DA:512,7
DA:515,0
DA:516,0
DA:517,0
DA:524,0
DA:536,0
DA:541,0
DA:542,0
DA:564,0
DA:566,0
DA:567,0
DA:568,0
DA:572,0
DA:582,0
DA:584,0
DA:585,0
DA:595,0
DA:603,0
DA:609,0
DA:614,0
DA:615,0
DA:633,0
DA:634,0
DA:635,0
DA:642,0
DA:648,0
DA:650,0
DA:651,0
DA:665,0
DA:666,0
DA:667,0
DA:673,0
DA:687,0
DA:688,0
DA:690,0
DA:691,0
DA:705,0
DA:706,0
DA:707,0
DA:713,0
DA:727,0
DA:728,0
DA:730,0
DA:731,0
DA:748,0
DA:749,0
DA:750,0
DA:756,0
DA:768,0
DA:769,0
DA:771,0
DA:772,0
DA:787,0
DA:789,0
DA:790,0
DA:791,0
DA:795,0
DA:796,0
DA:797,0
DA:798,0
DA:802,0
DA:804,0
DA:805,0
DA:819,0
DA:820,0
DA:833,4
DA:836,3
LF:126
LH:44
BRDA:236,0,0,27
BRDA:236,0,1,0
BRDA:237,1,0,27
BRDA:237,1,1,0
BRDA:243,2,0,27
BRDA:243,2,1,0
BRDA:244,3,0,27
BRDA:244,3,1,22
BRDA:247,4,0,27
BRDA:247,4,1,0
BRDA:248,5,0,27
BRDA:248,5,1,0
BRDA:259,6,0,0
BRDA:259,6,1,0
BRDA:261,7,0,0
BRDA:261,7,1,0
BRDA:262,8,0,0
BRDA:262,8,1,0
BRDA:274,9,0,16
BRDA:274,9,1,1
BRDA:276,10,0,16
BRDA:276,10,1,0
BRDA:277,11,0,16
BRDA:277,11,1,0
BRDA:312,12,0,3
BRDA:312,12,1,3
BRDA:314,13,0,3
BRDA:314,13,1,0
BRDA:338,14,0,0
BRDA:338,14,1,0
BRDA:376,15,0,0
BRDA:376,15,1,0
BRDA:406,16,0,0
BRDA:406,16,1,0
BRDA:438,17,0,0
BRDA:438,17,1,0
BRDA:460,18,0,23
BRDA:469,19,0,0
BRDA:469,19,1,0
BRDA:478,20,0,0
BRDA:483,21,0,0
BRDA:492,22,0,0
BRDA:492,22,1,0
BRDA:511,23,0,7
BRDA:516,24,0,0
BRDA:532,25,0,0
BRDA:532,25,1,0
BRDA:532,25,2,0
BRDA:533,26,0,0
BRDA:533,26,1,0
BRDA:541,27,0,0
BRDA:541,27,1,0
BRDA:567,28,0,0
BRDA:576,29,0,0
BRDA:576,29,1,0
BRDA:584,30,0,0
BRDA:584,31,0,0
BRDA:584,31,1,0
BRDA:589,32,0,0
BRDA:589,32,1,0
BRDA:614,33,0,0
BRDA:614,33,1,0
BRDA:634,34,0,0
BRDA:650,35,0,0
BRDA:650,35,1,0
BRDA:666,36,0,0
BRDA:690,37,0,0
BRDA:690,37,1,0
BRDA:706,38,0,0
BRDA:730,39,0,0
BRDA:730,39,1,0
BRDA:749,40,0,0
BRDA:771,41,0,0
BRDA:771,41,1,0
BRDA:790,42,0,0
BRDA:795,43,0,0
BRDA:797,44,0,0
BRDA:804,45,0,0
BRDA:804,45,1,0
BRDA:820,46,0,0
BRDA:834,47,0,0
BRDA:837,48,0,3
BRDA:837,48,1,0
BRDA:838,49,0,3
BRDA:838,49,1,0
BRF:85
BRH:18
end_of_record
TN:
SF:src/skills/loader.ts
FN:26,(anonymous_9)
FN:46,(anonymous_10)
FN:109,(anonymous_11)
FN:147,(anonymous_12)
FN:158,(anonymous_13)
FN:167,(anonymous_14)
FN:186,(anonymous_15)
FN:197,(anonymous_16)
FN:208,(anonymous_17)
FN:223,(anonymous_18)
FN:226,(anonymous_19)
FN:249,(anonymous_20)
FN:277,(anonymous_21)
FN:308,(anonymous_22)
FN:347,(anonymous_23)
FN:374,(anonymous_24)
FN:388,(anonymous_25)
FN:396,(anonymous_26)
FN:406,(anonymous_27)
FN:414,(anonymous_28)
FN:418,(anonymous_29)
FN:425,(anonymous_30)
FN:439,createSkillLoader
FN:446,loadSkillsFromDirectory
FN:457,loadSkill
FNF:25
FNH:16
FNDA:45,(anonymous_9)
FNDA:20,(anonymous_10)
FNDA:18,(anonymous_11)
FNDA:1,(anonymous_12)
FNDA:2,(anonymous_13)
FNDA:17,(anonymous_14)
FNDA:0,(anonymous_15)
FNDA:0,(anonymous_16)
FNDA:16,(anonymous_17)
FNDA:0,(anonymous_18)
FNDA:0,(anonymous_19)
FNDA:0,(anonymous_20)
FNDA:0,(anonymous_21)
FNDA:0,(anonymous_22)
FNDA:16,(anonymous_23)
FNDA:16,(anonymous_24)
FNDA:160,(anonymous_25)
FNDA:16,(anonymous_26)
FNDA:96,(anonymous_27)
FNDA:0,(anonymous_28)
FNDA:0,(anonymous_29)
FNDA:4,(anonymous_30)
FNDA:45,createSkillLoader
FNDA:2,loadSkillsFromDirectory
FNDA:2,loadSkill
DA:8,1
DA:9,1
DA:16,1
DA:28,45
DA:37,45
DA:38,45
DA:47,20
DA:52,20
DA:53,20
DA:59,0
DA:66,0
DA:68,0
DA:70,0
DA:72,0
DA:73,0
DA:75,0
DA:76,0
DA:77,0
DA:78,0
DA:79,0
DA:81,0
DA:84,0
DA:85,0
DA:89,0
DA:95,0
DA:96,0
DA:111,18
DA:112,17
DA:113,17
DA:114,0
DA:119,18
DA:120,18
DA:121,2
DA:125,16
DA:126,16
DA:128,16
DA:129,16
DA:132,16
DA:133,0
DA:136,16
DA:139,16
DA:149,1
DA:152,1
DA:159,2
DA:160,2
DA:161,2
DA:168,17
DA:170,17
DA:171,17
DA:175,0
DA:176,0
DA:177,0
DA:180,0
DA:187,0
DA:194,0
DA:197,0
DA:198,0
DA:199,0
DA:200,0
DA:210,16
DA:212,16
DA:213,16
DA:214,16
DA:217,0
DA:224,0
DA:226,0
DA:229,0
DA:231,0
DA:233,0
DA:234,0
DA:235,0
DA:239,0
DA:241,0
DA:242,0
DA:251,0
DA:252,0
DA:256,0
DA:257,0
DA:258,0
DA:259,0
DA:264,0
DA:265,0
DA:267,0
DA:268,0
DA:271,0
DA:278,0
DA:279,0
DA:282,0
DA:285,0
DA:286,0
DA:289,0
DA:290,0
DA:293,0
DA:294,0
DA:298,0
DA:299,0
DA:302,0
DA:309,0
DA:311,0
DA:312,0
DA:314,0
DA:315,0
DA:317,0
DA:319,0
DA:320,0
DA:324,0
DA:325,0
DA:326,0
DA:328,0
DA:330,0
DA:333,0
DA:338,0
DA:341,0
DA:349,16
DA:362,16
DA:363,288
DA:364,0
DA:368,16
DA:375,16
DA:388,16
DA:389,160
DA:397,16
DA:406,16
DA:407,96
DA:415,0
DA:418,0
DA:429,4
DA:439,1
DA:440,45
DA:446,1
DA:450,2
DA:451,2
DA:457,1
DA:461,2
DA:462,2
LF:135
LH:53
BRDA:47,0,0,1
BRDA:47,0,1,19
BRDA:52,1,0,20
BRDA:77,2,0,0
BRDA:77,2,1,0
BRDA:95,3,0,0
BRDA:95,3,1,0
BRDA:111,4,0,17
BRDA:113,5,0,0
BRDA:120,6,0,2
BRDA:132,7,0,0
BRDA:132,8,0,16
BRDA:132,8,1,0
BRDA:170,9,0,17
BRDA:175,10,0,0
BRDA:199,11,0,0
BRDA:212,12,0,16
BRDA:231,13,0,0
BRDA:234,14,0,0
BRDA:251,15,0,0
BRDA:251,16,0,0
BRDA:251,16,1,0
BRDA:258,17,0,0
BRDA:267,18,0,0
BRDA:267,19,0,0
BRDA:267,19,1,0
BRDA:278,20,0,0
BRDA:278,21,0,0
BRDA:278,21,1,0
BRDA:285,22,0,0
BRDA:289,23,0,0
BRDA:293,24,0,0
BRDA:298,25,0,0
BRDA:317,26,0,0
BRDA:317,26,1,0
BRDA:319,27,0,0
BRDA:319,28,0,0
BRDA:319,28,1,0
BRDA:324,29,0,0
BRDA:328,30,0,0
BRDA:330,31,0,0
BRDA:330,32,0,0
BRDA:330,32,1,0
BRDA:330,32,2,0
BRDA:363,33,0,0
BRF:45
BRH:8
end_of_record
TN:
SF:src/skills/registry.ts
FN:32,(anonymous_0)
FN:54,(anonymous_1)
FN:95,(anonymous_2)
FN:110,(anonymous_3)
FN:118,(anonymous_4)
FN:144,(anonymous_5)
FN:153,(anonymous_6)
FN:175,(anonymous_7)
FN:207,(anonymous_8)
FN:218,(anonymous_9)
FN:233,(anonymous_10)
FN:241,(anonymous_11)
FN:261,(anonymous_12)
FN:270,(anonymous_13)
FN:277,(anonymous_14)
FN:311,(anonymous_15)
FN:336,(anonymous_16)
FN:358,createSkillsRegistry
FN:383,getGlobalSkillsRegistry
FN:393,resetGlobalSkillsRegistry
FN:412,(anonymous_20)
FN:413,(anonymous_21)
FN:417,(anonymous_22)
FN:418,(anonymous_23)
FN:421,(anonymous_24)
FN:421,(anonymous_25)
FN:423,(anonymous_26)
FN:423,(anonymous_27)
FNF:28
FNH:20
FNDA:90,(anonymous_0)
FNDA:70,(anonymous_1)
FNDA:40,(anonymous_2)
FNDA:5,(anonymous_3)
FNDA:10,(anonymous_4)
FNDA:3,(anonymous_5)
FNDA:11,(anonymous_6)
FNDA:3,(anonymous_7)
FNDA:24,(anonymous_8)
FNDA:7,(anonymous_9)
FNDA:3,(anonymous_10)
FNDA:8,(anonymous_11)
FNDA:5,(anonymous_12)
FNDA:5,(anonymous_13)
FNDA:4,(anonymous_14)
FNDA:69,(anonymous_15)
FNDA:212,(anonymous_16)
FNDA:90,createSkillsRegistry
FNDA:5,getGlobalSkillsRegistry
FNDA:57,resetGlobalSkillsRegistry
FNDA:0,(anonymous_20)
FNDA:0,(anonymous_21)
FNDA:0,(anonymous_22)
FNDA:0,(anonymous_23)
FNDA:0,(anonymous_24)
FNDA:0,(anonymous_25)
FNDA:0,(anonymous_26)
FNDA:0,(anonymous_27)
DA:10,2
DA:16,2
DA:33,90
DA:34,90
DA:35,90
DA:36,90
DA:39,90
DA:46,90
DA:55,70
DA:58,70
DA:59,3
DA:60,1
DA:65,2
DA:66,2
DA:70,69
DA:71,4
DA:78,65
DA:81,65
DA:82,65
DA:83,53
DA:85,65
DA:87,65
DA:96,40
DA:98,40
DA:99,7
DA:100,7
DA:103,33
DA:111,5
DA:119,10
DA:121,10
DA:123,9
DA:126,9
DA:127,9
DA:128,9
DA:129,9
DA:130,9
DA:131,7
DA:135,9
DA:145,3
DA:154,11
DA:155,11
DA:157,11
DA:158,5
DA:161,6
DA:162,6
DA:163,8
DA:164,8
DA:165,8
DA:169,6
DA:176,3
DA:177,3
DA:178,3
DA:181,3
DA:182,2
DA:183,2
DA:185,0
DA:189,3
DA:190,3
DA:191,3
DA:192,3
DA:194,3
DA:195,0
DA:198,3
DA:208,24
DA:209,24
DA:210,24
DA:219,7
DA:221,7
DA:222,4
DA:223,4
DA:226,3
DA:234,3
DA:242,8
DA:244,8
DA:245,7
DA:246,7
DA:248,1
DA:251,7
DA:252,7
DA:253,7
DA:262,5
DA:271,5
DA:285,4
DA:287,4
DA:288,4
DA:292,4
DA:293,4
DA:294,3
DA:295,3
DA:298,4
DA:313,69
DA:314,1
DA:317,68
DA:318,1
DA:321,67
DA:322,1
DA:326,66
DA:327,1
DA:330,65
DA:337,212
DA:338,5
DA:341,207
DA:342,207
DA:344,0
DA:345,0
DA:347,12
DA:348,12
DA:350,195
DA:358,2
DA:359,90
DA:365,2
DA:383,2
DA:384,5
DA:385,4
DA:387,5
DA:393,2
DA:394,57
DA:411,2
DA:412,2
DA:413,2
DA:416,2
DA:417,2
DA:418,2
DA:421,2
DA:423,2
LF:125
LH:121
BRDA:58,0,0,3
BRDA:59,1,0,1
BRDA:70,2,0,4
BRDA:82,3,0,53
BRDA:98,4,0,7
BRDA:121,5,0,9
BRDA:128,6,0,9
BRDA:130,7,0,7
BRDA:157,8,0,5
BRDA:164,9,0,8
BRDA:185,10,0,0
BRDA:185,10,1,0
BRDA:194,11,0,0
BRDA:221,12,0,4
BRDA:244,13,0,7
BRDA:295,14,0,3
BRDA:295,14,1,1
BRDA:313,15,0,1
BRDA:313,16,0,69
BRDA:313,16,1,68
BRDA:317,17,0,1
BRDA:317,18,0,68
BRDA:317,18,1,67
BRDA:321,19,0,1
BRDA:326,20,0,1
BRDA:336,21,0,200
BRDA:337,22,0,5
BRDA:342,23,0,0
BRDA:342,23,1,12
BRDA:342,23,2,195
BRDA:384,24,0,4
BRF:31
BRH:27
end_of_record
TN:
SF:src/skills/types.ts
FN:14,(anonymous_0)
FNF:1
FNH:1
FNDA:3,(anonymous_0)
DA:14,3
DA:15,3
DA:16,3
DA:17,3
DA:18,3
DA:19,3
DA:20,3
DA:21,3
DA:22,3
DA:23,3
DA:24,3
LF:11
LH:11
BRDA:14,0,0,3
BRDA:14,0,1,3
BRF:2
BRH:2
end_of_record
TN:
SF:src/skills/unified-interface.ts
FN:60,(anonymous_0)
FN:82,(anonymous_1)
FN:184,(anonymous_2)
FN:196,(anonymous_3)
FN:208,(anonymous_4)
FN:215,(anonymous_5)
FN:225,(anonymous_6)
FN:232,(anonymous_7)
FN:242,(anonymous_8)
FN:279,(anonymous_9)
FN:286,(anonymous_10)
FN:290,(anonymous_11)
FN:291,(anonymous_12)
FN:302,(anonymous_13)
FN:315,(anonymous_14)
FN:325,createUnifiedSkillInterface
FN:342,(anonymous_16)
FN:346,(anonymous_17)
FN:353,(anonymous_18)
FN:370,(anonymous_19)
FN:380,(anonymous_20)
FN:393,(anonymous_21)
FN:398,(anonymous_22)
FN:408,(anonymous_23)
FN:418,(anonymous_24)
FN:422,(anonymous_25)
FNF:26
FNH:25
FNDA:32,(anonymous_0)
FNDA:31,(anonymous_1)
FNDA:29,(anonymous_2)
FNDA:24,(anonymous_3)
FNDA:8,(anonymous_4)
FNDA:1,(anonymous_5)
FNDA:8,(anonymous_6)
FNDA:1,(anonymous_7)
FNDA:6,(anonymous_8)
FNDA:0,(anonymous_9)
FNDA:29,(anonymous_10)
FNDA:29,(anonymous_11)
FNDA:1,(anonymous_12)
FNDA:57,(anonymous_13)
FNDA:25,(anonymous_14)
FNDA:32,createUnifiedSkillInterface
FNDA:3,(anonymous_16)
FNDA:1,(anonymous_17)
FNDA:2,(anonymous_18)
FNDA:3,(anonymous_19)
FNDA:1,(anonymous_20)
FNDA:7,(anonymous_21)
FNDA:4,(anonymous_22)
FNDA:5,(anonymous_23)
FNDA:8,(anonymous_24)
FNDA:1,(anonymous_25)
DA:19,1
DA:20,1
DA:42,1
DA:61,32
DA:63,32
DA:72,32
DA:73,32
DA:74,32
DA:83,31
DA:85,31
DA:87,31
DA:89,31
DA:90,1
DA:98,30
DA:111,30
DA:118,30
DA:119,29
DA:123,29
DA:124,28
DA:133,29
DA:136,25
DA:137,24
DA:141,25
DA:142,24
DA:151,25
DA:154,25
DA:161,5
DA:164,5
DA:165,5
DA:173,5
DA:186,29
DA:187,5
DA:188,5
DA:198,24
DA:199,4
DA:200,4
DA:209,8
DA:216,1
DA:217,1
DA:218,1
DA:226,8
DA:233,1
DA:234,1
DA:235,1
DA:247,6
DA:248,6
DA:249,6
DA:251,6
DA:252,5
DA:253,5
DA:255,5
DA:256,5
DA:257,5
DA:258,5
DA:261,6
DA:262,6
DA:263,5
DA:269,6
DA:280,0
DA:290,29
DA:291,29
DA:292,1
DA:296,29
DA:303,57
DA:304,10
DA:305,10
DA:307,2
DA:318,25
DA:325,1
DA:328,32
DA:339,1
DA:343,3
DA:347,1
DA:348,1
DA:349,1
DA:354,2
DA:355,2
DA:356,2
DA:358,2
DA:359,1
DA:369,1
DA:372,3
DA:373,2
DA:374,2
DA:375,1
DA:389,1
DA:394,7
DA:395,7
DA:399,4
DA:400,4
DA:402,4
DA:404,0
DA:409,5
DA:410,4
DA:411,4
DA:419,8
DA:423,1
LF:97
LH:95
BRDA:61,0,0,32
BRDA:61,0,1,0
BRDA:89,1,0,1
BRDA:99,2,0,30
BRDA:99,2,1,29
BRDA:118,3,0,29
BRDA:123,4,0,28
BRDA:136,5,0,24
BRDA:141,6,0,24
BRDA:161,7,0,4
BRDA:161,7,1,1
BRDA:164,8,0,5
BRDA:187,9,0,5
BRDA:199,10,0,4
BRDA:217,11,0,1
BRDA:234,12,0,1
BRDA:252,13,0,5
BRDA:271,14,0,4
BRDA:271,14,1,2
BRDA:342,15,0,0
BRDA:347,16,0,1
BRDA:347,17,0,1
BRDA:347,17,1,1
BRDA:354,18,0,2
BRDA:354,19,0,2
BRDA:354,19,1,1
BRDA:355,20,0,1
BRDA:355,20,1,1
BRDA:358,21,0,1
BRDA:358,22,0,2
BRDA:358,22,1,1
BRDA:372,23,0,2
BRDA:374,24,0,1
BRDA:393,25,0,0
BRDA:402,26,0,0
BRDA:402,27,0,4
BRDA:402,27,1,0
BRDA:409,28,0,4
BRF:38
BRH:33
end_of_record
TN:
SF:src/skills/adapters/claude-code-adapter.ts
FN:72,(anonymous_9)
FN:82,(anonymous_10)
FN:112,(anonymous_11)
FN:135,(anonymous_12)
FN:138,(anonymous_13)
FN:171,(anonymous_14)
FN:193,(anonymous_15)
FN:227,(anonymous_16)
FN:261,(anonymous_17)
FN:309,(anonymous_18)
FN:322,(anonymous_19)
FN:323,(anonymous_20)
FN:326,(anonymous_21)
FN:342,(anonymous_22)
FN:345,(anonymous_23)
FN:357,(anonymous_24)
FN:360,(anonymous_25)
FN:399,(anonymous_26)
FN:415,(anonymous_27)
FN:423,createClaudeCodeAdapter
FNF:20
FNH:20
FNDA:41,(anonymous_9)
FNDA:33,(anonymous_10)
FNDA:3,(anonymous_11)
FNDA:6,(anonymous_12)
FNDA:8,(anonymous_13)
FNDA:5,(anonymous_14)
FNDA:4,(anonymous_15)
FNDA:2,(anonymous_16)
FNDA:3,(anonymous_17)
FNDA:9,(anonymous_18)
FNDA:9,(anonymous_19)
FNDA:9,(anonymous_20)
FNDA:1,(anonymous_21)
FNDA:32,(anonymous_22)
FNDA:266,(anonymous_23)
FNDA:266,(anonymous_24)
FNDA:239,(anonymous_25)
FNDA:64,(anonymous_26)
FNDA:6,(anonymous_27)
FNDA:41,createClaudeCodeAdapter
DA:8,3
DA:9,3
DA:10,3
DA:13,3
DA:58,3
DA:59,41
DA:60,41
DA:73,41
DA:74,41
DA:75,41
DA:76,41
DA:83,33
DA:85,33
DA:86,32
DA:89,32
DA:90,32
DA:93,32
DA:95,32
DA:100,1
DA:101,1
DA:114,3
DA:115,3
DA:116,3
DA:120,3
DA:121,2
DA:122,2
DA:124,3
DA:126,3
DA:136,6
DA:137,6
DA:138,8
DA:140,6
DA:141,2
DA:145,4
DA:146,4
DA:148,4
DA:149,4
DA:152,3
DA:154,3
DA:156,1
DA:157,1
DA:158,0
DA:160,1
DA:172,5
DA:173,5
DA:174,5
DA:177,5
DA:178,5
DA:179,4
DA:181,1
DA:182,1
DA:194,4
DA:196,4
DA:198,4
DA:205,4
DA:208,4
DA:210,3
DA:211,2
DA:214,1
DA:216,1
DA:217,1
DA:218,1
DA:220,0
DA:228,2
DA:230,2
DA:232,2
DA:239,2
DA:242,2
DA:244,2
DA:245,1
DA:248,1
DA:250,0
DA:251,0
DA:252,0
DA:254,0
DA:265,3
DA:266,3
DA:268,3
DA:270,3
DA:278,3
DA:281,3
DA:283,3
DA:284,1
DA:291,2
DA:297,0
DA:298,0
DA:310,9
DA:311,9
DA:314,9
DA:315,9
DA:316,9
DA:323,9
DA:324,9
DA:326,9
DA:327,1
DA:328,1
DA:331,9
DA:343,32
DA:345,32
DA:346,266
DA:347,266
DA:358,266
DA:359,266
DA:360,239
DA:362,239
DA:363,239
DA:366,239
DA:369,239
DA:370,239
DA:372,228
DA:375,11
DA:376,11
DA:377,11
DA:380,10
DA:381,10
DA:382,10
DA:385,10
DA:388,1
DA:400,64
DA:401,64
DA:403,0
DA:404,0
DA:416,6
DA:423,3
DA:424,41
LF:125
LH:115
BRDA:74,0,0,41
BRDA:74,0,1,39
BRDA:75,1,0,41
BRDA:75,1,1,39
BRDA:114,2,0,3
BRDA:140,3,0,2
BRDA:157,4,0,0
BRDA:210,5,0,2
BRDA:210,6,0,3
BRDA:210,6,1,2
BRDA:217,7,0,1
BRDA:244,8,0,1
BRDA:244,9,0,2
BRDA:244,9,1,1
BRDA:251,10,0,0
BRDA:283,11,0,1
BRDA:324,12,0,9
BRDA:324,12,1,8
BRDA:370,13,0,228
BRF:19
BRH:17
end_of_record
TN:
SF:src/skills/adapters/codex-adapter.ts
FN:73,(anonymous_0)
FN:92,(anonymous_1)
FN:113,(anonymous_2)
FN:123,(anonymous_3)
FN:137,(anonymous_4)
FN:155,(anonymous_5)
FN:158,(anonymous_6)
FN:172,(anonymous_7)
FN:202,(anonymous_8)
FN:220,(anonymous_9)
FN:262,(anonymous_10)
FN:271,createCodexAdapter
FNF:12
FNH:11
FNDA:43,(anonymous_0)
FNDA:31,(anonymous_1)
FNDA:1,(anonymous_2)
FNDA:6,(anonymous_3)
FNDA:4,(anonymous_4)
FNDA:5,(anonymous_5)
FNDA:3,(anonymous_6)
FNDA:11,(anonymous_7)
FNDA:53,(anonymous_8)
FNDA:0,(anonymous_9)
FNDA:58,(anonymous_10)
FNDA:2,createCodexAdapter
DA:10,3
DA:65,3
DA:66,43
DA:67,43
DA:71,43
DA:74,43
DA:75,43
DA:81,43
DA:84,43
DA:85,3
DA:93,31
DA:95,31
DA:96,23
DA:101,8
DA:102,8
DA:114,1
DA:124,6
DA:125,6
DA:127,4
DA:128,0
DA:131,4
DA:137,4
DA:144,4
DA:145,4
DA:146,2
DA:148,2
DA:156,5
DA:157,5
DA:158,3
DA:160,2
DA:161,2
DA:176,11
DA:178,11
DA:179,11
DA:184,9
DA:190,2
DA:191,2
DA:203,53
DA:205,53
DA:211,53
DA:212,53
DA:213,53
DA:219,49
DA:220,6
DA:221,6
DA:228,43
DA:230,42
DA:231,2
DA:238,40
DA:239,1
DA:245,39
DA:247,14
DA:248,9
DA:250,5
DA:251,5
DA:263,58
DA:264,58
DA:271,3
DA:272,2
LF:59
LH:58
BRDA:84,0,0,3
BRDA:127,1,0,0
BRDA:145,2,0,2
BRDA:145,3,0,4
BRDA:145,3,1,3
BRDA:219,4,0,6
BRDA:230,5,0,2
BRDA:232,6,0,2
BRDA:232,6,1,0
BRDA:233,7,0,2
BRDA:233,7,1,0
BRDA:238,8,0,1
BRDA:247,9,0,9
BRF:13
BRH:10
end_of_record
TN:
SF:src/skills/adapters/factory.ts
FN:31,(anonymous_0)
FN:64,(anonymous_1)
FN:75,(anonymous_2)
FN:94,(anonymous_3)
FNF:4
FNH:0
FNDA:0,(anonymous_0)
FNDA:0,(anonymous_1)
FNDA:0,(anonymous_2)
FNDA:0,(anonymous_3)
DA:15,2
DA:16,2
DA:17,2
DA:18,2
DA:23,2
DA:39,0
DA:41,0
DA:44,0
DA:47,0
DA:50,0
DA:65,0
DA:83,0
DA:84,0
DA:85,0
DA:95,0
DA:98,0
DA:99,0
DA:101,0
DA:102,0
DA:104,0
DA:105,0
DA:109,0
DA:111,0
DA:112,0
DA:113,0
DA:115,0
DA:116,0
DA:118,0
DA:119,0
DA:121,0
DA:125,0
DA:126,0
DA:127,0
DA:129,0
DA:133,0
DA:134,0
DA:135,0
DA:137,0
DA:138,0
DA:140,0
DA:144,0
DA:147,0
DA:157,2
DA:159,2
LF:44
LH:7
BRDA:39,0,0,0
BRDA:39,0,1,0
BRDA:39,0,2,0
BRDA:39,0,3,0
BRDA:98,1,0,0
BRDA:98,2,0,0
BRDA:98,2,1,0
BRDA:101,3,0,0
BRDA:101,4,0,0
BRDA:101,4,1,0
BRDA:104,5,0,0
BRDA:104,6,0,0
BRDA:104,6,1,0
BRDA:109,7,0,0
BRDA:109,7,1,0
BRDA:109,7,2,0
BRDA:109,7,3,0
BRDA:112,8,0,0
BRDA:115,9,0,0
BRDA:118,10,0,0
BRDA:126,11,0,0
BRDA:134,12,0,0
BRDA:137,13,0,0
BRF:23
BRH:0
end_of_record
TN:
SF:src/skills/adapters/openclaw-adapter.ts
FN:59,(anonymous_0)
FN:75,(anonymous_1)
FN:96,(anonymous_2)
FN:106,(anonymous_3)
FN:120,(anonymous_4)
FN:138,(anonymous_5)
FN:155,(anonymous_6)
FN:185,(anonymous_7)
FN:210,(anonymous_8)
FN:249,(anonymous_9)
FN:258,createOpenCLAWAdapter
FNF:11
FNH:10
FNDA:33,(anonymous_0)
FNDA:24,(anonymous_1)
FNDA:1,(anonymous_2)
FNDA:4,(anonymous_3)
FNDA:3,(anonymous_4)
FNDA:3,(anonymous_5)
FNDA:11,(anonymous_6)
FNDA:42,(anonymous_7)
FNDA:0,(anonymous_8)
FNDA:42,(anonymous_9)
FNDA:1,createOpenCLAWAdapter
DA:15,3
DA:50,3
DA:51,33
DA:52,33
DA:57,33
DA:60,33
DA:61,33
DA:62,33
DA:67,33
DA:68,2
DA:76,24
DA:78,24
DA:79,19
DA:84,5
DA:85,5
DA:97,1
DA:107,4
DA:108,4
DA:110,2
DA:111,0
DA:114,2
DA:120,3
DA:127,2
DA:128,2
DA:129,1
DA:131,1
DA:139,3
DA:140,3
DA:141,2
DA:143,1
DA:144,1
DA:159,11
DA:161,11
DA:162,11
DA:167,9
DA:173,2
DA:174,2
DA:186,42
DA:188,42
DA:201,42
DA:202,42
DA:203,42
DA:209,38
DA:210,3
DA:211,3
DA:218,35
DA:220,34
DA:221,1
DA:228,33
DA:229,1
DA:232,32
DA:234,10
DA:235,5
DA:237,5
DA:238,5
DA:250,42
DA:251,42
DA:258,3
DA:259,1
LF:59
LH:58
BRDA:61,0,0,32
BRDA:61,0,1,1
BRDA:67,1,0,2
BRDA:110,2,0,0
BRDA:128,3,0,1
BRDA:128,4,0,2
BRDA:128,4,1,2
BRDA:141,5,0,2
BRDA:141,5,1,0
BRDA:197,6,0,42
BRDA:197,6,1,40
BRDA:209,7,0,3
BRDA:220,8,0,1
BRDA:222,9,0,1
BRDA:222,9,1,0
BRDA:223,10,0,1
BRDA:223,10,1,0
BRDA:228,11,0,1
BRDA:234,12,0,5
BRF:19
BRH:15
end_of_record
TN:
SF:src/skills/design/api_design.ts
FN:220,(anonymous_0)
FN:242,(anonymous_1)
FN:330,generateBasePath
FN:343,determineMethods
FN:368,generateEndpoints
FN:604,generateSchemas
FN:662,generateOpenApiSpec
FN:694,(anonymous_7)
FN:700,(anonymous_8)
FN:728,(anonymous_9)
FN:780,generateExamples
FN:785,(anonymous_11)
FN:802,generateCurlRequest
FNF:13
FNH:13
FNDA:10,(anonymous_0)
FNDA:25,(anonymous_1)
FNDA:25,generateBasePath
FNDA:23,determineMethods
FNDA:25,generateEndpoints
FNDA:25,generateSchemas
FNDA:25,generateOpenApiSpec
FNDA:56,(anonymous_7)
FNDA:104,(anonymous_8)
FNDA:116,(anonymous_9)
FNDA:25,generateExamples
FNDA:54,(anonymous_11)
FNDA:54,generateCurlRequest
DA:9,1
DA:161,1
DA:221,10
DA:222,2
DA:225,8
DA:227,8
DA:228,2
DA:231,6
DA:232,3
DA:235,3
DA:236,1
DA:239,2
DA:245,25
DA:246,25
DA:248,25
DA:256,25
DA:258,25
DA:261,25
DA:262,25
DA:265,25
DA:266,25
DA:269,25
DA:270,25
DA:273,25
DA:276,25
DA:284,25
DA:293,25
DA:295,25
DA:297,25
DA:313,0
DA:314,0
DA:316,0
DA:332,25
DA:337,25
DA:344,23
DA:345,23
DA:348,23
DA:349,1
DA:353,23
DA:354,1
DA:358,23
DA:359,1
DA:362,23
DA:374,25
DA:377,25
DA:378,25
DA:432,25
DA:462,25
DA:463,2
DA:492,25
DA:493,1
DA:531,25
DA:532,1
DA:569,25
DA:570,2
DA:598,25
DA:608,25
DA:652,25
DA:653,1
DA:656,25
DA:669,25
DA:694,56
DA:700,104
DA:728,116
DA:785,54
DA:803,54
DA:805,54
DA:806,52
DA:807,52
DA:810,54
DA:811,3
DA:812,3
DA:813,3
DA:814,3
DA:817,54
DA:823,1
LF:76
LH:73
BRDA:221,0,0,2
BRDA:221,1,0,10
BRDA:221,1,1,8
BRDA:227,2,0,2
BRDA:227,3,0,8
BRDA:227,3,1,7
BRDA:231,4,0,3
BRDA:231,5,0,6
BRDA:231,5,1,4
BRDA:235,6,0,1
BRDA:253,7,0,23
BRDA:255,8,0,24
BRDA:265,9,0,25
BRDA:265,9,1,23
BRDA:276,10,0,24
BRDA:276,10,1,1
BRDA:313,11,0,0
BRDA:313,11,1,0
BRDA:348,12,0,1
BRDA:353,13,0,1
BRDA:358,14,0,1
BRDA:377,15,0,25
BRDA:462,16,0,2
BRDA:492,17,0,1
BRDA:531,18,0,1
BRDA:569,19,0,2
BRDA:652,20,0,1
BRDA:686,21,0,24
BRDA:686,21,1,1
BRDA:709,22,0,4
BRDA:709,22,1,52
BRDA:763,23,0,24
BRDA:763,23,1,1
BRDA:805,24,0,52
BRDA:810,25,0,3
BRF:35
BRH:33
end_of_record
TN:
SF:src/skills/development/frontend_development.ts
FN:146,(anonymous_0)
FN:164,(anonymous_1)
FN:257,generateTypes
FN:291,generateComponent
FN:314,generateReactComponent
FN:395,generateVueComponent
FN:471,generateStyle
FN:492,generateTest
FN:511,generateFiles
FN:562,generateDependencies
FN:594,generateUsageExample
FN:657,toPascalCase
FN:661,(anonymous_12)
FN:668,propTypeToTsType
FN:684,vuePropType
FN:700,generatePropDefaults
FNF:16
FNH:16
FNDA:8,(anonymous_0)
FNDA:34,(anonymous_1)
FNDA:34,generateTypes
FNDA:34,generateComponent
FNDA:29,generateReactComponent
FNDA:5,generateVueComponent
FNDA:33,generateStyle
FNDA:33,generateTest
FNDA:34,generateFiles
FNDA:34,generateDependencies
FNDA:34,generateUsageExample
FNDA:169,toPascalCase
FNDA:184,(anonymous_12)
FNDA:11,propTypeToTsType
FNDA:2,vuePropType
FNDA:3,generatePropDefaults
DA:9,1
DA:76,1
DA:147,8
DA:148,2
DA:151,6
DA:153,6
DA:154,3
DA:157,3
DA:158,1
DA:161,2
DA:167,34
DA:168,34
DA:170,34
DA:181,34
DA:183,34
DA:186,34
DA:187,34
DA:190,34
DA:198,34
DA:202,34
DA:203,33
DA:204,33
DA:209,34
DA:210,33
DA:211,33
DA:215,34
DA:218,34
DA:221,34
DA:223,34
DA:225,34
DA:240,0
DA:241,0
DA:243,0
DA:258,34
DA:260,34
DA:262,34
DA:263,4
DA:265,4
DA:266,11
DA:267,1
DA:270,11
DA:271,11
DA:273,11
DA:274,2
DA:278,4
DA:280,30
DA:281,30
DA:282,30
DA:285,34
DA:299,34
DA:300,34
DA:302,34
DA:303,29
DA:304,5
DA:305,5
DA:308,0
DA:321,29
DA:323,29
DA:324,29
DA:325,29
DA:326,0
DA:328,29
DA:330,29
DA:331,29
DA:332,1
DA:334,29
DA:336,29
DA:337,3
DA:340,29
DA:342,29
DA:344,28
DA:345,3
DA:347,25
DA:350,28
DA:351,1
DA:352,1
DA:355,28
DA:356,28
DA:357,28
DA:358,28
DA:359,28
DA:360,28
DA:361,28
DA:364,1
DA:366,1
DA:367,0
DA:369,1
DA:372,1
DA:373,0
DA:374,0
DA:375,0
DA:378,1
DA:379,1
DA:380,1
DA:381,1
DA:382,1
DA:383,1
DA:384,1
DA:385,1
DA:386,1
DA:389,29
DA:401,5
DA:402,5
DA:403,5
DA:404,0
DA:406,5
DA:408,5
DA:409,5
DA:410,5
DA:411,5
DA:412,5
DA:413,5
DA:415,5
DA:416,5
DA:417,5
DA:418,1
DA:420,5
DA:422,5
DA:423,1
DA:424,1
DA:425,1
DA:426,1
DA:428,1
DA:429,2
DA:430,2
DA:431,2
DA:432,1
DA:434,2
DA:435,1
DA:437,2
DA:440,1
DA:443,5
DA:445,5
DA:446,1
DA:447,1
DA:450,5
DA:451,5
DA:452,1
DA:454,5
DA:455,5
DA:456,5
DA:457,5
DA:459,5
DA:460,5
DA:461,5
DA:462,5
DA:463,5
DA:465,5
DA:472,33
DA:474,33
DA:476,2
DA:479,2
DA:482,1
DA:485,28
DA:497,33
DA:499,33
DA:500,28
DA:501,5
DA:502,5
DA:505,0
DA:518,34
DA:519,34
DA:522,34
DA:523,34
DA:531,34
DA:538,34
DA:539,33
DA:540,33
DA:548,34
DA:549,33
DA:556,34
DA:563,34
DA:566,34
DA:567,29
DA:568,5
DA:569,5
DA:573,34
DA:574,2
DA:575,32
DA:576,2
DA:580,34
DA:581,33
DA:582,28
DA:583,5
DA:584,5
DA:588,34
DA:599,34
DA:601,34
DA:602,29
DA:603,29
DA:604,29
DA:605,29
DA:606,29
DA:607,29
DA:609,29
DA:610,3
DA:611,3
DA:612,9
DA:613,9
DA:615,3
DA:618,29
DA:619,29
DA:620,29
DA:622,29
DA:623,5
DA:624,5
DA:625,5
DA:626,5
DA:627,5
DA:629,5
DA:630,1
DA:631,1
DA:632,2
DA:633,2
DA:635,1
DA:638,5
DA:639,5
DA:640,5
DA:641,5
DA:642,5
DA:643,5
DA:644,5
DA:645,5
DA:646,5
DA:648,5
DA:651,0
DA:658,169
DA:661,184
DA:669,11
DA:678,11
DA:685,2
DA:694,2
DA:701,3
DA:703,3
DA:705,3
DA:706,9
DA:707,1
DA:708,8
DA:709,0
DA:713,3
DA:719,1
LF:241
LH:228
BRDA:147,0,0,2
BRDA:147,1,0,8
BRDA:147,1,1,6
BRDA:153,2,0,3
BRDA:153,3,0,6
BRDA:153,3,1,4
BRDA:157,4,0,1
BRDA:173,5,0,31
BRDA:174,6,0,18
BRDA:177,7,0,31
BRDA:178,8,0,27
BRDA:179,9,0,28
BRDA:180,10,0,30
BRDA:202,11,0,33
BRDA:209,12,0,33
BRDA:240,13,0,0
BRDA:240,13,1,0
BRDA:262,14,0,4
BRDA:262,14,1,30
BRDA:262,15,0,34
BRDA:262,15,1,5
BRDA:266,16,0,1
BRDA:270,17,0,9
BRDA:270,17,1,2
BRDA:273,18,0,2
BRDA:302,19,0,29
BRDA:302,19,1,5
BRDA:304,20,0,5
BRDA:321,21,0,29
BRDA:321,21,1,4
BRDA:325,22,0,0
BRDA:331,23,0,1
BRDA:336,24,0,3
BRDA:342,25,0,28
BRDA:342,25,1,1
BRDA:344,26,0,3
BRDA:344,26,1,25
BRDA:350,27,0,1
BRDA:366,28,0,0
BRDA:366,28,1,1
BRDA:372,29,0,0
BRDA:403,30,0,0
BRDA:417,31,0,1
BRDA:422,32,0,1
BRDA:422,33,0,5
BRDA:422,33,1,1
BRDA:431,34,0,1
BRDA:434,35,0,1
BRDA:445,36,0,1
BRDA:451,37,0,1
BRDA:474,38,0,2
BRDA:474,38,1,2
BRDA:474,38,2,1
BRDA:474,38,3,28
BRDA:499,39,0,28
BRDA:499,39,1,5
BRDA:501,40,0,5
BRDA:522,41,0,34
BRDA:538,42,0,33
BRDA:539,43,0,3
BRDA:539,43,1,30
BRDA:539,44,0,3
BRDA:539,44,1,27
BRDA:548,45,0,33
BRDA:566,46,0,29
BRDA:566,46,1,5
BRDA:568,47,0,5
BRDA:573,48,0,2
BRDA:573,48,1,32
BRDA:575,49,0,2
BRDA:580,50,0,33
BRDA:581,51,0,28
BRDA:581,51,1,5
BRDA:583,52,0,5
BRDA:597,53,0,0
BRDA:601,54,0,29
BRDA:601,54,1,5
BRDA:609,55,0,3
BRDA:609,56,0,29
BRDA:609,56,1,4
BRDA:612,57,0,3
BRDA:612,57,1,6
BRDA:612,58,0,1
BRDA:612,58,1,5
BRDA:612,59,0,5
BRDA:612,59,1,5
BRDA:623,60,0,5
BRDA:629,61,0,1
BRDA:629,62,0,5
BRDA:629,62,1,1
BRDA:632,63,0,2
BRDA:632,63,1,2
BRDA:678,64,0,11
BRDA:678,64,1,0
BRDA:694,65,0,2
BRDA:694,65,1,0
BRDA:701,66,0,0
BRDA:706,67,0,1
BRDA:706,67,1,8
BRDA:706,68,0,9
BRDA:706,68,1,1
BRDA:708,69,0,0
BRF:102
BRH:91
end_of_record
TN:
SF:src/skills/requirements/requirement_decomposition.ts
FN:113,(anonymous_0)
FN:133,(anonymous_1)
FN:158,(anonymous_2)
FN:202,analyzeComplexity
FN:229,(anonymous_4)
FN:263,identifyComponents
FN:292,decomposeToTasks
FN:333,(anonymous_7)
FN:333,(anonymous_8)
FN:352,createComponentTask
FN:445,analyzeDependencies
FN:448,(anonymous_11)
FN:454,(anonymous_12)
FN:461,generateSuggestedOrder
FN:468,visit
FN:477,(anonymous_15)
FN:488,(anonymous_16)
FN:500,identifyRisks
FN:513,(anonymous_18)
FN:519,(anonymous_19)
FNF:20
FNH:20
FNDA:12,(anonymous_0)
FNDA:22,(anonymous_1)
FNDA:117,(anonymous_2)
FNDA:22,analyzeComplexity
FNDA:220,(anonymous_4)
FNDA:22,identifyComponents
FNDA:22,decomposeToTasks
FNDA:73,(anonymous_7)
FNDA:29,(anonymous_8)
FNDA:29,createComponentTask
FNDA:22,analyzeDependencies
FNDA:117,(anonymous_11)
FNDA:80,(anonymous_12)
FNDA:22,generateSuggestedOrder
FNDA:197,visit
FNDA:192,(anonymous_15)
FNDA:117,(anonymous_16)
FNDA:22,identifyRisks
FNDA:117,(anonymous_18)
FNDA:117,(anonymous_19)
DA:9,1
DA:55,1
DA:114,12
DA:115,4
DA:118,8
DA:121,8
DA:122,4
DA:126,4
DA:127,1
DA:130,3
DA:136,22
DA:137,22
DA:139,22
DA:140,22
DA:142,22
DA:145,22
DA:146,22
DA:149,22
DA:150,22
DA:153,22
DA:154,22
DA:157,22
DA:158,117
DA:163,22
DA:166,22
DA:169,22
DA:171,22
DA:173,22
DA:185,0
DA:186,0
DA:188,0
DA:203,22
DA:204,22
DA:207,22
DA:208,22
DA:209,2
DA:210,2
DA:211,20
DA:212,0
DA:216,22
DA:229,22
DA:230,220
DA:233,22
DA:234,3
DA:235,3
DA:236,19
DA:237,4
DA:241,22
DA:242,22
DA:243,0
DA:244,0
DA:248,22
DA:249,22
DA:250,0
DA:251,0
DA:254,22
DA:264,22
DA:267,22
DA:280,22
DA:281,220
DA:282,29
DA:286,22
DA:296,22
DA:299,22
DA:309,22
DA:319,22
DA:320,29
DA:321,29
DA:322,29
DA:327,22
DA:333,73
DA:337,22
DA:346,22
DA:364,29
DA:427,29
DA:428,29
DA:429,0
DA:432,29
DA:447,22
DA:448,22
DA:449,117
DA:453,22
DA:454,117
DA:464,22
DA:465,22
DA:469,197
DA:470,80
DA:473,117
DA:476,117
DA:477,192
DA:478,80
DA:479,80
DA:483,117
DA:484,117
DA:488,22
DA:489,117
DA:490,117
DA:494,22
DA:505,22
DA:508,22
DA:509,0
DA:513,117
DA:514,22
DA:515,2
DA:519,117
DA:520,22
DA:521,17
DA:525,22
DA:526,22
DA:527,127
DA:528,1
DA:529,1
DA:533,22
DA:539,1
LF:114
LH:104
BRDA:114,0,0,4
BRDA:114,1,0,12
BRDA:114,1,1,10
BRDA:121,2,0,4
BRDA:121,3,0,8
BRDA:121,3,1,5
BRDA:126,4,0,1
BRDA:185,5,0,0
BRDA:185,5,1,0
BRDA:208,6,0,2
BRDA:208,6,1,20
BRDA:211,7,0,0
BRDA:233,8,0,3
BRDA:233,8,1,19
BRDA:236,9,0,4
BRDA:242,10,0,0
BRDA:242,11,0,22
BRDA:242,11,1,0
BRDA:249,12,0,0
BRDA:249,13,0,22
BRDA:249,13,1,0
BRDA:281,14,0,29
BRDA:321,15,0,29
BRDA:428,16,0,0
BRDA:469,17,0,80
BRDA:478,18,0,80
BRDA:489,19,0,117
BRDA:508,20,0,0
BRDA:514,21,0,2
BRDA:520,22,0,17
BRDA:527,23,0,1
BRF:31
BRH:22
end_of_record
TN:
SF:src/types/index.ts
FN:291,(anonymous_0)
FN:402,(anonymous_1)
FN:421,isEketError
FNF:3
FNH:2
FNDA:9,(anonymous_0)
FNDA:83,(anonymous_1)
FNDA:0,isEketError
DA:291,9
DA:293,9
DA:294,9
DA:295,9
DA:298,9
DA:299,9
DA:302,9
DA:303,9
DA:306,9
DA:307,9
DA:308,9
DA:311,9
DA:312,9
DA:315,9
DA:318,9
DA:319,9
DA:320,9
DA:321,9
DA:324,9
DA:327,9
DA:330,9
DA:331,9
DA:332,9
DA:333,9
DA:334,9
DA:335,9
DA:338,9
DA:339,9
DA:340,9
DA:343,9
DA:344,9
DA:345,9
DA:348,9
DA:349,9
DA:350,9
DA:351,9
DA:352,9
DA:355,9
DA:358,9
DA:359,9
DA:360,9
DA:363,9
DA:364,9
DA:365,9
DA:366,9
DA:369,9
DA:370,9
DA:371,9
DA:372,9
DA:375,9
DA:376,9
DA:377,9
DA:378,9
DA:379,9
DA:380,9
DA:381,9
DA:384,9
DA:385,9
DA:386,9
DA:387,9
DA:388,9
DA:398,9
DA:403,83
DA:404,83
DA:405,83
DA:406,83
DA:409,83
DA:410,83
DA:416,9
DA:421,9
DA:422,0
LF:71
LH:70
BRDA:291,0,0,9
BRDA:291,0,1,9
BRDA:409,1,0,83
BRF:3
BRH:3
end_of_record
TN:
SF:src/utils/execFileNoThrow.ts
FN:29,execFileNoThrow
FN:41,(anonymous_1)
FN:78,isAbortError
FN:88,getStdout
FN:99,getStderr
FN:113,getStatus
FN:127,execFileWithOutput
FN:132,(anonymous_7)
FN:137,(anonymous_8)
FN:140,(anonymous_9)
FN:143,(anonymous_10)
FN:146,(anonymous_11)
FN:149,(anonymous_12)
FN:157,(anonymous_13)
FN:166,(anonymous_14)
FNF:15
FNH:0
FNDA:0,execFileNoThrow
FNDA:0,(anonymous_1)
FNDA:0,isAbortError
FNDA:0,getStdout
FNDA:0,getStderr
FNDA:0,getStatus
FNDA:0,execFileWithOutput
FNDA:0,(anonymous_7)
FNDA:0,(anonymous_8)
FNDA:0,(anonymous_9)
FNDA:0,(anonymous_10)
FNDA:0,(anonymous_11)
FNDA:0,(anonymous_12)
FNDA:0,(anonymous_13)
FNDA:0,(anonymous_14)
DA:6,4
DA:7,4
DA:9,4
DA:29,4
DA:38,0
DA:40,0
DA:41,0
DA:43,0
DA:44,0
DA:49,0
DA:50,0
DA:56,0
DA:59,0
DA:60,0
DA:67,0
DA:79,0
DA:89,0
DA:90,0
DA:91,0
DA:93,0
DA:100,0
DA:101,0
DA:102,0
DA:104,0
DA:105,0
DA:107,0
DA:114,0
DA:115,0
DA:116,0
DA:118,0
DA:127,4
DA:132,0
DA:133,0
DA:134,0
DA:135,0
DA:137,0
DA:138,0
DA:139,0
DA:140,0
DA:143,0
DA:144,0
DA:145,0
DA:146,0
DA:149,0
DA:150,0
DA:157,0
DA:158,0
DA:166,0
DA:167,0
LF:49
LH:5
BRDA:31,0,0,0
BRDA:32,1,0,0
BRDA:35,2,0,0
BRDA:36,3,0,0
BRDA:59,4,0,0
BRDA:79,5,0,0
BRDA:79,5,1,0
BRDA:79,5,2,0
BRDA:79,5,3,0
BRDA:89,6,0,0
BRDA:89,7,0,0
BRDA:89,7,1,0
BRDA:89,7,2,0
BRDA:91,8,0,0
BRDA:91,8,1,0
BRDA:100,9,0,0
BRDA:100,10,0,0
BRDA:100,10,1,0
BRDA:100,10,2,0
BRDA:102,11,0,0
BRDA:102,11,1,0
BRDA:104,12,0,0
BRDA:114,13,0,0
BRDA:114,14,0,0
BRDA:114,14,1,0
BRDA:114,14,2,0
BRDA:116,15,0,0
BRDA:116,15,1,0
BRDA:161,16,0,0
BRDA:161,16,1,0
BRF:30
BRH:0
end_of_record
TN:
SF:src/utils/yaml-parser.ts
FN:11,parseYAMLValue
FN:36,(anonymous_1)
FN:55,parseSimpleYAML
FN:102,toSimpleYAML
FN:131,formatYAMLValue
FNF:5
FNH:0
FNDA:0,parseYAMLValue
FNDA:0,(anonymous_1)
FNDA:0,parseSimpleYAML
FNDA:0,toSimpleYAML
FNDA:0,formatYAMLValue
DA:11,4
DA:12,0
DA:15,0
DA:16,0
DA:19,0
DA:21,0
DA:25,0
DA:26,0
DA:28,0
DA:29,0
DA:33,0
DA:34,0
DA:35,0
DA:36,0
DA:40,0
DA:55,4
DA:56,0
DA:57,0
DA:62,0
DA:64,0
DA:66,0
DA:67,0
DA:70,0
DA:71,0
DA:72,0
DA:75,0
DA:76,0
DA:77,0
DA:80,0
DA:81,0
DA:84,0
DA:86,0
DA:88,0
DA:91,0
DA:92,0
DA:96,0
DA:102,4
DA:103,0
DA:104,0
DA:106,0
DA:107,0
DA:108,0
DA:109,0
DA:110,0
DA:111,0
DA:112,0
DA:113,0
DA:114,0
DA:115,0
DA:117,0
DA:121,0
DA:125,0
DA:132,0
DA:133,0
DA:135,0
DA:136,0
DA:138,0
DA:139,0
DA:141,0
DA:143,0
DA:144,0
DA:146,0
DA:148,0
LF:63
LH:3
BRDA:15,0,0,0
BRDA:16,1,0,0
BRDA:19,2,0,0
BRDA:19,3,0,0
BRDA:19,3,1,0
BRDA:19,3,2,0
BRDA:19,3,3,0
BRDA:25,4,0,0
BRDA:28,5,0,0
BRDA:33,6,0,0
BRDA:33,7,0,0
BRDA:33,7,1,0
BRDA:35,8,0,0
BRDA:66,9,0,0
BRDA:66,10,0,0
BRDA:66,10,1,0
BRDA:71,11,0,0
BRDA:80,12,0,0
BRDA:80,12,1,0
BRDA:86,13,0,0
BRDA:86,13,1,0
BRDA:102,14,0,0
BRDA:107,15,0,0
BRDA:107,15,1,0
BRDA:107,16,0,0
BRDA:107,16,1,0
BRDA:107,16,2,0
BRDA:110,17,0,0
BRDA:110,17,1,0
BRDA:113,18,0,0
BRDA:113,18,1,0
BRDA:113,19,0,0
BRDA:113,19,1,0
BRDA:132,20,0,0
BRDA:132,21,0,0
BRDA:132,21,1,0
BRDA:135,22,0,0
BRDA:136,23,0,0
BRDA:136,23,1,0
BRDA:138,24,0,0
BRDA:141,25,0,0
BRDA:143,26,0,0
BRDA:143,27,0,0
BRDA:143,27,1,0
BRDA:143,27,2,0
BRF:45
BRH:0
end_of_record
